ARM GAS  C:\Users\VIKRAM~1\AppData\Local\Temp\ccNFUHPX.s 			page 1


   1              		.syntax unified
   2              		.cpu cortex-m3
   3              		.fpu softvfp
   4              		.eabi_attribute 20, 1
   5              		.eabi_attribute 21, 1
   6              		.eabi_attribute 23, 3
   7              		.eabi_attribute 24, 1
   8              		.eabi_attribute 25, 1
   9              		.eabi_attribute 26, 1
  10              		.eabi_attribute 30, 1
  11              		.eabi_attribute 34, 1
  12              		.eabi_attribute 18, 4
  13              		.thumb
  14              		.syntax unified
  15              		.file	"cymetadata.c"
  16              		.text
  17              	.Ltext0:
  18              		.cfi_sections	.debug_frame
  19              		.global	cy_metadata
  20              		.global	cy_meta_flashprotect
  21              		.global	cy_meta_wonvl
  22              		.global	cy_meta_custnvl
  23              		.global	cy_meta_configecc
  24              		.section	.cyconfigecc,"a",%progbits
  25              		.align	2
  26              		.type	cy_meta_configecc, %object
  27              		.size	cy_meta_configecc, 2056
  28              	cy_meta_configecc:
  29 0000 01       		.byte	1
  30 0001 45       		.byte	69
  31 0002 00       		.byte	0
  32 0003 40       		.byte	64
  33 0004 04       		.byte	4
  34 0005 52       		.byte	82
  35 0006 00       		.byte	0
  36 0007 40       		.byte	64
  37 0008 01       		.byte	1
  38 0009 5B       		.byte	91
  39 000a 00       		.byte	0
  40 000b 40       		.byte	64
  41 000c 03       		.byte	3
  42 000d 64       		.byte	100
  43 000e 00       		.byte	0
  44 000f 40       		.byte	64
  45 0010 02       		.byte	2
  46 0011 65       		.byte	101
  47 0012 00       		.byte	0
  48 0013 40       		.byte	64
  49 0014 01       		.byte	1
  50 0015 03       		.byte	3
  51 0016 01       		.byte	1
  52 0017 40       		.byte	64
  53 0018 06       		.byte	6
  54 0019 05       		.byte	5
  55 001a 01       		.byte	1
  56 001b 40       		.byte	64
  57 001c 34       		.byte	52
ARM GAS  C:\Users\VIKRAM~1\AppData\Local\Temp\ccNFUHPX.s 			page 2


  58 001d 06       		.byte	6
  59 001e 01       		.byte	1
  60 001f 40       		.byte	64
  61 0020 34       		.byte	52
  62 0021 07       		.byte	7
  63 0022 01       		.byte	1
  64 0023 40       		.byte	64
  65 0024 2B       		.byte	43
  66 0025 08       		.byte	8
  67 0026 01       		.byte	1
  68 0027 40       		.byte	64
  69 0028 46       		.byte	70
  70 0029 09       		.byte	9
  71 002a 01       		.byte	1
  72 002b 40       		.byte	64
  73 002c 28       		.byte	40
  74 002d 0A       		.byte	10
  75 002e 01       		.byte	1
  76 002f 40       		.byte	64
  77 0030 41       		.byte	65
  78 0031 0B       		.byte	11
  79 0032 01       		.byte	1
  80 0033 40       		.byte	64
  81 0034 44       		.byte	68
  82 0035 0C       		.byte	12
  83 0036 01       		.byte	1
  84 0037 40       		.byte	64
  85 0038 3D       		.byte	61
  86 0039 0D       		.byte	13
  87 003a 01       		.byte	1
  88 003b 40       		.byte	64
  89 003c 23       		.byte	35
  90 003d 0E       		.byte	14
  91 003e 01       		.byte	1
  92 003f 40       		.byte	64
  93 0040 2E       		.byte	46
  94 0041 0F       		.byte	15
  95 0042 01       		.byte	1
  96 0043 40       		.byte	64
  97 0044 02       		.byte	2
  98 0045 15       		.byte	21
  99 0046 01       		.byte	1
 100 0047 40       		.byte	64
 101 0048 0B       		.byte	11
 102 0049 16       		.byte	22
 103 004a 01       		.byte	1
 104 004b 40       		.byte	64
 105 004c 32       		.byte	50
 106 004d 17       		.byte	23
 107 004e 01       		.byte	1
 108 004f 40       		.byte	64
 109 0050 2A       		.byte	42
 110 0051 18       		.byte	24
 111 0052 01       		.byte	1
 112 0053 40       		.byte	64
 113 0054 42       		.byte	66
 114 0055 19       		.byte	25
ARM GAS  C:\Users\VIKRAM~1\AppData\Local\Temp\ccNFUHPX.s 			page 3


 115 0056 01       		.byte	1
 116 0057 40       		.byte	64
 117 0058 0C       		.byte	12
 118 0059 1A       		.byte	26
 119 005a 01       		.byte	1
 120 005b 40       		.byte	64
 121 005c 42       		.byte	66
 122 005d 1B       		.byte	27
 123 005e 01       		.byte	1
 124 005f 40       		.byte	64
 125 0060 08       		.byte	8
 126 0061 40       		.byte	64
 127 0062 01       		.byte	1
 128 0063 40       		.byte	64
 129 0064 08       		.byte	8
 130 0065 41       		.byte	65
 131 0066 01       		.byte	1
 132 0067 40       		.byte	64
 133 0068 08       		.byte	8
 134 0069 42       		.byte	66
 135 006a 01       		.byte	1
 136 006b 40       		.byte	64
 137 006c 01       		.byte	1
 138 006d 43       		.byte	67
 139 006e 01       		.byte	1
 140 006f 40       		.byte	64
 141 0070 02       		.byte	2
 142 0071 44       		.byte	68
 143 0072 01       		.byte	1
 144 0073 40       		.byte	64
 145 0074 03       		.byte	3
 146 0075 45       		.byte	69
 147 0076 01       		.byte	1
 148 0077 40       		.byte	64
 149 0078 0A       		.byte	10
 150 0079 46       		.byte	70
 151 007a 01       		.byte	1
 152 007b 40       		.byte	64
 153 007c 04       		.byte	4
 154 007d 47       		.byte	71
 155 007e 01       		.byte	1
 156 007f 40       		.byte	64
 157 0080 04       		.byte	4
 158 0081 48       		.byte	72
 159 0082 01       		.byte	1
 160 0083 40       		.byte	64
 161 0084 01       		.byte	1
 162 0085 49       		.byte	73
 163 0086 01       		.byte	1
 164 0087 40       		.byte	64
 165 0088 01       		.byte	1
 166 0089 4C       		.byte	76
 167 008a 01       		.byte	1
 168 008b 40       		.byte	64
 169 008c 06       		.byte	6
 170 008d 4D       		.byte	77
 171 008e 01       		.byte	1
ARM GAS  C:\Users\VIKRAM~1\AppData\Local\Temp\ccNFUHPX.s 			page 4


 172 008f 40       		.byte	64
 173 0090 0A       		.byte	10
 174 0091 50       		.byte	80
 175 0092 01       		.byte	1
 176 0093 40       		.byte	64
 177 0094 02       		.byte	2
 178 0095 51       		.byte	81
 179 0096 01       		.byte	1
 180 0097 40       		.byte	64
 181 0098 03       		.byte	3
 182 0099 01       		.byte	1
 183 009a 01       		.byte	1
 184 009b 02       		.byte	2
 185 009c 10       		.byte	16
 186 009d 10       		.byte	16
 187 009e 60       		.byte	96
 188 009f 80       		.byte	-128
 189 00a0 64       		.byte	100
 190 00a1 40       		.byte	64
 191 00a2 27       		.byte	39
 192 00a3 84       		.byte	-124
 193 00a4 87       		.byte	-121
 194 00a5 0D       		.byte	13
 195 00a6 8A       		.byte	-118
 196 00a7 01       		.byte	1
 197 00a8 8D       		.byte	-115
 198 00a9 0F       		.byte	15
 199 00aa 89       		.byte	-119
 200 00ab 38       		.byte	56
 201 00ac 8A       		.byte	-118
 202 00ad 72       		.byte	114
 203 00ae E6       		.byte	-26
 204 00af 04       		.byte	4
 205 00b0 81       		.byte	-127
 206 00b1 04       		.byte	4
 207 00b2 87       		.byte	-121
 208 00b3 08       		.byte	8
 209 00b4 88       		.byte	-120
 210 00b5 80       		.byte	-128
 211 00b6 E0       		.byte	-32
 212 00b7 20       		.byte	32
 213 00b8 E4       		.byte	-28
 214 00b9 02       		.byte	2
 215 00ba EA       		.byte	-22
 216 00bb 08       		.byte	8
 217 00bc 04       		.byte	4
 218 00bd 01       		.byte	1
 219 00be 10       		.byte	16
 220 00bf 01       		.byte	1
 221 00c0 14       		.byte	20
 222 00c1 01       		.byte	1
 223 00c2 1A       		.byte	26
 224 00c3 01       		.byte	1
 225 00c4 1C       		.byte	28
 226 00c5 01       		.byte	1
 227 00c6 20       		.byte	32
 228 00c7 01       		.byte	1
ARM GAS  C:\Users\VIKRAM~1\AppData\Local\Temp\ccNFUHPX.s 			page 5


 229 00c8 28       		.byte	40
 230 00c9 01       		.byte	1
 231 00ca 32       		.byte	50
 232 00cb 01       		.byte	1
 233 00cc 58       		.byte	88
 234 00cd 04       		.byte	4
 235 00ce 59       		.byte	89
 236 00cf 04       		.byte	4
 237 00d0 5C       		.byte	92
 238 00d1 11       		.byte	17
 239 00d2 5F       		.byte	95
 240 00d3 01       		.byte	1
 241 00d4 86       		.byte	-122
 242 00d5 01       		.byte	1
 243 00d6 87       		.byte	-121
 244 00d7 01       		.byte	1
 245 00d8 92       		.byte	-110
 246 00d9 02       		.byte	2
 247 00da 9B       		.byte	-101
 248 00db 01       		.byte	1
 249 00dc 9C       		.byte	-100
 250 00dd 08       		.byte	8
 251 00de A6       		.byte	-90
 252 00df 0D       		.byte	13
 253 00e0 B0       		.byte	-80
 254 00e1 08       		.byte	8
 255 00e2 B2       		.byte	-78
 256 00e3 01       		.byte	1
 257 00e4 B3       		.byte	-77
 258 00e5 01       		.byte	1
 259 00e6 B4       		.byte	-76
 260 00e7 02       		.byte	2
 261 00e8 B6       		.byte	-74
 262 00e9 04       		.byte	4
 263 00ea BF       		.byte	-65
 264 00eb 04       		.byte	4
 265 00ec C0       		.byte	-64
 266 00ed 20       		.byte	32
 267 00ee C1       		.byte	-63
 268 00ef 06       		.byte	6
 269 00f0 C5       		.byte	-59
 270 00f1 D1       		.byte	-47
 271 00f2 C7       		.byte	-57
 272 00f3 02       		.byte	2
 273 00f4 C8       		.byte	-56
 274 00f5 13       		.byte	19
 275 00f6 C9       		.byte	-55
 276 00f7 FF       		.byte	-1
 277 00f8 CA       		.byte	-54
 278 00f9 FF       		.byte	-1
 279 00fa CB       		.byte	-53
 280 00fb FF       		.byte	-1
 281 00fc CD       		.byte	-51
 282 00fd A0       		.byte	-96
 283 00fe CF       		.byte	-49
 284 00ff 04       		.byte	4
 285 0100 D0       		.byte	-48
ARM GAS  C:\Users\VIKRAM~1\AppData\Local\Temp\ccNFUHPX.s 			page 6


 286 0101 18       		.byte	24
 287 0102 D2       		.byte	-46
 288 0103 80       		.byte	-128
 289 0104 D4       		.byte	-44
 290 0105 05       		.byte	5
 291 0106 D8       		.byte	-40
 292 0107 04       		.byte	4
 293 0108 D9       		.byte	-39
 294 0109 04       		.byte	4
 295 010a DA       		.byte	-38
 296 010b 04       		.byte	4
 297 010c DB       		.byte	-37
 298 010d 04       		.byte	4
 299 010e DC       		.byte	-36
 300 010f 10       		.byte	16
 301 0110 DF       		.byte	-33
 302 0111 01       		.byte	1
 303 0112 E0       		.byte	-32
 304 0113 40       		.byte	64
 305 0114 E2       		.byte	-30
 306 0115 C0       		.byte	-64
 307 0116 E4       		.byte	-28
 308 0117 40       		.byte	64
 309 0118 E5       		.byte	-27
 310 0119 40       		.byte	64
 311 011a E6       		.byte	-26
 312 011b C0       		.byte	-64
 313 011c E8       		.byte	-24
 314 011d C0       		.byte	-64
 315 011e EA       		.byte	-22
 316 011f C0       		.byte	-64
 317 0120 EC       		.byte	-20
 318 0121 C0       		.byte	-64
 319 0122 EE       		.byte	-18
 320 0123 C0       		.byte	-64
 321 0124 00       		.byte	0
 322 0125 04       		.byte	4
 323 0126 05       		.byte	5
 324 0127 08       		.byte	8
 325 0128 09       		.byte	9
 326 0129 02       		.byte	2
 327 012a 0A       		.byte	10
 328 012b 01       		.byte	1
 329 012c 0C       		.byte	12
 330 012d 40       		.byte	64
 331 012e 0D       		.byte	13
 332 012f 04       		.byte	4
 333 0130 0E       		.byte	14
 334 0131 48       		.byte	72
 335 0132 10       		.byte	16
 336 0133 20       		.byte	32
 337 0134 16       		.byte	22
 338 0135 88       		.byte	-120
 339 0136 18       		.byte	24
 340 0137 04       		.byte	4
 341 0138 19       		.byte	25
 342 0139 10       		.byte	16
ARM GAS  C:\Users\VIKRAM~1\AppData\Local\Temp\ccNFUHPX.s 			page 7


 343 013a 1A       		.byte	26
 344 013b 81       		.byte	-127
 345 013c 1B       		.byte	27
 346 013d 08       		.byte	8
 347 013e 1D       		.byte	29
 348 013f 04       		.byte	4
 349 0140 22       		.byte	34
 350 0141 04       		.byte	4
 351 0142 28       		.byte	40
 352 0143 40       		.byte	64
 353 0144 29       		.byte	41
 354 0145 28       		.byte	40
 355 0146 2A       		.byte	42
 356 0147 80       		.byte	-128
 357 0148 2F       		.byte	47
 358 0149 A0       		.byte	-96
 359 014a 31       		.byte	49
 360 014b 10       		.byte	16
 361 014c 32       		.byte	50
 362 014d 88       		.byte	-120
 363 014e 36       		.byte	54
 364 014f 88       		.byte	-120
 365 0150 37       		.byte	55
 366 0151 02       		.byte	2
 367 0152 38       		.byte	56
 368 0153 08       		.byte	8
 369 0154 3B       		.byte	59
 370 0155 80       		.byte	-128
 371 0156 3E       		.byte	62
 372 0157 A0       		.byte	-96
 373 0158 40       		.byte	64
 374 0159 04       		.byte	4
 375 015a 48       		.byte	72
 376 015b 28       		.byte	40
 377 015c 49       		.byte	73
 378 015d 01       		.byte	1
 379 015e 50       		.byte	80
 380 015f 0C       		.byte	12
 381 0160 59       		.byte	89
 382 0161 01       		.byte	1
 383 0162 5A       		.byte	90
 384 0163 88       		.byte	-120
 385 0164 71       		.byte	113
 386 0165 02       		.byte	2
 387 0166 81       		.byte	-127
 388 0167 38       		.byte	56
 389 0168 82       		.byte	-126
 390 0169 88       		.byte	-120
 391 016a 83       		.byte	-125
 392 016b 82       		.byte	-126
 393 016c 8C       		.byte	-116
 394 016d 40       		.byte	64
 395 016e 8E       		.byte	-114
 396 016f 84       		.byte	-124
 397 0170 98       		.byte	-104
 398 0171 80       		.byte	-128
 399 0172 9D       		.byte	-99
ARM GAS  C:\Users\VIKRAM~1\AppData\Local\Temp\ccNFUHPX.s 			page 8


 400 0173 04       		.byte	4
 401 0174 A7       		.byte	-89
 402 0175 08       		.byte	8
 403 0176 C0       		.byte	-64
 404 0177 24       		.byte	36
 405 0178 C2       		.byte	-62
 406 0179 F9       		.byte	-7
 407 017a C4       		.byte	-60
 408 017b 54       		.byte	84
 409 017c CA       		.byte	-54
 410 017d CF       		.byte	-49
 411 017e CC       		.byte	-52
 412 017f DE       		.byte	-34
 413 0180 CE       		.byte	-50
 414 0181 3A       		.byte	58
 415 0182 D0       		.byte	-48
 416 0183 04       		.byte	4
 417 0184 D2       		.byte	-46
 418 0185 04       		.byte	4
 419 0186 D6       		.byte	-42
 420 0187 0B       		.byte	11
 421 0188 E2       		.byte	-30
 422 0189 01       		.byte	1
 423 018a E6       		.byte	-26
 424 018b 05       		.byte	5
 425 018c 1F       		.byte	31
 426 018d 01       		.byte	1
 427 018e 26       		.byte	38
 428 018f 01       		.byte	1
 429 0190 35       		.byte	53
 430 0191 01       		.byte	1
 431 0192 36       		.byte	54
 432 0193 01       		.byte	1
 433 0194 58       		.byte	88
 434 0195 04       		.byte	4
 435 0196 59       		.byte	89
 436 0197 04       		.byte	4
 437 0198 5C       		.byte	92
 438 0199 11       		.byte	17
 439 019a 5F       		.byte	95
 440 019b 01       		.byte	1
 441 019c 82       		.byte	-126
 442 019d 04       		.byte	4
 443 019e 83       		.byte	-125
 444 019f 01       		.byte	1
 445 01a0 84       		.byte	-124
 446 01a1 04       		.byte	4
 447 01a2 85       		.byte	-123
 448 01a3 08       		.byte	8
 449 01a4 89       		.byte	-119
 450 01a5 10       		.byte	16
 451 01a6 8A       		.byte	-118
 452 01a7 10       		.byte	16
 453 01a8 8B       		.byte	-117
 454 01a9 20       		.byte	32
 455 01aa 8D       		.byte	-115
 456 01ab 40       		.byte	64
ARM GAS  C:\Users\VIKRAM~1\AppData\Local\Temp\ccNFUHPX.s 			page 9


 457 01ac 8F       		.byte	-113
 458 01ad 80       		.byte	-128
 459 01ae 90       		.byte	-112
 460 01af 08       		.byte	8
 461 01b0 91       		.byte	-111
 462 01b1 80       		.byte	-128
 463 01b2 93       		.byte	-109
 464 01b3 40       		.byte	64
 465 01b4 94       		.byte	-108
 466 01b5 01       		.byte	1
 467 01b6 97       		.byte	-105
 468 01b7 04       		.byte	4
 469 01b8 98       		.byte	-104
 470 01b9 02       		.byte	2
 471 01ba 99       		.byte	-103
 472 01bb 20       		.byte	32
 473 01bc 9B       		.byte	-101
 474 01bd 10       		.byte	16
 475 01be 9D       		.byte	-99
 476 01bf 04       		.byte	4
 477 01c0 A1       		.byte	-95
 478 01c1 02       		.byte	2
 479 01c2 A2       		.byte	-94
 480 01c3 02       		.byte	2
 481 01c4 A6       		.byte	-90
 482 01c5 01       		.byte	1
 483 01c6 A7       		.byte	-89
 484 01c7 02       		.byte	2
 485 01c8 A9       		.byte	-87
 486 01c9 01       		.byte	1
 487 01ca AA       		.byte	-86
 488 01cb 08       		.byte	8
 489 01cc AF       		.byte	-81
 490 01cd 08       		.byte	8
 491 01ce B2       		.byte	-78
 492 01cf 1F       		.byte	31
 493 01d0 B3       		.byte	-77
 494 01d1 FF       		.byte	-1
 495 01d2 B8       		.byte	-72
 496 01d3 08       		.byte	8
 497 01d4 BB       		.byte	-69
 498 01d5 80       		.byte	-128
 499 01d6 BE       		.byte	-66
 500 01d7 04       		.byte	4
 501 01d8 BF       		.byte	-65
 502 01d9 04       		.byte	4
 503 01da D8       		.byte	-40
 504 01db 04       		.byte	4
 505 01dc D9       		.byte	-39
 506 01dd 04       		.byte	4
 507 01de DC       		.byte	-36
 508 01df 21       		.byte	33
 509 01e0 DF       		.byte	-33
 510 01e1 01       		.byte	1
 511 01e2 00       		.byte	0
 512 01e3 24       		.byte	36
 513 01e4 01       		.byte	1
ARM GAS  C:\Users\VIKRAM~1\AppData\Local\Temp\ccNFUHPX.s 			page 10


 514 01e5 80       		.byte	-128
 515 01e6 03       		.byte	3
 516 01e7 40       		.byte	64
 517 01e8 04       		.byte	4
 518 01e9 20       		.byte	32
 519 01ea 05       		.byte	5
 520 01eb 44       		.byte	68
 521 01ec 08       		.byte	8
 522 01ed 14       		.byte	20
 523 01ee 0B       		.byte	11
 524 01ef 82       		.byte	-126
 525 01f0 0C       		.byte	12
 526 01f1 04       		.byte	4
 527 01f2 0F       		.byte	15
 528 01f3 08       		.byte	8
 529 01f4 10       		.byte	16
 530 01f5 40       		.byte	64
 531 01f6 11       		.byte	17
 532 01f7 40       		.byte	64
 533 01f8 12       		.byte	18
 534 01f9 14       		.byte	20
 535 01fa 15       		.byte	21
 536 01fb 14       		.byte	20
 537 01fc 16       		.byte	22
 538 01fd 80       		.byte	-128
 539 01fe 1B       		.byte	27
 540 01ff 04       		.byte	4
 541 0200 1D       		.byte	29
 542 0201 40       		.byte	64
 543 0202 1E       		.byte	30
 544 0203 02       		.byte	2
 545 0204 1F       		.byte	31
 546 0205 40       		.byte	64
 547 0206 20       		.byte	32
 548 0207 20       		.byte	32
 549 0208 23       		.byte	35
 550 0209 01       		.byte	1
 551 020a 24       		.byte	36
 552 020b 04       		.byte	4
 553 020c 25       		.byte	37
 554 020d 10       		.byte	16
 555 020e 27       		.byte	39
 556 020f 04       		.byte	4
 557 0210 28       		.byte	40
 558 0211 50       		.byte	80
 559 0212 29       		.byte	41
 560 0213 54       		.byte	84
 561 0214 2A       		.byte	42
 562 0215 52       		.byte	82
 563 0216 2D       		.byte	45
 564 0217 80       		.byte	-128
 565 0218 2F       		.byte	47
 566 0219 40       		.byte	64
 567 021a 30       		.byte	48
 568 021b 02       		.byte	2
 569 021c 31       		.byte	49
 570 021d 08       		.byte	8
ARM GAS  C:\Users\VIKRAM~1\AppData\Local\Temp\ccNFUHPX.s 			page 11


 571 021e 32       		.byte	50
 572 021f 10       		.byte	16
 573 0220 33       		.byte	51
 574 0221 44       		.byte	68
 575 0222 34       		.byte	52
 576 0223 14       		.byte	20
 577 0224 37       		.byte	55
 578 0225 40       		.byte	64
 579 0226 38       		.byte	56
 580 0227 60       		.byte	96
 581 0228 39       		.byte	57
 582 0229 05       		.byte	5
 583 022a 3A       		.byte	58
 584 022b 84       		.byte	-124
 585 022c 3C       		.byte	60
 586 022d 40       		.byte	64
 587 022e 3D       		.byte	61
 588 022f 30       		.byte	48
 589 0230 3F       		.byte	63
 590 0231 08       		.byte	8
 591 0232 58       		.byte	88
 592 0233 80       		.byte	-128
 593 0234 59       		.byte	89
 594 0235 80       		.byte	-128
 595 0236 80       		.byte	-128
 596 0237 40       		.byte	64
 597 0238 81       		.byte	-127
 598 0239 04       		.byte	4
 599 023a 82       		.byte	-126
 600 023b 80       		.byte	-128
 601 023c 83       		.byte	-125
 602 023d 05       		.byte	5
 603 023e 8C       		.byte	-116
 604 023f 20       		.byte	32
 605 0240 8D       		.byte	-115
 606 0241 40       		.byte	64
 607 0242 8F       		.byte	-113
 608 0243 04       		.byte	4
 609 0244 90       		.byte	-112
 610 0245 60       		.byte	96
 611 0246 91       		.byte	-111
 612 0247 05       		.byte	5
 613 0248 92       		.byte	-110
 614 0249 20       		.byte	32
 615 024a 95       		.byte	-107
 616 024b 40       		.byte	64
 617 024c 97       		.byte	-105
 618 024d 80       		.byte	-128
 619 024e 99       		.byte	-103
 620 024f 14       		.byte	20
 621 0250 9A       		.byte	-102
 622 0251 02       		.byte	2
 623 0252 9B       		.byte	-101
 624 0253 40       		.byte	64
 625 0254 9C       		.byte	-100
 626 0255 A0       		.byte	-96
 627 0256 A0       		.byte	-96
ARM GAS  C:\Users\VIKRAM~1\AppData\Local\Temp\ccNFUHPX.s 			page 12


 628 0257 02       		.byte	2
 629 0258 A3       		.byte	-93
 630 0259 02       		.byte	2
 631 025a A5       		.byte	-91
 632 025b 08       		.byte	8
 633 025c A6       		.byte	-90
 634 025d 01       		.byte	1
 635 025e B2       		.byte	-78
 636 025f 20       		.byte	32
 637 0260 C0       		.byte	-64
 638 0261 EF       		.byte	-17
 639 0262 C2       		.byte	-62
 640 0263 6F       		.byte	111
 641 0264 C4       		.byte	-60
 642 0265 7F       		.byte	127
 643 0266 CA       		.byte	-54
 644 0267 9F       		.byte	-97
 645 0268 CC       		.byte	-52
 646 0269 7F       		.byte	127
 647 026a CE       		.byte	-50
 648 026b 7F       		.byte	127
 649 026c E2       		.byte	-30
 650 026d 40       		.byte	64
 651 026e 05       		.byte	5
 652 026f 10       		.byte	16
 653 0270 09       		.byte	9
 654 0271 03       		.byte	3
 655 0272 0B       		.byte	11
 656 0273 04       		.byte	4
 657 0274 0F       		.byte	15
 658 0275 08       		.byte	8
 659 0276 11       		.byte	17
 660 0277 0A       		.byte	10
 661 0278 13       		.byte	19
 662 0279 04       		.byte	4
 663 027a 15       		.byte	21
 664 027b 03       		.byte	3
 665 027c 17       		.byte	23
 666 027d 04       		.byte	4
 667 027e 19       		.byte	25
 668 027f 03       		.byte	3
 669 0280 1B       		.byte	27
 670 0281 0C       		.byte	12
 671 0282 22       		.byte	34
 672 0283 01       		.byte	1
 673 0284 28       		.byte	40
 674 0285 02       		.byte	2
 675 0286 29       		.byte	41
 676 0287 10       		.byte	16
 677 0288 2E       		.byte	46
 678 0289 04       		.byte	4
 679 028a 2F       		.byte	47
 680 028b 05       		.byte	5
 681 028c 30       		.byte	48
 682 028d 04       		.byte	4
 683 028e 31       		.byte	49
 684 028f 10       		.byte	16
ARM GAS  C:\Users\VIKRAM~1\AppData\Local\Temp\ccNFUHPX.s 			page 13


 685 0290 32       		.byte	50
 686 0291 01       		.byte	1
 687 0292 34       		.byte	52
 688 0293 02       		.byte	2
 689 0294 35       		.byte	53
 690 0295 0F       		.byte	15
 691 0296 39       		.byte	57
 692 0297 02       		.byte	2
 693 0298 3B       		.byte	59
 694 0299 20       		.byte	32
 695 029a 3E       		.byte	62
 696 029b 10       		.byte	16
 697 029c 3F       		.byte	63
 698 029d 01       		.byte	1
 699 029e 56       		.byte	86
 700 029f 02       		.byte	2
 701 02a0 57       		.byte	87
 702 02a1 3E       		.byte	62
 703 02a2 58       		.byte	88
 704 02a3 04       		.byte	4
 705 02a4 59       		.byte	89
 706 02a5 04       		.byte	4
 707 02a6 5B       		.byte	91
 708 02a7 0C       		.byte	12
 709 02a8 5C       		.byte	92
 710 02a9 21       		.byte	33
 711 02aa 5D       		.byte	93
 712 02ab 10       		.byte	16
 713 02ac 5F       		.byte	95
 714 02ad 01       		.byte	1
 715 02ae D2       		.byte	-46
 716 02af 03       		.byte	3
 717 02b0 D3       		.byte	-45
 718 02b1 02       		.byte	2
 719 02b2 D8       		.byte	-40
 720 02b3 04       		.byte	4
 721 02b4 D9       		.byte	-39
 722 02b5 04       		.byte	4
 723 02b6 DB       		.byte	-37
 724 02b7 04       		.byte	4
 725 02b8 DC       		.byte	-36
 726 02b9 11       		.byte	17
 727 02ba DD       		.byte	-35
 728 02bb 10       		.byte	16
 729 02bc DF       		.byte	-33
 730 02bd 01       		.byte	1
 731 02be 00       		.byte	0
 732 02bf 40       		.byte	64
 733 02c0 01       		.byte	1
 734 02c1 09       		.byte	9
 735 02c2 04       		.byte	4
 736 02c3 60       		.byte	96
 737 02c4 05       		.byte	5
 738 02c5 08       		.byte	8
 739 02c6 08       		.byte	8
 740 02c7 A8       		.byte	-88
 741 02c8 09       		.byte	9
ARM GAS  C:\Users\VIKRAM~1\AppData\Local\Temp\ccNFUHPX.s 			page 14


 742 02c9 08       		.byte	8
 743 02ca 0B       		.byte	11
 744 02cb A0       		.byte	-96
 745 02cc 0D       		.byte	13
 746 02cd 08       		.byte	8
 747 02ce 0E       		.byte	14
 748 02cf 02       		.byte	2
 749 02d0 10       		.byte	16
 750 02d1 02       		.byte	2
 751 02d2 12       		.byte	18
 752 02d3 04       		.byte	4
 753 02d4 13       		.byte	19
 754 02d5 01       		.byte	1
 755 02d6 15       		.byte	21
 756 02d7 41       		.byte	65
 757 02d8 18       		.byte	24
 758 02d9 40       		.byte	64
 759 02da 19       		.byte	25
 760 02db 2D       		.byte	45
 761 02dc 21       		.byte	33
 762 02dd 12       		.byte	18
 763 02de 22       		.byte	34
 764 02df 20       		.byte	32
 765 02e0 2A       		.byte	42
 766 02e1 A0       		.byte	-96
 767 02e2 2F       		.byte	47
 768 02e3 50       		.byte	80
 769 02e4 30       		.byte	48
 770 02e5 08       		.byte	8
 771 02e6 32       		.byte	50
 772 02e7 21       		.byte	33
 773 02e8 34       		.byte	52
 774 02e9 84       		.byte	-124
 775 02ea 35       		.byte	53
 776 02eb 05       		.byte	5
 777 02ec 38       		.byte	56
 778 02ed 08       		.byte	8
 779 02ee 39       		.byte	57
 780 02ef 80       		.byte	-128
 781 02f0 3A       		.byte	58
 782 02f1 10       		.byte	16
 783 02f2 3D       		.byte	61
 784 02f3 41       		.byte	65
 785 02f4 5B       		.byte	91
 786 02f5 04       		.byte	4
 787 02f6 61       		.byte	97
 788 02f7 02       		.byte	2
 789 02f8 68       		.byte	104
 790 02f9 02       		.byte	2
 791 02fa 69       		.byte	105
 792 02fb 04       		.byte	4
 793 02fc 6A       		.byte	106
 794 02fd 20       		.byte	32
 795 02fe 6B       		.byte	107
 796 02ff 40       		.byte	64
 797 0300 6C       		.byte	108
 798 0301 04       		.byte	4
ARM GAS  C:\Users\VIKRAM~1\AppData\Local\Temp\ccNFUHPX.s 			page 15


 799 0302 6F       		.byte	111
 800 0303 06       		.byte	6
 801 0304 71       		.byte	113
 802 0305 10       		.byte	16
 803 0306 72       		.byte	114
 804 0307 02       		.byte	2
 805 0308 73       		.byte	115
 806 0309 01       		.byte	1
 807 030a 7B       		.byte	123
 808 030b 02       		.byte	2
 809 030c 7C       		.byte	124
 810 030d 04       		.byte	4
 811 030e 7E       		.byte	126
 812 030f 10       		.byte	16
 813 0310 81       		.byte	-127
 814 0311 20       		.byte	32
 815 0312 90       		.byte	-112
 816 0313 20       		.byte	32
 817 0314 91       		.byte	-111
 818 0315 81       		.byte	-127
 819 0316 92       		.byte	-110
 820 0317 02       		.byte	2
 821 0318 94       		.byte	-108
 822 0319 44       		.byte	68
 823 031a 95       		.byte	-107
 824 031b 60       		.byte	96
 825 031c 9A       		.byte	-102
 826 031d 94       		.byte	-108
 827 031e 9C       		.byte	-100
 828 031f 0C       		.byte	12
 829 0320 9D       		.byte	-99
 830 0321 11       		.byte	17
 831 0322 A0       		.byte	-96
 832 0323 08       		.byte	8
 833 0324 A6       		.byte	-90
 834 0325 21       		.byte	33
 835 0326 B0       		.byte	-80
 836 0327 02       		.byte	2
 837 0328 B3       		.byte	-77
 838 0329 08       		.byte	8
 839 032a C0       		.byte	-64
 840 032b ED       		.byte	-19
 841 032c C2       		.byte	-62
 842 032d AF       		.byte	-81
 843 032e C4       		.byte	-60
 844 032f 9B       		.byte	-101
 845 0330 CA       		.byte	-54
 846 0331 CC       		.byte	-52
 847 0332 CC       		.byte	-52
 848 0333 D7       		.byte	-41
 849 0334 CE       		.byte	-50
 850 0335 9E       		.byte	-98
 851 0336 D6       		.byte	-42
 852 0337 02       		.byte	2
 853 0338 D8       		.byte	-40
 854 0339 01       		.byte	1
 855 033a DE       		.byte	-34
ARM GAS  C:\Users\VIKRAM~1\AppData\Local\Temp\ccNFUHPX.s 			page 16


 856 033b 08       		.byte	8
 857 033c E4       		.byte	-28
 858 033d 03       		.byte	3
 859 033e EA       		.byte	-22
 860 033f 08       		.byte	8
 861 0340 08       		.byte	8
 862 0341 01       		.byte	1
 863 0342 0E       		.byte	14
 864 0343 01       		.byte	1
 865 0344 14       		.byte	20
 866 0345 01       		.byte	1
 867 0346 1C       		.byte	28
 868 0347 01       		.byte	1
 869 0348 20       		.byte	32
 870 0349 01       		.byte	1
 871 034a 28       		.byte	40
 872 034b 01       		.byte	1
 873 034c 2E       		.byte	46
 874 034d 01       		.byte	1
 875 034e 30       		.byte	48
 876 034f 01       		.byte	1
 877 0350 58       		.byte	88
 878 0351 04       		.byte	4
 879 0352 59       		.byte	89
 880 0353 04       		.byte	4
 881 0354 5C       		.byte	92
 882 0355 11       		.byte	17
 883 0356 5F       		.byte	95
 884 0357 01       		.byte	1
 885 0358 80       		.byte	-128
 886 0359 14       		.byte	20
 887 035a 86       		.byte	-122
 888 035b 20       		.byte	32
 889 035c 89       		.byte	-119
 890 035d 11       		.byte	17
 891 035e 8A       		.byte	-118
 892 035f 03       		.byte	3
 893 0360 8B       		.byte	-117
 894 0361 0E       		.byte	14
 895 0362 8C       		.byte	-116
 896 0363 10       		.byte	16
 897 0364 8D       		.byte	-115
 898 0365 4C       		.byte	76
 899 0366 8F       		.byte	-113
 900 0367 13       		.byte	19
 901 0368 90       		.byte	-112
 902 0369 09       		.byte	9
 903 036a 92       		.byte	-110
 904 036b 10       		.byte	16
 905 036c 94       		.byte	-108
 906 036d 2C       		.byte	44
 907 036e 96       		.byte	-106
 908 036f 11       		.byte	17
 909 0370 99       		.byte	-103
 910 0371 11       		.byte	17
 911 0372 9B       		.byte	-101
 912 0373 46       		.byte	70
ARM GAS  C:\Users\VIKRAM~1\AppData\Local\Temp\ccNFUHPX.s 			page 17


 913 0374 9C       		.byte	-100
 914 0375 1C       		.byte	28
 915 0376 9E       		.byte	-98
 916 0377 22       		.byte	34
 917 0378 9F       		.byte	-97
 918 0379 4C       		.byte	76
 919 037a A2       		.byte	-94
 920 037b 20       		.byte	32
 921 037c A3       		.byte	-93
 922 037d 08       		.byte	8
 923 037e A4       		.byte	-92
 924 037f 30       		.byte	48
 925 0380 A6       		.byte	-90
 926 0381 0C       		.byte	12
 927 0382 A9       		.byte	-87
 928 0383 80       		.byte	-128
 929 0384 AD       		.byte	-83
 930 0385 20       		.byte	32
 931 0386 AF       		.byte	-81
 932 0387 03       		.byte	3
 933 0388 B0       		.byte	-80
 934 0389 20       		.byte	32
 935 038a B1       		.byte	-79
 936 038b 0F       		.byte	15
 937 038c B3       		.byte	-77
 938 038d 80       		.byte	-128
 939 038e B4       		.byte	-76
 940 038f 1F       		.byte	31
 941 0390 B5       		.byte	-75
 942 0391 4A       		.byte	74
 943 0392 B7       		.byte	-73
 944 0393 30       		.byte	48
 945 0394 B9       		.byte	-71
 946 0395 80       		.byte	-128
 947 0396 BB       		.byte	-69
 948 0397 22       		.byte	34
 949 0398 BE       		.byte	-66
 950 0399 01       		.byte	1
 951 039a BF       		.byte	-65
 952 039b 04       		.byte	4
 953 039c C0       		.byte	-64
 954 039d 24       		.byte	36
 955 039e C1       		.byte	-63
 956 039f 06       		.byte	6
 957 03a0 C6       		.byte	-58
 958 03a1 CB       		.byte	-53
 959 03a2 C7       		.byte	-57
 960 03a3 0E       		.byte	14
 961 03a4 C8       		.byte	-56
 962 03a5 1C       		.byte	28
 963 03a6 C9       		.byte	-55
 964 03a7 FF       		.byte	-1
 965 03a8 CA       		.byte	-54
 966 03a9 FF       		.byte	-1
 967 03aa CB       		.byte	-53
 968 03ab FF       		.byte	-1
 969 03ac CE       		.byte	-50
ARM GAS  C:\Users\VIKRAM~1\AppData\Local\Temp\ccNFUHPX.s 			page 18


 970 03ad F0       		.byte	-16
 971 03ae CF       		.byte	-49
 972 03af 44       		.byte	68
 973 03b0 D0       		.byte	-48
 974 03b1 0C       		.byte	12
 975 03b2 D4       		.byte	-44
 976 03b3 01       		.byte	1
 977 03b4 D8       		.byte	-40
 978 03b5 04       		.byte	4
 979 03b6 D9       		.byte	-39
 980 03b7 04       		.byte	4
 981 03b8 DA       		.byte	-38
 982 03b9 04       		.byte	4
 983 03ba DB       		.byte	-37
 984 03bb 04       		.byte	4
 985 03bc DC       		.byte	-36
 986 03bd 22       		.byte	34
 987 03be DD       		.byte	-35
 988 03bf 22       		.byte	34
 989 03c0 DF       		.byte	-33
 990 03c1 01       		.byte	1
 991 03c2 E6       		.byte	-26
 992 03c3 C0       		.byte	-64
 993 03c4 EA       		.byte	-22
 994 03c5 40       		.byte	64
 995 03c6 EB       		.byte	-21
 996 03c7 02       		.byte	2
 997 03c8 01       		.byte	1
 998 03c9 20       		.byte	32
 999 03ca 02       		.byte	2
 1000 03cb 55       		.byte	85
 1001 03cc 03       		.byte	3
 1002 03cd 10       		.byte	16
 1003 03ce 04       		.byte	4
 1004 03cf 60       		.byte	96
 1005 03d0 06       		.byte	6
 1006 03d1 08       		.byte	8
 1007 03d2 0A       		.byte	10
 1008 03d3 A2       		.byte	-94
 1009 03d4 0B       		.byte	11
 1010 03d5 10       		.byte	16
 1011 03d6 0C       		.byte	12
 1012 03d7 04       		.byte	4
 1013 03d8 0E       		.byte	14
 1014 03d9 02       		.byte	2
 1015 03da 12       		.byte	18
 1016 03db 20       		.byte	32
 1017 03dc 13       		.byte	19
 1018 03dd 01       		.byte	1
 1019 03de 14       		.byte	20
 1020 03df 08       		.byte	8
 1021 03e0 15       		.byte	21
 1022 03e1 41       		.byte	65
 1023 03e2 19       		.byte	25
 1024 03e3 20       		.byte	32
 1025 03e4 1A       		.byte	26
 1026 03e5 40       		.byte	64
ARM GAS  C:\Users\VIKRAM~1\AppData\Local\Temp\ccNFUHPX.s 			page 19


 1027 03e6 1F       		.byte	31
 1028 03e7 01       		.byte	1
 1029 03e8 21       		.byte	33
 1030 03e9 40       		.byte	64
 1031 03ea 22       		.byte	34
 1032 03eb 55       		.byte	85
 1033 03ec 23       		.byte	35
 1034 03ed 40       		.byte	64
 1035 03ee 2A       		.byte	42
 1036 03ef 81       		.byte	-127
 1037 03f0 2B       		.byte	43
 1038 03f1 08       		.byte	8
 1039 03f2 2C       		.byte	44
 1040 03f3 04       		.byte	4
 1041 03f4 2D       		.byte	45
 1042 03f5 41       		.byte	65
 1043 03f6 2E       		.byte	46
 1044 03f7 08       		.byte	8
 1045 03f8 32       		.byte	50
 1046 03f9 60       		.byte	96
 1047 03fa 34       		.byte	52
 1048 03fb 08       		.byte	8
 1049 03fc 36       		.byte	54
 1050 03fd 01       		.byte	1
 1051 03fe 3B       		.byte	59
 1052 03ff 50       		.byte	80
 1053 0400 3C       		.byte	60
 1054 0401 40       		.byte	64
 1055 0402 41       		.byte	65
 1056 0403 10       		.byte	16
 1057 0404 42       		.byte	66
 1058 0405 80       		.byte	-128
 1059 0406 48       		.byte	72
 1060 0407 08       		.byte	8
 1061 0408 4B       		.byte	75
 1062 0409 10       		.byte	16
 1063 040a 52       		.byte	82
 1064 040b 50       		.byte	80
 1065 040c 53       		.byte	83
 1066 040d 08       		.byte	8
 1067 040e 58       		.byte	88
 1068 040f 02       		.byte	2
 1069 0410 5A       		.byte	90
 1070 0411 48       		.byte	72
 1071 0412 5B       		.byte	91
 1072 0413 10       		.byte	16
 1073 0414 66       		.byte	102
 1074 0415 80       		.byte	-128
 1075 0416 67       		.byte	103
 1076 0417 01       		.byte	1
 1077 0418 83       		.byte	-125
 1078 0419 01       		.byte	1
 1079 041a 90       		.byte	-112
 1080 041b 20       		.byte	32
 1081 041c 91       		.byte	-111
 1082 041d 01       		.byte	1
 1083 041e 93       		.byte	-109
ARM GAS  C:\Users\VIKRAM~1\AppData\Local\Temp\ccNFUHPX.s 			page 20


 1084 041f 01       		.byte	1
 1085 0420 94       		.byte	-108
 1086 0421 04       		.byte	4
 1087 0422 95       		.byte	-107
 1088 0423 60       		.byte	96
 1089 0424 96       		.byte	-106
 1090 0425 20       		.byte	32
 1091 0426 97       		.byte	-105
 1092 0427 40       		.byte	64
 1093 0428 9A       		.byte	-102
 1094 0429 01       		.byte	1
 1095 042a 9C       		.byte	-100
 1096 042b 0C       		.byte	12
 1097 042c 9D       		.byte	-99
 1098 042d 11       		.byte	17
 1099 042e A6       		.byte	-90
 1100 042f 01       		.byte	1
 1101 0430 C0       		.byte	-64
 1102 0431 CF       		.byte	-49
 1103 0432 C2       		.byte	-62
 1104 0433 AD       		.byte	-83
 1105 0434 C4       		.byte	-60
 1106 0435 DC       		.byte	-36
 1107 0436 CA       		.byte	-54
 1108 0437 FD       		.byte	-3
 1109 0438 CC       		.byte	-52
 1110 0439 CC       		.byte	-52
 1111 043a CE       		.byte	-50
 1112 043b 1C       		.byte	28
 1113 043c D0       		.byte	-48
 1114 043d 05       		.byte	5
 1115 043e D2       		.byte	-46
 1116 043f 04       		.byte	4
 1117 0440 D6       		.byte	-42
 1118 0441 0F       		.byte	15
 1119 0442 03       		.byte	3
 1120 0443 01       		.byte	1
 1121 0444 06       		.byte	6
 1122 0445 01       		.byte	1
 1123 0446 09       		.byte	9
 1124 0447 03       		.byte	3
 1125 0448 0D       		.byte	13
 1126 0449 02       		.byte	2
 1127 044a 19       		.byte	25
 1128 044b 03       		.byte	3
 1129 044c 2B       		.byte	43
 1130 044d 04       		.byte	4
 1131 044e 31       		.byte	49
 1132 044f 03       		.byte	3
 1133 0450 32       		.byte	50
 1134 0451 01       		.byte	1
 1135 0452 35       		.byte	53
 1136 0453 04       		.byte	4
 1137 0454 39       		.byte	57
 1138 0455 02       		.byte	2
 1139 0456 3F       		.byte	63
 1140 0457 01       		.byte	1
ARM GAS  C:\Users\VIKRAM~1\AppData\Local\Temp\ccNFUHPX.s 			page 21


 1141 0458 40       		.byte	64
 1142 0459 04       		.byte	4
 1143 045a 47       		.byte	71
 1144 045b 40       		.byte	64
 1145 045c 49       		.byte	73
 1146 045d FF       		.byte	-1
 1147 045e 4A       		.byte	74
 1148 045f 07       		.byte	7
 1149 0460 4B       		.byte	75
 1150 0461 FF       		.byte	-1
 1151 0462 4C       		.byte	76
 1152 0463 40       		.byte	64
 1153 0464 4D       		.byte	77
 1154 0465 20       		.byte	32
 1155 0466 4E       		.byte	78
 1156 0467 F0       		.byte	-16
 1157 0468 4F       		.byte	79
 1158 0469 05       		.byte	5
 1159 046a 50       		.byte	80
 1160 046b 08       		.byte	8
 1161 046c 58       		.byte	88
 1162 046d 04       		.byte	4
 1163 046e 59       		.byte	89
 1164 046f 04       		.byte	4
 1165 0470 5A       		.byte	90
 1166 0471 04       		.byte	4
 1167 0472 5C       		.byte	92
 1168 0473 11       		.byte	17
 1169 0474 5D       		.byte	93
 1170 0475 02       		.byte	2
 1171 0476 5F       		.byte	95
 1172 0477 01       		.byte	1
 1173 0478 60       		.byte	96
 1174 0479 40       		.byte	64
 1175 047a 61       		.byte	97
 1176 047b A8       		.byte	-88
 1177 047c 62       		.byte	98
 1178 047d 40       		.byte	64
 1179 047e 63       		.byte	99
 1180 047f 20       		.byte	32
 1181 0480 D8       		.byte	-40
 1182 0481 04       		.byte	4
 1183 0482 D9       		.byte	-39
 1184 0483 04       		.byte	4
 1185 0484 DC       		.byte	-36
 1186 0485 11       		.byte	17
 1187 0486 DF       		.byte	-33
 1188 0487 01       		.byte	1
 1189 0488 00       		.byte	0
 1190 0489 04       		.byte	4
 1191 048a 01       		.byte	1
 1192 048b 40       		.byte	64
 1193 048c 03       		.byte	3
 1194 048d 09       		.byte	9
 1195 048e 04       		.byte	4
 1196 048f 20       		.byte	32
 1197 0490 05       		.byte	5
ARM GAS  C:\Users\VIKRAM~1\AppData\Local\Temp\ccNFUHPX.s 			page 22


 1198 0491 01       		.byte	1
 1199 0492 08       		.byte	8
 1200 0493 49       		.byte	73
 1201 0494 09       		.byte	9
 1202 0495 20       		.byte	32
 1203 0496 0C       		.byte	12
 1204 0497 04       		.byte	4
 1205 0498 0D       		.byte	13
 1206 0499 20       		.byte	32
 1207 049a 10       		.byte	16
 1208 049b 04       		.byte	4
 1209 049c 12       		.byte	18
 1210 049d 04       		.byte	4
 1211 049e 14       		.byte	20
 1212 049f 09       		.byte	9
 1213 04a0 16       		.byte	22
 1214 04a1 08       		.byte	8
 1215 04a2 17       		.byte	23
 1216 04a3 01       		.byte	1
 1217 04a4 18       		.byte	24
 1218 04a5 20       		.byte	32
 1219 04a6 19       		.byte	25
 1220 04a7 04       		.byte	4
 1221 04a8 1B       		.byte	27
 1222 04a9 08       		.byte	8
 1223 04aa 21       		.byte	33
 1224 04ab 21       		.byte	33
 1225 04ac 28       		.byte	40
 1226 04ad 41       		.byte	65
 1227 04ae 29       		.byte	41
 1228 04af 11       		.byte	17
 1229 04b0 2A       		.byte	42
 1230 04b1 08       		.byte	8
 1231 04b2 2B       		.byte	43
 1232 04b3 80       		.byte	-128
 1233 04b4 2F       		.byte	47
 1234 04b5 88       		.byte	-120
 1235 04b6 30       		.byte	48
 1236 04b7 80       		.byte	-128
 1237 04b8 31       		.byte	49
 1238 04b9 04       		.byte	4
 1239 04ba 32       		.byte	50
 1240 04bb 10       		.byte	16
 1241 04bc 33       		.byte	51
 1242 04bd 01       		.byte	1
 1243 04be 34       		.byte	52
 1244 04bf 05       		.byte	5
 1245 04c0 36       		.byte	54
 1246 04c1 01       		.byte	1
 1247 04c2 39       		.byte	57
 1248 04c3 20       		.byte	32
 1249 04c4 3A       		.byte	58
 1250 04c5 04       		.byte	4
 1251 04c6 3B       		.byte	59
 1252 04c7 41       		.byte	65
 1253 04c8 3D       		.byte	61
 1254 04c9 41       		.byte	65
ARM GAS  C:\Users\VIKRAM~1\AppData\Local\Temp\ccNFUHPX.s 			page 23


 1255 04ca 3E       		.byte	62
 1256 04cb 08       		.byte	8
 1257 04cc 41       		.byte	65
 1258 04cd 01       		.byte	1
 1259 04ce 4B       		.byte	75
 1260 04cf 01       		.byte	1
 1261 04d0 52       		.byte	82
 1262 04d1 01       		.byte	1
 1263 04d2 88       		.byte	-120
 1264 04d3 80       		.byte	-128
 1265 04d4 89       		.byte	-119
 1266 04d5 21       		.byte	33
 1267 04d6 C0       		.byte	-64
 1268 04d7 57       		.byte	87
 1269 04d8 C2       		.byte	-62
 1270 04d9 6F       		.byte	111
 1271 04da C4       		.byte	-60
 1272 04db D2       		.byte	-46
 1273 04dc CA       		.byte	-54
 1274 04dd AF       		.byte	-81
 1275 04de CC       		.byte	-52
 1276 04df CF       		.byte	-49
 1277 04e0 CE       		.byte	-50
 1278 04e1 DF       		.byte	-33
 1279 04e2 D0       		.byte	-48
 1280 04e3 01       		.byte	1
 1281 04e4 B4       		.byte	-76
 1282 04e5 02       		.byte	2
 1283 04e6 EC       		.byte	-20
 1284 04e7 20       		.byte	32
 1285 04e8 58       		.byte	88
 1286 04e9 04       		.byte	4
 1287 04ea 59       		.byte	89
 1288 04eb 04       		.byte	4
 1289 04ec 5C       		.byte	92
 1290 04ed 11       		.byte	17
 1291 04ee 5F       		.byte	95
 1292 04ef 01       		.byte	1
 1293 04f0 D6       		.byte	-42
 1294 04f1 08       		.byte	8
 1295 04f2 D8       		.byte	-40
 1296 04f3 04       		.byte	4
 1297 04f4 D9       		.byte	-39
 1298 04f5 04       		.byte	4
 1299 04f6 DB       		.byte	-37
 1300 04f7 04       		.byte	4
 1301 04f8 DC       		.byte	-36
 1302 04f9 11       		.byte	17
 1303 04fa DD       		.byte	-35
 1304 04fb 90       		.byte	-112
 1305 04fc DF       		.byte	-33
 1306 04fd 01       		.byte	1
 1307 04fe 00       		.byte	0
 1308 04ff 44       		.byte	68
 1309 0500 04       		.byte	4
 1310 0501 50       		.byte	80
 1311 0502 05       		.byte	5
ARM GAS  C:\Users\VIKRAM~1\AppData\Local\Temp\ccNFUHPX.s 			page 24


 1312 0503 08       		.byte	8
 1313 0504 07       		.byte	7
 1314 0505 20       		.byte	32
 1315 0506 08       		.byte	8
 1316 0507 40       		.byte	64
 1317 0508 09       		.byte	9
 1318 0509 10       		.byte	16
 1319 050a 0A       		.byte	10
 1320 050b 50       		.byte	80
 1321 050c 0C       		.byte	12
 1322 050d 48       		.byte	72
 1323 050e 0D       		.byte	13
 1324 050f 04       		.byte	4
 1325 0510 0E       		.byte	14
 1326 0511 50       		.byte	80
 1327 0512 0F       		.byte	15
 1328 0513 04       		.byte	4
 1329 0514 13       		.byte	19
 1330 0515 20       		.byte	32
 1331 0516 28       		.byte	40
 1332 0517 40       		.byte	64
 1333 0518 29       		.byte	41
 1334 0519 88       		.byte	-120
 1335 051a 2C       		.byte	44
 1336 051b 40       		.byte	64
 1337 051c 2D       		.byte	45
 1338 051d 80       		.byte	-128
 1339 051e 2E       		.byte	46
 1340 051f 58       		.byte	88
 1341 0520 30       		.byte	48
 1342 0521 08       		.byte	8
 1343 0522 35       		.byte	53
 1344 0523 08       		.byte	8
 1345 0524 38       		.byte	56
 1346 0525 54       		.byte	84
 1347 0526 3A       		.byte	58
 1348 0527 08       		.byte	8
 1349 0528 3B       		.byte	59
 1350 0529 04       		.byte	4
 1351 052a 3C       		.byte	60
 1352 052b 50       		.byte	80
 1353 052c 3D       		.byte	61
 1354 052d 20       		.byte	32
 1355 052e 58       		.byte	88
 1356 052f 80       		.byte	-128
 1357 0530 60       		.byte	96
 1358 0531 02       		.byte	2
 1359 0532 90       		.byte	-112
 1360 0533 40       		.byte	64
 1361 0534 91       		.byte	-111
 1362 0535 08       		.byte	8
 1363 0536 92       		.byte	-110
 1364 0537 40       		.byte	64
 1365 0538 98       		.byte	-104
 1366 0539 C0       		.byte	-64
 1367 053a 99       		.byte	-103
 1368 053b 08       		.byte	8
ARM GAS  C:\Users\VIKRAM~1\AppData\Local\Temp\ccNFUHPX.s 			page 25


 1369 053c 9A       		.byte	-102
 1370 053d 08       		.byte	8
 1371 053e A1       		.byte	-95
 1372 053f 10       		.byte	16
 1373 0540 AA       		.byte	-86
 1374 0541 48       		.byte	72
 1375 0542 AC       		.byte	-84
 1376 0543 40       		.byte	64
 1377 0544 AF       		.byte	-81
 1378 0545 20       		.byte	32
 1379 0546 B1       		.byte	-79
 1380 0547 04       		.byte	4
 1381 0548 B2       		.byte	-78
 1382 0549 20       		.byte	32
 1383 054a B3       		.byte	-77
 1384 054b 40       		.byte	64
 1385 054c C0       		.byte	-64
 1386 054d E5       		.byte	-27
 1387 054e C2       		.byte	-62
 1388 054f FF       		.byte	-1
 1389 0550 C4       		.byte	-60
 1390 0551 02       		.byte	2
 1391 0552 CA       		.byte	-54
 1392 0553 FB       		.byte	-5
 1393 0554 CC       		.byte	-52
 1394 0555 42       		.byte	66
 1395 0556 CE       		.byte	-50
 1396 0557 3E       		.byte	62
 1397 0558 D6       		.byte	-42
 1398 0559 08       		.byte	8
 1399 055a D8       		.byte	-40
 1400 055b 08       		.byte	8
 1401 055c E6       		.byte	-26
 1402 055d 40       		.byte	64
 1403 055e EA       		.byte	-22
 1404 055f 04       		.byte	4
 1405 0560 EE       		.byte	-18
 1406 0561 08       		.byte	8
 1407 0562 54       		.byte	84
 1408 0563 01       		.byte	1
 1409 0564 58       		.byte	88
 1410 0565 04       		.byte	4
 1411 0566 59       		.byte	89
 1412 0567 04       		.byte	4
 1413 0568 5B       		.byte	91
 1414 0569 0C       		.byte	12
 1415 056a 5C       		.byte	92
 1416 056b 11       		.byte	17
 1417 056c 5D       		.byte	93
 1418 056d 10       		.byte	16
 1419 056e 5F       		.byte	95
 1420 056f 01       		.byte	1
 1421 0570 81       		.byte	-127
 1422 0571 DF       		.byte	-33
 1423 0572 85       		.byte	-123
 1424 0573 0C       		.byte	12
 1425 0574 87       		.byte	-121
ARM GAS  C:\Users\VIKRAM~1\AppData\Local\Temp\ccNFUHPX.s 			page 26


 1426 0575 D3       		.byte	-45
 1427 0576 8B       		.byte	-117
 1428 0577 C3       		.byte	-61
 1429 0578 8D       		.byte	-115
 1430 0579 C3       		.byte	-61
 1431 057a 95       		.byte	-107
 1432 057b 0C       		.byte	12
 1433 057c 99       		.byte	-103
 1434 057d 04       		.byte	4
 1435 057e 9A       		.byte	-102
 1436 057f 02       		.byte	2
 1437 0580 9D       		.byte	-99
 1438 0581 D3       		.byte	-45
 1439 0582 9E       		.byte	-98
 1440 0583 01       		.byte	1
 1441 0584 9F       		.byte	-97
 1442 0585 0C       		.byte	12
 1443 0586 A1       		.byte	-95
 1444 0587 08       		.byte	8
 1445 0588 A5       		.byte	-91
 1446 0589 41       		.byte	65
 1447 058a A7       		.byte	-89
 1448 058b 20       		.byte	32
 1449 058c A9       		.byte	-87
 1450 058d 0F       		.byte	15
 1451 058e AA       		.byte	-86
 1452 058f 02       		.byte	2
 1453 0590 AB       		.byte	-85
 1454 0591 D0       		.byte	-48
 1455 0592 AD       		.byte	-83
 1456 0593 82       		.byte	-126
 1457 0594 AE       		.byte	-82
 1458 0595 01       		.byte	1
 1459 0596 B0       		.byte	-80
 1460 0597 01       		.byte	1
 1461 0598 B1       		.byte	-79
 1462 0599 C0       		.byte	-64
 1463 059a B3       		.byte	-77
 1464 059b 20       		.byte	32
 1465 059c B4       		.byte	-76
 1466 059d 02       		.byte	2
 1467 059e B5       		.byte	-75
 1468 059f 10       		.byte	16
 1469 05a0 B7       		.byte	-73
 1470 05a1 0F       		.byte	15
 1471 05a2 B9       		.byte	-71
 1472 05a3 20       		.byte	32
 1473 05a4 BB       		.byte	-69
 1474 05a5 80       		.byte	-128
 1475 05a6 BE       		.byte	-66
 1476 05a7 11       		.byte	17
 1477 05a8 D4       		.byte	-44
 1478 05a9 18       		.byte	24
 1479 05aa D8       		.byte	-40
 1480 05ab 04       		.byte	4
 1481 05ac D9       		.byte	-39
 1482 05ad 04       		.byte	4
ARM GAS  C:\Users\VIKRAM~1\AppData\Local\Temp\ccNFUHPX.s 			page 27


 1483 05ae DB       		.byte	-37
 1484 05af 04       		.byte	4
 1485 05b0 DC       		.byte	-36
 1486 05b1 21       		.byte	33
 1487 05b2 DD       		.byte	-35
 1488 05b3 20       		.byte	32
 1489 05b4 DF       		.byte	-33
 1490 05b5 01       		.byte	1
 1491 05b6 00       		.byte	0
 1492 05b7 04       		.byte	4
 1493 05b8 01       		.byte	1
 1494 05b9 80       		.byte	-128
 1495 05ba 03       		.byte	3
 1496 05bb 40       		.byte	64
 1497 05bc 04       		.byte	4
 1498 05bd 20       		.byte	32
 1499 05be 07       		.byte	7
 1500 05bf 02       		.byte	2
 1501 05c0 08       		.byte	8
 1502 05c1 04       		.byte	4
 1503 05c2 0A       		.byte	10
 1504 05c3 01       		.byte	1
 1505 05c4 0B       		.byte	11
 1506 05c5 84       		.byte	-124
 1507 05c6 0D       		.byte	13
 1508 05c7 08       		.byte	8
 1509 05c8 10       		.byte	16
 1510 05c9 10       		.byte	16
 1511 05ca 12       		.byte	18
 1512 05cb 89       		.byte	-119
 1513 05cc 13       		.byte	19
 1514 05cd 02       		.byte	2
 1515 05ce 14       		.byte	20
 1516 05cf 14       		.byte	20
 1517 05d0 15       		.byte	21
 1518 05d1 40       		.byte	64
 1519 05d2 16       		.byte	22
 1520 05d3 40       		.byte	64
 1521 05d4 17       		.byte	23
 1522 05d5 40       		.byte	64
 1523 05d6 19       		.byte	25
 1524 05d7 10       		.byte	16
 1525 05d8 1B       		.byte	27
 1526 05d9 01       		.byte	1
 1527 05da 20       		.byte	32
 1528 05db 20       		.byte	32
 1529 05dc 22       		.byte	34
 1530 05dd 41       		.byte	65
 1531 05de 23       		.byte	35
 1532 05df 04       		.byte	4
 1533 05e0 28       		.byte	40
 1534 05e1 21       		.byte	33
 1535 05e2 2A       		.byte	42
 1536 05e3 02       		.byte	2
 1537 05e4 2B       		.byte	43
 1538 05e5 04       		.byte	4
 1539 05e6 2D       		.byte	45
ARM GAS  C:\Users\VIKRAM~1\AppData\Local\Temp\ccNFUHPX.s 			page 28


 1540 05e7 80       		.byte	-128
 1541 05e8 2F       		.byte	47
 1542 05e9 40       		.byte	64
 1543 05ea 30       		.byte	48
 1544 05eb 28       		.byte	40
 1545 05ec 32       		.byte	50
 1546 05ed 40       		.byte	64
 1547 05ee 34       		.byte	52
 1548 05ef 14       		.byte	20
 1549 05f0 37       		.byte	55
 1550 05f1 02       		.byte	2
 1551 05f2 38       		.byte	56
 1552 05f3 48       		.byte	72
 1553 05f4 39       		.byte	57
 1554 05f5 20       		.byte	32
 1555 05f6 3B       		.byte	59
 1556 05f7 01       		.byte	1
 1557 05f8 3C       		.byte	60
 1558 05f9 04       		.byte	4
 1559 05fa 3D       		.byte	61
 1560 05fb 40       		.byte	64
 1561 05fc 5A       		.byte	90
 1562 05fd 02       		.byte	2
 1563 05fe 5E       		.byte	94
 1564 05ff C0       		.byte	-64
 1565 0600 61       		.byte	97
 1566 0601 10       		.byte	16
 1567 0602 63       		.byte	99
 1568 0603 02       		.byte	2
 1569 0604 7F       		.byte	127
 1570 0605 02       		.byte	2
 1571 0606 8E       		.byte	-114
 1572 0607 40       		.byte	64
 1573 0608 90       		.byte	-112
 1574 0609 24       		.byte	36
 1575 060a 91       		.byte	-111
 1576 060b 40       		.byte	64
 1577 060c 93       		.byte	-109
 1578 060d 81       		.byte	-127
 1579 060e 98       		.byte	-104
 1580 060f 14       		.byte	20
 1581 0610 99       		.byte	-103
 1582 0611 80       		.byte	-128
 1583 0612 9A       		.byte	-102
 1584 0613 40       		.byte	64
 1585 0614 A1       		.byte	-95
 1586 0615 08       		.byte	8
 1587 0616 A2       		.byte	-94
 1588 0617 80       		.byte	-128
 1589 0618 A3       		.byte	-93
 1590 0619 02       		.byte	2
 1591 061a A8       		.byte	-88
 1592 061b 10       		.byte	16
 1593 061c A9       		.byte	-87
 1594 061d 80       		.byte	-128
 1595 061e AD       		.byte	-83
 1596 061f 40       		.byte	64
ARM GAS  C:\Users\VIKRAM~1\AppData\Local\Temp\ccNFUHPX.s 			page 29


 1597 0620 B0       		.byte	-80
 1598 0621 04       		.byte	4
 1599 0622 B1       		.byte	-79
 1600 0623 01       		.byte	1
 1601 0624 C0       		.byte	-64
 1602 0625 CD       		.byte	-51
 1603 0626 C2       		.byte	-62
 1604 0627 2F       		.byte	47
 1605 0628 C4       		.byte	-60
 1606 0629 FF       		.byte	-1
 1607 062a CA       		.byte	-54
 1608 062b 9F       		.byte	-97
 1609 062c CC       		.byte	-52
 1610 062d EE       		.byte	-18
 1611 062e CE       		.byte	-50
 1612 062f 5F       		.byte	95
 1613 0630 D6       		.byte	-42
 1614 0631 11       		.byte	17
 1615 0632 D8       		.byte	-40
 1616 0633 0C       		.byte	12
 1617 0634 DE       		.byte	-34
 1618 0635 10       		.byte	16
 1619 0636 E6       		.byte	-26
 1620 0637 40       		.byte	64
 1621 0638 EE       		.byte	-18
 1622 0639 80       		.byte	-128
 1623 063a 92       		.byte	-110
 1624 063b 01       		.byte	1
 1625 063c 96       		.byte	-106
 1626 063d 02       		.byte	2
 1627 063e 99       		.byte	-103
 1628 063f 01       		.byte	1
 1629 0640 A0       		.byte	-96
 1630 0641 01       		.byte	1
 1631 0642 AF       		.byte	-81
 1632 0643 03       		.byte	3
 1633 0644 B0       		.byte	-80
 1634 0645 03       		.byte	3
 1635 0646 B3       		.byte	-77
 1636 0647 02       		.byte	2
 1637 0648 B7       		.byte	-73
 1638 0649 01       		.byte	1
 1639 064a D8       		.byte	-40
 1640 064b 04       		.byte	4
 1641 064c D9       		.byte	-39
 1642 064d 0C       		.byte	12
 1643 064e DC       		.byte	-36
 1644 064f 19       		.byte	25
 1645 0650 DF       		.byte	-33
 1646 0651 01       		.byte	1
 1647 0652 00       		.byte	0
 1648 0653 A4       		.byte	-92
 1649 0654 08       		.byte	8
 1650 0655 80       		.byte	-128
 1651 0656 0A       		.byte	10
 1652 0657 90       		.byte	-112
 1653 0658 0B       		.byte	11
ARM GAS  C:\Users\VIKRAM~1\AppData\Local\Temp\ccNFUHPX.s 			page 30


 1654 0659 41       		.byte	65
 1655 065a 0E       		.byte	14
 1656 065b 40       		.byte	64
 1657 065c 0F       		.byte	15
 1658 065d 20       		.byte	32
 1659 065e 10       		.byte	16
 1660 065f A8       		.byte	-88
 1661 0660 11       		.byte	17
 1662 0661 40       		.byte	64
 1663 0662 17       		.byte	23
 1664 0663 02       		.byte	2
 1665 0664 18       		.byte	24
 1666 0665 0C       		.byte	12
 1667 0666 19       		.byte	25
 1668 0667 01       		.byte	1
 1669 0668 1A       		.byte	26
 1670 0669 11       		.byte	17
 1671 066a 1B       		.byte	27
 1672 066b 04       		.byte	4
 1673 066c 1E       		.byte	30
 1674 066d 40       		.byte	64
 1675 066e 20       		.byte	32
 1676 066f 41       		.byte	65
 1677 0670 21       		.byte	33
 1678 0671 18       		.byte	24
 1679 0672 22       		.byte	34
 1680 0673 01       		.byte	1
 1681 0674 26       		.byte	38
 1682 0675 40       		.byte	64
 1683 0676 27       		.byte	39
 1684 0677 12       		.byte	18
 1685 0678 2E       		.byte	46
 1686 0679 40       		.byte	64
 1687 067a 31       		.byte	49
 1688 067b 08       		.byte	8
 1689 067c 32       		.byte	50
 1690 067d 01       		.byte	1
 1691 067e 37       		.byte	55
 1692 067f 10       		.byte	16
 1693 0680 38       		.byte	56
 1694 0681 02       		.byte	2
 1695 0682 39       		.byte	57
 1696 0683 94       		.byte	-108
 1697 0684 40       		.byte	64
 1698 0685 81       		.byte	-127
 1699 0686 41       		.byte	65
 1700 0687 14       		.byte	20
 1701 0688 4B       		.byte	75
 1702 0689 40       		.byte	64
 1703 068a 52       		.byte	82
 1704 068b 09       		.byte	9
 1705 068c 59       		.byte	89
 1706 068d 01       		.byte	1
 1707 068e 69       		.byte	105
 1708 068f 94       		.byte	-108
 1709 0690 70       		.byte	112
 1710 0691 A8       		.byte	-88
ARM GAS  C:\Users\VIKRAM~1\AppData\Local\Temp\ccNFUHPX.s 			page 31


 1711 0692 72       		.byte	114
 1712 0693 02       		.byte	2
 1713 0694 7F       		.byte	127
 1714 0695 02       		.byte	2
 1715 0696 84       		.byte	-124
 1716 0697 01       		.byte	1
 1717 0698 85       		.byte	-123
 1718 0699 08       		.byte	8
 1719 069a 88       		.byte	-120
 1720 069b 40       		.byte	64
 1721 069c 89       		.byte	-119
 1722 069d 14       		.byte	20
 1723 069e 8A       		.byte	-118
 1724 069f 01       		.byte	1
 1725 06a0 8C       		.byte	-116
 1726 06a1 21       		.byte	33
 1727 06a2 8D       		.byte	-115
 1728 06a3 40       		.byte	64
 1729 06a4 92       		.byte	-110
 1730 06a5 80       		.byte	-128
 1731 06a6 93       		.byte	-109
 1732 06a7 01       		.byte	1
 1733 06a8 94       		.byte	-108
 1734 06a9 48       		.byte	72
 1735 06aa 95       		.byte	-107
 1736 06ab 20       		.byte	32
 1737 06ac 96       		.byte	-106
 1738 06ad 01       		.byte	1
 1739 06ae 9C       		.byte	-100
 1740 06af 21       		.byte	33
 1741 06b0 9E       		.byte	-98
 1742 06b1 03       		.byte	3
 1743 06b2 A0       		.byte	-96
 1744 06b3 10       		.byte	16
 1745 06b4 A3       		.byte	-93
 1746 06b5 12       		.byte	18
 1747 06b6 A4       		.byte	-92
 1748 06b7 28       		.byte	40
 1749 06b8 A6       		.byte	-90
 1750 06b9 48       		.byte	72
 1751 06ba A7       		.byte	-89
 1752 06bb 04       		.byte	4
 1753 06bc B7       		.byte	-73
 1754 06bd 10       		.byte	16
 1755 06be C0       		.byte	-64
 1756 06bf 07       		.byte	7
 1757 06c0 C2       		.byte	-62
 1758 06c1 3D       		.byte	61
 1759 06c2 C4       		.byte	-60
 1760 06c3 1F       		.byte	31
 1761 06c4 CA       		.byte	-54
 1762 06c5 10       		.byte	16
 1763 06c6 CC       		.byte	-52
 1764 06c7 23       		.byte	35
 1765 06c8 CE       		.byte	-50
 1766 06c9 0F       		.byte	15
 1767 06ca D0       		.byte	-48
ARM GAS  C:\Users\VIKRAM~1\AppData\Local\Temp\ccNFUHPX.s 			page 32


 1768 06cb 0F       		.byte	15
 1769 06cc D2       		.byte	-46
 1770 06cd 08       		.byte	8
 1771 06ce D6       		.byte	-42
 1772 06cf 01       		.byte	1
 1773 06d0 DE       		.byte	-34
 1774 06d1 10       		.byte	16
 1775 06d2 E8       		.byte	-24
 1776 06d3 10       		.byte	16
 1777 06d4 EC       		.byte	-20
 1778 06d5 20       		.byte	32
 1779 06d6 10       		.byte	16
 1780 06d7 10       		.byte	16
 1781 06d8 16       		.byte	22
 1782 06d9 80       		.byte	-128
 1783 06da 30       		.byte	48
 1784 06db 80       		.byte	-128
 1785 06dc 39       		.byte	57
 1786 06dd 08       		.byte	8
 1787 06de 3E       		.byte	62
 1788 06df 80       		.byte	-128
 1789 06e0 C4       		.byte	-60
 1790 06e1 30       		.byte	48
 1791 06e2 CC       		.byte	-52
 1792 06e3 10       		.byte	16
 1793 06e4 CE       		.byte	-50
 1794 06e5 60       		.byte	96
 1795 06e6 50       		.byte	80
 1796 06e7 04       		.byte	4
 1797 06e8 59       		.byte	89
 1798 06e9 10       		.byte	16
 1799 06ea 81       		.byte	-127
 1800 06eb 10       		.byte	16
 1801 06ec 95       		.byte	-107
 1802 06ed 08       		.byte	8
 1803 06ee 98       		.byte	-104
 1804 06ef 10       		.byte	16
 1805 06f0 A4       		.byte	-92
 1806 06f1 80       		.byte	-128
 1807 06f2 D4       		.byte	-44
 1808 06f3 A0       		.byte	-96
 1809 06f4 E6       		.byte	-26
 1810 06f5 20       		.byte	32
 1811 06f6 80       		.byte	-128
 1812 06f7 04       		.byte	4
 1813 06f8 88       		.byte	-120
 1814 06f9 10       		.byte	16
 1815 06fa 94       		.byte	-108
 1816 06fb 08       		.byte	8
 1817 06fc 98       		.byte	-104
 1818 06fd 10       		.byte	16
 1819 06fe A4       		.byte	-92
 1820 06ff 80       		.byte	-128
 1821 0700 AD       		.byte	-83
 1822 0701 04       		.byte	4
 1823 0702 E6       		.byte	-26
 1824 0703 80       		.byte	-128
ARM GAS  C:\Users\VIKRAM~1\AppData\Local\Temp\ccNFUHPX.s 			page 33


 1825 0704 EA       		.byte	-22
 1826 0705 10       		.byte	16
 1827 0706 A4       		.byte	-92
 1828 0707 80       		.byte	-128
 1829 0708 77       		.byte	119
 1830 0709 40       		.byte	64
 1831 070a DE       		.byte	-34
 1832 070b 04       		.byte	4
 1833 070c 5C       		.byte	92
 1834 070d 02       		.byte	2
 1835 070e 9F       		.byte	-97
 1836 070f 40       		.byte	64
 1837 0710 D6       		.byte	-42
 1838 0711 01       		.byte	1
 1839 0712 1B       		.byte	27
 1840 0713 02       		.byte	2
 1841 0714 26       		.byte	38
 1842 0715 08       		.byte	8
 1843 0716 83       		.byte	-125
 1844 0717 40       		.byte	64
 1845 0718 84       		.byte	-124
 1846 0719 02       		.byte	2
 1847 071a 9C       		.byte	-100
 1848 071b 02       		.byte	2
 1849 071c 9F       		.byte	-97
 1850 071d 40       		.byte	64
 1851 071e A7       		.byte	-89
 1852 071f 02       		.byte	2
 1853 0720 AF       		.byte	-81
 1854 0721 02       		.byte	2
 1855 0722 C6       		.byte	-58
 1856 0723 08       		.byte	8
 1857 0724 C8       		.byte	-56
 1858 0725 01       		.byte	1
 1859 0726 44       		.byte	68
 1860 0727 01       		.byte	1
 1861 0728 B2       		.byte	-78
 1862 0729 08       		.byte	8
 1863 072a D0       		.byte	-48
 1864 072b 04       		.byte	4
 1865 072c EE       		.byte	-18
 1866 072d 01       		.byte	1
 1867 072e 20       		.byte	32
 1868 072f 80       		.byte	-128
 1869 0730 8C       		.byte	-116
 1870 0731 80       		.byte	-128
 1871 0732 A4       		.byte	-92
 1872 0733 80       		.byte	-128
 1873 0734 C8       		.byte	-56
 1874 0735 40       		.byte	64
 1875 0736 B0       		.byte	-80
 1876 0737 40       		.byte	64
 1877 0738 9C       		.byte	-100
 1878 0739 01       		.byte	1
 1879 073a 12       		.byte	18
 1880 073b 80       		.byte	-128
 1881 073c 8E       		.byte	-114
ARM GAS  C:\Users\VIKRAM~1\AppData\Local\Temp\ccNFUHPX.s 			page 34


 1882 073d 80       		.byte	-128
 1883 073e B0       		.byte	-80
 1884 073f 01       		.byte	1
 1885 0740 C4       		.byte	-60
 1886 0741 08       		.byte	8
 1887 0742 E2       		.byte	-30
 1888 0743 02       		.byte	2
 1889 0744 EC       		.byte	-20
 1890 0745 04       		.byte	4
 1891 0746 00       		.byte	0
 1892 0747 07       		.byte	7
 1893 0748 0A       		.byte	10
 1894 0749 03       		.byte	3
 1895 074a 0C       		.byte	12
 1896 074b 06       		.byte	6
 1897 074c 0E       		.byte	14
 1898 074d 06       		.byte	6
 1899 074e 10       		.byte	16
 1900 074f 06       		.byte	6
 1901 0750 11       		.byte	17
 1902 0751 01       		.byte	1
 1903 0752 1A       		.byte	26
 1904 0753 02       		.byte	2
 1905 0754 1B       		.byte	27
 1906 0755 01       		.byte	1
 1907 0756 1C       		.byte	28
 1908 0757 06       		.byte	6
 1909 0758 1D       		.byte	29
 1910 0759 01       		.byte	1
 1911 075a 00       		.byte	0
 1912 075b 03       		.byte	3
 1913 075c 10       		.byte	16
 1914 075d 0A       		.byte	10
 1915 075e 00       		.byte	0
 1916 075f 00       		.byte	0
 1917 0760 00       		.byte	0
 1918 0761 12       		.byte	18
 1919 0762 00       		.byte	0
 1920 0763 8C       		.byte	-116
 1921 0764 BC       		.byte	-68
 1922 0765 3F       		.byte	63
 1923 0766 42       		.byte	66
 1924 0767 00       		.byte	0
 1925 0768 00       		.byte	0
 1926 0769 3F       		.byte	63
 1927 076a 04       		.byte	4
 1928 076b 00       		.byte	0
 1929 076c 00       		.byte	0
 1930 076d 01       		.byte	1
 1931 076e C3       		.byte	-61
 1932 076f 00       		.byte	0
 1933 0770 E7       		.byte	-25
 1934 0771 08       		.byte	8
 1935 0772 18       		.byte	24
 1936 0773 70       		.byte	112
 1937 0774 3C       		.byte	60
 1938 0775 24       		.byte	36
ARM GAS  C:\Users\VIKRAM~1\AppData\Local\Temp\ccNFUHPX.s 			page 35


 1939 0776 C1       		.byte	-63
 1940 0777 8A       		.byte	-118
 1941 0778 00       		.byte	0
 1942 0779 00       		.byte	0
 1943 077a 00       		.byte	0
 1944 077b 00       		.byte	0
 1945 077c FF       		.byte	-1
 1946 077d 00       		.byte	0
 1947 077e 00       		.byte	0
 1948 077f 00       		.byte	0
 1949 0780 10       		.byte	16
 1950 0781 00       		.byte	0
 1951 0782 00       		.byte	0
 1952 0783 00       		.byte	0
 1953 0784 08       		.byte	8
 1954 0785 00       		.byte	0
 1955 0786 00       		.byte	0
 1956 0787 00       		.byte	0
 1957 0788 18       		.byte	24
 1958 0789 00       		.byte	0
 1959 078a 00       		.byte	0
 1960 078b 00       		.byte	0
 1961 078c 04       		.byte	4
 1962 078d 00       		.byte	0
 1963 078e 00       		.byte	0
 1964 078f 00       		.byte	0
 1965 0790 20       		.byte	32
 1966 0791 38       		.byte	56
 1967 0792 58       		.byte	88
 1968 0793 06       		.byte	6
 1969 0794 1F       		.byte	31
 1970 0795 01       		.byte	1
 1971 0796 98       		.byte	-104
 1972 0797 C0       		.byte	-64
 1973 0798 00       		.byte	0
 1974 0799 00       		.byte	0
 1975 079a 28       		.byte	40
 1976 079b 00       		.byte	0
 1977 079c 00       		.byte	0
 1978 079d 00       		.byte	0
 1979 079e 01       		.byte	1
 1980 079f 40       		.byte	64
 1981 07a0 52       		.byte	82
 1982 07a1 04       		.byte	4
 1983 07a2 03       		.byte	3
 1984 07a3 00       		.byte	0
 1985 07a4 01       		.byte	1
 1986 07a5 00       		.byte	0
 1987 07a6 00       		.byte	0
 1988 07a7 CE       		.byte	-50
 1989 07a8 30       		.byte	48
 1990 07a9 FF       		.byte	-1
 1991 07aa FF       		.byte	-1
 1992 07ab FF       		.byte	-1
 1993 07ac 62       		.byte	98
 1994 07ad A0       		.byte	-96
 1995 07ae F0       		.byte	-16
ARM GAS  C:\Users\VIKRAM~1\AppData\Local\Temp\ccNFUHPX.s 			page 36


 1996 07af 41       		.byte	65
 1997 07b0 0C       		.byte	12
 1998 07b1 00       		.byte	0
 1999 07b2 00       		.byte	0
 2000 07b3 00       		.byte	0
 2001 07b4 00       		.byte	0
 2002 07b5 00       		.byte	0
 2003 07b6 02       		.byte	2
 2004 07b7 13       		.byte	19
 2005 07b8 04       		.byte	4
 2006 07b9 04       		.byte	4
 2007 07ba 04       		.byte	4
 2008 07bb 04       		.byte	4
 2009 07bc 22       		.byte	34
 2010 07bd 22       		.byte	34
 2011 07be 00       		.byte	0
 2012 07bf 01       		.byte	1
 2013 07c0 00       		.byte	0
 2014 07c1 00       		.byte	0
 2015 07c2 00       		.byte	0
 2016 07c3 00       		.byte	0
 2017 07c4 00       		.byte	0
 2018 07c5 00       		.byte	0
 2019 07c6 40       		.byte	64
 2020 07c7 02       		.byte	2
 2021 07c8 00       		.byte	0
 2022 07c9 10       		.byte	16
 2023 07ca 30       		.byte	48
 2024 07cb 10       		.byte	16
 2025 07cc 00       		.byte	0
 2026 07cd 10       		.byte	16
 2027 07ce 10       		.byte	16
 2028 07cf 12       		.byte	18
 2029 07d0 00       		.byte	0
 2030 07d1 00       		.byte	0
 2031 07d2 00       		.byte	0
 2032 07d3 00       		.byte	0
 2033 07d4 00       		.byte	0
 2034 07d5 00       		.byte	0
 2035 07d6 00       		.byte	0
 2036 07d7 00       		.byte	0
 2037 07d8 00       		.byte	0
 2038 07d9 00       		.byte	0
 2039 07da 00       		.byte	0
 2040 07db 00       		.byte	0
 2041 07dc 00       		.byte	0
 2042 07dd 00       		.byte	0
 2043 07de 00       		.byte	0
 2044 07df 00       		.byte	0
 2045 07e0 08       		.byte	8
 2046 07e1 40       		.byte	64
 2047 07e2 40       		.byte	64
 2048 07e3 00       		.byte	0
 2049 07e4 00       		.byte	0
 2050 07e5 03       		.byte	3
 2051 07e6 03       		.byte	3
 2052 07e7 00       		.byte	0
ARM GAS  C:\Users\VIKRAM~1\AppData\Local\Temp\ccNFUHPX.s 			page 37


 2053 07e8 80       		.byte	-128
 2054 07e9 00       		.byte	0
 2055 07ea 40       		.byte	64
 2056 07eb 80       		.byte	-128
 2057 07ec 80       		.byte	-128
 2058 07ed 00       		.byte	0
 2059 07ee 80       		.byte	-128
 2060 07ef 00       		.byte	0
 2061 07f0 00       		.byte	0
 2062 07f1 00       		.byte	0
 2063 07f2 00       		.byte	0
 2064 07f3 00       		.byte	0
 2065 07f4 00       		.byte	0
 2066 07f5 0B       		.byte	11
 2067 07f6 0B       		.byte	11
 2068 07f7 00       		.byte	0
 2069 07f8 00       		.byte	0
 2070 07f9 00       		.byte	0
 2071 07fa 00       		.byte	0
 2072 07fb 00       		.byte	0
 2073 07fc 00       		.byte	0
 2074 07fd 10       		.byte	16
 2075 07fe 10       		.byte	16
 2076 07ff 00       		.byte	0
 2077 0800 10       		.byte	16
 2078 0801 00       		.byte	0
 2079 0802 00       		.byte	0
 2080 0803 00       		.byte	0
 2081 0804 00       		.byte	0
 2082 0805 01       		.byte	1
 2083 0806 00       		.byte	0
 2084 0807 00       		.byte	0
 2085              		.section	.cywolatch,"a",%progbits
 2086              		.align	2
 2087              		.type	cy_meta_wonvl, %object
 2088              		.size	cy_meta_wonvl, 4
 2089              	cy_meta_wonvl:
 2090 0000 BC       		.byte	-68
 2091 0001 90       		.byte	-112
 2092 0002 AC       		.byte	-84
 2093 0003 AF       		.byte	-81
 2094              		.section	.cycustnvl,"a",%progbits
 2095              		.align	2
 2096              		.type	cy_meta_custnvl, %object
 2097              		.size	cy_meta_custnvl, 4
 2098              	cy_meta_custnvl:
 2099 0000 00       		.byte	0
 2100 0001 00       		.byte	0
 2101 0002 40       		.byte	64
 2102 0003 05       		.byte	5
 2103              		.section	.cymeta,"a",%progbits
 2104              		.align	2
 2105              		.type	cy_metadata, %object
 2106              		.size	cy_metadata, 12
 2107              	cy_metadata:
 2108 0000 00       		.byte	0
 2109 0001 01       		.byte	1
ARM GAS  C:\Users\VIKRAM~1\AppData\Local\Temp\ccNFUHPX.s 			page 38


 2110 0002 2E       		.byte	46
 2111 0003 16       		.byte	22
 2112 0004 10       		.byte	16
 2113 0005 69       		.byte	105
 2114 0006 00       		.byte	0
 2115 0007 01       		.byte	1
 2116 0008 00       		.byte	0
 2117 0009 00       		.byte	0
 2118 000a 00       		.byte	0
 2119 000b 00       		.byte	0
 2120              		.section	.cyflashprotect,"a",%progbits
 2121              		.align	2
 2122              		.type	cy_meta_flashprotect, %object
 2123              		.size	cy_meta_flashprotect, 256
 2124              	cy_meta_flashprotect:
 2125 0000 00000000 		.space	256
 2125      00000000 
 2125      00000000 
 2125      00000000 
 2125      00000000 
 2126              		.text
 2127              	.Letext0:
 2128              		.file 1 "c:\\program files (x86)\\cypress\\psoc creator\\4.4\\psoc creator\\import\\gnu\\arm\\5.4.
 2129              		.file 2 "c:\\program files (x86)\\cypress\\psoc creator\\4.4\\psoc creator\\import\\gnu\\arm\\5.4.
 2130              		.file 3 "Generated_Source\\PSoC5\\cymetadata.c"
 2131              		.section	.debug_info,"",%progbits
 2132              	.Ldebug_info0:
 2133 0000 35010000 		.4byte	0x135
 2134 0004 0400     		.2byte	0x4
 2135 0006 00000000 		.4byte	.Ldebug_abbrev0
 2136 000a 04       		.byte	0x4
 2137 000b 01       		.uleb128 0x1
 2138 000c 24000000 		.4byte	.LASF17
 2139 0010 0C       		.byte	0xc
 2140 0011 0E020000 		.4byte	.LASF18
 2141 0015 E7000000 		.4byte	.LASF19
 2142 0019 00000000 		.4byte	.Ldebug_line0
 2143 001d 02       		.uleb128 0x2
 2144 001e 01       		.byte	0x1
 2145 001f 06       		.byte	0x6
 2146 0020 02020000 		.4byte	.LASF0
 2147 0024 03       		.uleb128 0x3
 2148 0025 00000000 		.4byte	.LASF9
 2149 0029 01       		.byte	0x1
 2150 002a 1D       		.byte	0x1d
 2151 002b 2F000000 		.4byte	0x2f
 2152 002f 02       		.uleb128 0x2
 2153 0030 01       		.byte	0x1
 2154 0031 08       		.byte	0x8
 2155 0032 16000000 		.4byte	.LASF1
 2156 0036 02       		.uleb128 0x2
 2157 0037 02       		.byte	0x2
 2158 0038 05       		.byte	0x5
 2159 0039 EF010000 		.4byte	.LASF2
 2160 003d 02       		.uleb128 0x2
 2161 003e 02       		.byte	0x2
 2162 003f 07       		.byte	0x7
ARM GAS  C:\Users\VIKRAM~1\AppData\Local\Temp\ccNFUHPX.s 			page 39


 2163 0040 C4000000 		.4byte	.LASF3
 2164 0044 02       		.uleb128 0x2
 2165 0045 04       		.byte	0x4
 2166 0046 05       		.byte	0x5
 2167 0047 F9010000 		.4byte	.LASF4
 2168 004b 02       		.uleb128 0x2
 2169 004c 04       		.byte	0x4
 2170 004d 07       		.byte	0x7
 2171 004e B2000000 		.4byte	.LASF5
 2172 0052 02       		.uleb128 0x2
 2173 0053 08       		.byte	0x8
 2174 0054 05       		.byte	0x5
 2175 0055 E1010000 		.4byte	.LASF6
 2176 0059 02       		.uleb128 0x2
 2177 005a 08       		.byte	0x8
 2178 005b 07       		.byte	0x7
 2179 005c 96010000 		.4byte	.LASF7
 2180 0060 04       		.uleb128 0x4
 2181 0061 04       		.byte	0x4
 2182 0062 05       		.byte	0x5
 2183 0063 696E7400 		.ascii	"int\000"
 2184 0067 02       		.uleb128 0x2
 2185 0068 04       		.byte	0x4
 2186 0069 07       		.byte	0x7
 2187 006a 89010000 		.4byte	.LASF8
 2188 006e 03       		.uleb128 0x3
 2189 006f AD010000 		.4byte	.LASF10
 2190 0073 02       		.byte	0x2
 2191 0074 18       		.byte	0x18
 2192 0075 24000000 		.4byte	0x24
 2193 0079 05       		.uleb128 0x5
 2194 007a 91000000 		.4byte	0x91
 2195 007e 8A000000 		.4byte	0x8a
 2196 0082 06       		.uleb128 0x6
 2197 0083 8A000000 		.4byte	0x8a
 2198 0087 0708     		.2byte	0x807
 2199 0089 00       		.byte	0
 2200 008a 02       		.uleb128 0x2
 2201 008b 04       		.byte	0x4
 2202 008c 07       		.byte	0x7
 2203 008d D8010000 		.4byte	.LASF11
 2204 0091 07       		.uleb128 0x7
 2205 0092 6E000000 		.4byte	0x6e
 2206 0096 08       		.uleb128 0x8
 2207 0097 77010000 		.4byte	.LASF12
 2208 009b 03       		.byte	0x3
 2209 009c 1F       		.byte	0x1f
 2210 009d A7000000 		.4byte	0xa7
 2211 00a1 05       		.uleb128 0x5
 2212 00a2 03       		.byte	0x3
 2213 00a3 00000000 		.4byte	cy_meta_configecc
 2214 00a7 07       		.uleb128 0x7
 2215 00a8 79000000 		.4byte	0x79
 2216 00ac 05       		.uleb128 0x5
 2217 00ad 91000000 		.4byte	0x91
 2218 00b1 BC000000 		.4byte	0xbc
 2219 00b5 09       		.uleb128 0x9
ARM GAS  C:\Users\VIKRAM~1\AppData\Local\Temp\ccNFUHPX.s 			page 40


 2220 00b6 8A000000 		.4byte	0x8a
 2221 00ba 03       		.byte	0x3
 2222 00bb 00       		.byte	0
 2223 00bc 0A       		.uleb128 0xa
 2224 00bd D7000000 		.4byte	.LASF13
 2225 00c1 03       		.byte	0x3
 2226 00c2 2D01     		.2byte	0x12d
 2227 00c4 CE000000 		.4byte	0xce
 2228 00c8 05       		.uleb128 0x5
 2229 00c9 03       		.byte	0x3
 2230 00ca 00000000 		.4byte	cy_meta_custnvl
 2231 00ce 07       		.uleb128 0x7
 2232 00cf AC000000 		.4byte	0xac
 2233 00d3 0A       		.uleb128 0xa
 2234 00d4 CA010000 		.4byte	.LASF14
 2235 00d8 03       		.byte	0x3
 2236 00d9 3B01     		.2byte	0x13b
 2237 00db E5000000 		.4byte	0xe5
 2238 00df 05       		.uleb128 0x5
 2239 00e0 03       		.byte	0x3
 2240 00e1 00000000 		.4byte	cy_meta_wonvl
 2241 00e5 07       		.uleb128 0x7
 2242 00e6 AC000000 		.4byte	0xac
 2243 00ea 05       		.uleb128 0x5
 2244 00eb 91000000 		.4byte	0x91
 2245 00ef FA000000 		.4byte	0xfa
 2246 00f3 09       		.uleb128 0x9
 2247 00f4 8A000000 		.4byte	0x8a
 2248 00f8 FF       		.byte	0xff
 2249 00f9 00       		.byte	0
 2250 00fa 0A       		.uleb128 0xa
 2251 00fb B5010000 		.4byte	.LASF15
 2252 00ff 03       		.byte	0x3
 2253 0100 4901     		.2byte	0x149
 2254 0102 0C010000 		.4byte	0x10c
 2255 0106 05       		.uleb128 0x5
 2256 0107 03       		.byte	0x3
 2257 0108 00000000 		.4byte	cy_meta_flashprotect
 2258 010c 07       		.uleb128 0x7
 2259 010d EA000000 		.4byte	0xea
 2260 0111 05       		.uleb128 0x5
 2261 0112 91000000 		.4byte	0x91
 2262 0116 21010000 		.4byte	0x121
 2263 011a 09       		.uleb128 0x9
 2264 011b 8A000000 		.4byte	0x8a
 2265 011f 0B       		.byte	0xb
 2266 0120 00       		.byte	0
 2267 0121 0A       		.uleb128 0xa
 2268 0122 0A000000 		.4byte	.LASF16
 2269 0126 03       		.byte	0x3
 2270 0127 7601     		.2byte	0x176
 2271 0129 33010000 		.4byte	0x133
 2272 012d 05       		.uleb128 0x5
 2273 012e 03       		.byte	0x3
 2274 012f 00000000 		.4byte	cy_metadata
 2275 0133 07       		.uleb128 0x7
 2276 0134 11010000 		.4byte	0x111
ARM GAS  C:\Users\VIKRAM~1\AppData\Local\Temp\ccNFUHPX.s 			page 41


 2277 0138 00       		.byte	0
 2278              		.section	.debug_abbrev,"",%progbits
 2279              	.Ldebug_abbrev0:
 2280 0000 01       		.uleb128 0x1
 2281 0001 11       		.uleb128 0x11
 2282 0002 01       		.byte	0x1
 2283 0003 25       		.uleb128 0x25
 2284 0004 0E       		.uleb128 0xe
 2285 0005 13       		.uleb128 0x13
 2286 0006 0B       		.uleb128 0xb
 2287 0007 03       		.uleb128 0x3
 2288 0008 0E       		.uleb128 0xe
 2289 0009 1B       		.uleb128 0x1b
 2290 000a 0E       		.uleb128 0xe
 2291 000b 10       		.uleb128 0x10
 2292 000c 17       		.uleb128 0x17
 2293 000d 00       		.byte	0
 2294 000e 00       		.byte	0
 2295 000f 02       		.uleb128 0x2
 2296 0010 24       		.uleb128 0x24
 2297 0011 00       		.byte	0
 2298 0012 0B       		.uleb128 0xb
 2299 0013 0B       		.uleb128 0xb
 2300 0014 3E       		.uleb128 0x3e
 2301 0015 0B       		.uleb128 0xb
 2302 0016 03       		.uleb128 0x3
 2303 0017 0E       		.uleb128 0xe
 2304 0018 00       		.byte	0
 2305 0019 00       		.byte	0
 2306 001a 03       		.uleb128 0x3
 2307 001b 16       		.uleb128 0x16
 2308 001c 00       		.byte	0
 2309 001d 03       		.uleb128 0x3
 2310 001e 0E       		.uleb128 0xe
 2311 001f 3A       		.uleb128 0x3a
 2312 0020 0B       		.uleb128 0xb
 2313 0021 3B       		.uleb128 0x3b
 2314 0022 0B       		.uleb128 0xb
 2315 0023 49       		.uleb128 0x49
 2316 0024 13       		.uleb128 0x13
 2317 0025 00       		.byte	0
 2318 0026 00       		.byte	0
 2319 0027 04       		.uleb128 0x4
 2320 0028 24       		.uleb128 0x24
 2321 0029 00       		.byte	0
 2322 002a 0B       		.uleb128 0xb
 2323 002b 0B       		.uleb128 0xb
 2324 002c 3E       		.uleb128 0x3e
 2325 002d 0B       		.uleb128 0xb
 2326 002e 03       		.uleb128 0x3
 2327 002f 08       		.uleb128 0x8
 2328 0030 00       		.byte	0
 2329 0031 00       		.byte	0
 2330 0032 05       		.uleb128 0x5
 2331 0033 01       		.uleb128 0x1
 2332 0034 01       		.byte	0x1
 2333 0035 49       		.uleb128 0x49
ARM GAS  C:\Users\VIKRAM~1\AppData\Local\Temp\ccNFUHPX.s 			page 42


 2334 0036 13       		.uleb128 0x13
 2335 0037 01       		.uleb128 0x1
 2336 0038 13       		.uleb128 0x13
 2337 0039 00       		.byte	0
 2338 003a 00       		.byte	0
 2339 003b 06       		.uleb128 0x6
 2340 003c 21       		.uleb128 0x21
 2341 003d 00       		.byte	0
 2342 003e 49       		.uleb128 0x49
 2343 003f 13       		.uleb128 0x13
 2344 0040 2F       		.uleb128 0x2f
 2345 0041 05       		.uleb128 0x5
 2346 0042 00       		.byte	0
 2347 0043 00       		.byte	0
 2348 0044 07       		.uleb128 0x7
 2349 0045 26       		.uleb128 0x26
 2350 0046 00       		.byte	0
 2351 0047 49       		.uleb128 0x49
 2352 0048 13       		.uleb128 0x13
 2353 0049 00       		.byte	0
 2354 004a 00       		.byte	0
 2355 004b 08       		.uleb128 0x8
 2356 004c 34       		.uleb128 0x34
 2357 004d 00       		.byte	0
 2358 004e 03       		.uleb128 0x3
 2359 004f 0E       		.uleb128 0xe
 2360 0050 3A       		.uleb128 0x3a
 2361 0051 0B       		.uleb128 0xb
 2362 0052 3B       		.uleb128 0x3b
 2363 0053 0B       		.uleb128 0xb
 2364 0054 49       		.uleb128 0x49
 2365 0055 13       		.uleb128 0x13
 2366 0056 3F       		.uleb128 0x3f
 2367 0057 19       		.uleb128 0x19
 2368 0058 02       		.uleb128 0x2
 2369 0059 18       		.uleb128 0x18
 2370 005a 00       		.byte	0
 2371 005b 00       		.byte	0
 2372 005c 09       		.uleb128 0x9
 2373 005d 21       		.uleb128 0x21
 2374 005e 00       		.byte	0
 2375 005f 49       		.uleb128 0x49
 2376 0060 13       		.uleb128 0x13
 2377 0061 2F       		.uleb128 0x2f
 2378 0062 0B       		.uleb128 0xb
 2379 0063 00       		.byte	0
 2380 0064 00       		.byte	0
 2381 0065 0A       		.uleb128 0xa
 2382 0066 34       		.uleb128 0x34
 2383 0067 00       		.byte	0
 2384 0068 03       		.uleb128 0x3
 2385 0069 0E       		.uleb128 0xe
 2386 006a 3A       		.uleb128 0x3a
 2387 006b 0B       		.uleb128 0xb
 2388 006c 3B       		.uleb128 0x3b
 2389 006d 05       		.uleb128 0x5
 2390 006e 49       		.uleb128 0x49
ARM GAS  C:\Users\VIKRAM~1\AppData\Local\Temp\ccNFUHPX.s 			page 43


 2391 006f 13       		.uleb128 0x13
 2392 0070 3F       		.uleb128 0x3f
 2393 0071 19       		.uleb128 0x19
 2394 0072 02       		.uleb128 0x2
 2395 0073 18       		.uleb128 0x18
 2396 0074 00       		.byte	0
 2397 0075 00       		.byte	0
 2398 0076 00       		.byte	0
 2399              		.section	.debug_aranges,"",%progbits
 2400 0000 14000000 		.4byte	0x14
 2401 0004 0200     		.2byte	0x2
 2402 0006 00000000 		.4byte	.Ldebug_info0
 2403 000a 04       		.byte	0x4
 2404 000b 00       		.byte	0
 2405 000c 0000     		.2byte	0
 2406 000e 0000     		.2byte	0
 2407 0010 00000000 		.4byte	0
 2408 0014 00000000 		.4byte	0
 2409              		.section	.debug_line,"",%progbits
 2410              	.Ldebug_line0:
 2411 0000 3D010000 		.section	.debug_str,"MS",%progbits,1
 2411      02003701 
 2411      00000201 
 2411      FB0E0D00 
 2411      01010101 
 2412              	.LASF9:
 2413 0000 5F5F7569 		.ascii	"__uint8_t\000"
 2413      6E74385F 
 2413      7400
 2414              	.LASF16:
 2415 000a 63795F6D 		.ascii	"cy_metadata\000"
 2415      65746164 
 2415      61746100 
 2416              	.LASF1:
 2417 0016 756E7369 		.ascii	"unsigned char\000"
 2417      676E6564 
 2417      20636861 
 2417      7200
 2418              	.LASF17:
 2419 0024 474E5520 		.ascii	"GNU C11 5.4.1 20160609 (release) [ARM/embedded-5-br"
 2419      43313120 
 2419      352E342E 
 2419      31203230 
 2419      31363036 
 2420 0057 616E6368 		.ascii	"anch revision 237715] -mcpu=cortex-m3 -mthumb -g -O"
 2420      20726576 
 2420      6973696F 
 2420      6E203233 
 2420      37373135 
 2421 008a 67202D66 		.ascii	"g -ffunction-sections -ffat-lto-objects\000"
 2421      66756E63 
 2421      74696F6E 
 2421      2D736563 
 2421      74696F6E 
 2422              	.LASF5:
 2423 00b2 6C6F6E67 		.ascii	"long unsigned int\000"
 2423      20756E73 
ARM GAS  C:\Users\VIKRAM~1\AppData\Local\Temp\ccNFUHPX.s 			page 44


 2423      69676E65 
 2423      6420696E 
 2423      7400
 2424              	.LASF3:
 2425 00c4 73686F72 		.ascii	"short unsigned int\000"
 2425      7420756E 
 2425      7369676E 
 2425      65642069 
 2425      6E7400
 2426              	.LASF13:
 2427 00d7 63795F6D 		.ascii	"cy_meta_custnvl\000"
 2427      6574615F 
 2427      63757374 
 2427      6E766C00 
 2428              	.LASF19:
 2429 00e7 433A5C55 		.ascii	"C:\\Users\\Vikram Vadhirajan\\OneDrive - LearnMSO\\"
 2429      73657273 
 2429      5C56696B 
 2429      72616D20 
 2429      56616468 
 2430 0116 5072616A 		.ascii	"Praju_Docs\\Semester_2\\EAA\\Lab\\PSOC_Creator\\Lab"
 2430      755F446F 
 2430      63735C53 
 2430      656D6573 
 2430      7465725F 
 2431 0144 5C4C6162 		.ascii	"\\Lab1\\Lab1_Assignment_GasPedal\\Lab1_GasPedal.cyd"
 2431      315C4C61 
 2431      62315F41 
 2431      73736967 
 2431      6E6D656E 
 2432 0174 736E00   		.ascii	"sn\000"
 2433              	.LASF12:
 2434 0177 63795F6D 		.ascii	"cy_meta_configecc\000"
 2434      6574615F 
 2434      636F6E66 
 2434      69676563 
 2434      6300
 2435              	.LASF8:
 2436 0189 756E7369 		.ascii	"unsigned int\000"
 2436      676E6564 
 2436      20696E74 
 2436      00
 2437              	.LASF7:
 2438 0196 6C6F6E67 		.ascii	"long long unsigned int\000"
 2438      206C6F6E 
 2438      6720756E 
 2438      7369676E 
 2438      65642069 
 2439              	.LASF10:
 2440 01ad 75696E74 		.ascii	"uint8_t\000"
 2440      385F7400 
 2441              	.LASF15:
 2442 01b5 63795F6D 		.ascii	"cy_meta_flashprotect\000"
 2442      6574615F 
 2442      666C6173 
 2442      6870726F 
 2442      74656374 
ARM GAS  C:\Users\VIKRAM~1\AppData\Local\Temp\ccNFUHPX.s 			page 45


 2443              	.LASF14:
 2444 01ca 63795F6D 		.ascii	"cy_meta_wonvl\000"
 2444      6574615F 
 2444      776F6E76 
 2444      6C00
 2445              	.LASF11:
 2446 01d8 73697A65 		.ascii	"sizetype\000"
 2446      74797065 
 2446      00
 2447              	.LASF6:
 2448 01e1 6C6F6E67 		.ascii	"long long int\000"
 2448      206C6F6E 
 2448      6720696E 
 2448      7400
 2449              	.LASF2:
 2450 01ef 73686F72 		.ascii	"short int\000"
 2450      7420696E 
 2450      7400
 2451              	.LASF4:
 2452 01f9 6C6F6E67 		.ascii	"long int\000"
 2452      20696E74 
 2452      00
 2453              	.LASF0:
 2454 0202 7369676E 		.ascii	"signed char\000"
 2454      65642063 
 2454      68617200 
 2455              	.LASF18:
 2456 020e 47656E65 		.ascii	"Generated_Source\\PSoC5\\cymetadata.c\000"
 2456      72617465 
 2456      645F536F 
 2456      75726365 
 2456      5C50536F 
 2457              		.ident	"GCC: (GNU Tools for ARM Embedded Processors) 5.4.1 20160609 (release) [ARM/embedded-5-bran
