ARM GAS  C:\Users\VIKRAM~1\AppData\Local\Temp\ccqDHbyC.s 			page 1


   1              		.syntax unified
   2              		.cpu cortex-m3
   3              		.fpu softvfp
   4              		.eabi_attribute 20, 1
   5              		.eabi_attribute 21, 1
   6              		.eabi_attribute 23, 3
   7              		.eabi_attribute 24, 1
   8              		.eabi_attribute 25, 1
   9              		.eabi_attribute 26, 1
  10              		.eabi_attribute 30, 1
  11              		.eabi_attribute 34, 1
  12              		.eabi_attribute 18, 4
  13              		.thumb
  14              		.syntax unified
  15              		.file	"led.c"
  16              		.text
  17              	.Ltext0:
  18              		.cfi_sections	.debug_frame
  19              		.section	.text.LED_Set,"ax",%progbits
  20              		.align	2
  21              		.global	LED_Set
  22              		.thumb
  23              		.thumb_func
  24              		.type	LED_Set, %function
  25              	LED_Set:
  26              	.LFB111:
  27              		.file 1 "source\\bsw\\led.c"
   1:source\bsw/led.c **** /**
   2:source\bsw/led.c **** * \file <filename>
   3:source\bsw/led.c **** * \author <author-name>
   4:source\bsw/led.c **** * \date <date>
   5:source\bsw/led.c **** *
   6:source\bsw/led.c **** * \brief <Symbolic File name>
   7:source\bsw/led.c **** *
   8:source\bsw/led.c **** * \copyright Copyright ©2016
   9:source\bsw/led.c **** * Department of electrical engineering and information technology, Hochschule Darmstadt - Universit
  10:source\bsw/led.c **** * Permission to use, copy, modify, and distribute this software and its documentation for education
  11:source\bsw/led.c **** * (unless permitted by h_da) and official h_da projects, is hereby granted for enrolled students of
  12:source\bsw/led.c **** * this paragraph and the following paragraph appear in all copies, modifications, and distributions
  13:source\bsw/led.c **** * Contact Prof.Dr.-Ing. Peter Fromm, peter.fromm@h-da.de, Birkenweg 8 64295 Darmstadt - GERMANY for
  14:source\bsw/led.c **** *
  15:source\bsw/led.c **** * \warning This software is a PROTOTYPE version and is not designed or intended for use in producti
  16:source\bsw/led.c **** * The user represents and warrants that it will NOT use or redistribute the Software for such purpo
  17:source\bsw/led.c **** * This prototype is for research purposes only. This software is provided "AS IS," without a warran
  18:source\bsw/led.c **** */
  19:source\bsw/led.c **** 
  20:source\bsw/led.c **** /*****************************************************************************/
  21:source\bsw/led.c **** /* Include files                                                             */
  22:source\bsw/led.c **** /*****************************************************************************/
  23:source\bsw/led.c **** 
  24:source\bsw/led.c **** #include "project.h"
  25:source\bsw/led.c **** #include "led.h"
  26:source\bsw/led.c **** 
  27:source\bsw/led.c **** 
  28:source\bsw/led.c **** /*****************************************************************************/
  29:source\bsw/led.c **** /* Local pre-processor symbols/macros ('#define')                            */
  30:source\bsw/led.c **** /*****************************************************************************/
ARM GAS  C:\Users\VIKRAM~1\AppData\Local\Temp\ccqDHbyC.s 			page 2


  31:source\bsw/led.c **** 
  32:source\bsw/led.c **** /*****************************************************************************/
  33:source\bsw/led.c **** /* Global variable definitions (declared in header file with 'extern')       */
  34:source\bsw/led.c **** /*****************************************************************************/
  35:source\bsw/led.c **** 
  36:source\bsw/led.c **** /*****************************************************************************/
  37:source\bsw/led.c **** /* Local type definitions ('typedef')                                        */
  38:source\bsw/led.c **** /*****************************************************************************/
  39:source\bsw/led.c **** 
  40:source\bsw/led.c **** 
  41:source\bsw/led.c **** 
  42:source\bsw/led.c **** /*****************************************************************************/
  43:source\bsw/led.c **** /* Local variable definitions ('static')                                     */
  44:source\bsw/led.c **** /*****************************************************************************/
  45:source\bsw/led.c **** 
  46:source\bsw/led.c **** 
  47:source\bsw/led.c **** static LED_ONOFF_t LED__state[LED_ALL] = {LED_OFF, LED_OFF, LED_OFF}; /**< On/Off State of the LED,
  48:source\bsw/led.c **** 
  49:source\bsw/led.c **** const static uint16 LED__Pulse_Width[256] = {
  50:source\bsw/led.c ****     0, 1, 1, 1, 1, 1, 1, 1, 1, 2, 2, 2, 2, 2, 2, 2, 2, 2, 2, 2, 2, 3,
  51:source\bsw/led.c ****     3, 3, 3, 3, 3, 3, 4, 4, 4, 4, 4, 4, 5, 5, 5, 5, 5, 6, 6, 6, 6, 7,
  52:source\bsw/led.c ****     7, 7, 8, 8, 8, 9, 9, 10, 10, 10, 11, 11, 12, 12, 13, 13, 14, 15,
  53:source\bsw/led.c ****     15, 16, 17, 17, 18, 19, 20, 21, 22, 23, 24, 25, 26, 27, 28, 29,
  54:source\bsw/led.c ****     31, 32, 33, 35, 36, 38, 40, 41, 43, 45, 47, 49, 52, 54, 56, 59,
  55:source\bsw/led.c ****     61, 64, 67, 70, 73, 76, 79, 83, 87, 91, 95, 99, 103, 108, 112,
  56:source\bsw/led.c ****     117, 123, 128, 134, 140, 146, 152, 159, 166, 173, 181, 189, 197,
  57:source\bsw/led.c ****     206, 215, 225, 235, 245, 256, 267, 279, 292, 304, 318, 332, 347,
  58:source\bsw/led.c ****     362, 378, 395, 412, 431, 450, 470, 490, 512, 535, 558, 583, 609,
  59:source\bsw/led.c ****     636, 664, 693, 724, 756, 790, 825, 861, 899, 939, 981, 1024, 1069,
  60:source\bsw/led.c ****     1117, 1166, 1218, 1272, 1328, 1387, 1448, 1512, 1579, 1649, 1722,
  61:source\bsw/led.c ****     1798, 1878, 1961, 2048, 2139, 2233, 2332, 2435, 2543, 2656, 2773,
  62:source\bsw/led.c ****     2896, 3025, 3158, 3298, 3444, 3597, 3756, 3922, 4096, 4277, 4467,
  63:source\bsw/led.c ****     4664, 4871, 5087, 5312, 5547, 5793, 6049, 6317, 6596, 6889, 7194,
  64:source\bsw/led.c ****     7512, 7845, 8192, 8555, 8933, 9329, 9742, 10173, 10624, 11094,
  65:source\bsw/led.c ****     11585, 12098, 12634, 13193, 13777, 14387, 15024, 15689, 16384,
  66:source\bsw/led.c ****     17109, 17867, 18658, 19484, 20346, 21247, 22188, 23170, 24196,
  67:source\bsw/led.c ****     25267, 26386, 27554, 28774, 30048, 31378, 32768, 34218, 35733,
  68:source\bsw/led.c ****     37315, 38967, 40693, 42494, 44376, 46340, 48392, 50534, 52772,
  69:source\bsw/led.c ****     55108, 57548, 60096, 62757, 65535
  70:source\bsw/led.c **** };
  71:source\bsw/led.c **** 
  72:source\bsw/led.c **** /*****************************************************************************/
  73:source\bsw/led.c **** /* Local function prototypes ('static')                                      */
  74:source\bsw/led.c **** /*****************************************************************************/
  75:source\bsw/led.c **** 
  76:source\bsw/led.c **** /**
  77:source\bsw/led.c ****  * Inverts the parameter
  78:source\bsw/led.c ****  * @param LED_ONOFF_t ledOnOff - Value to be inverted
  79:source\bsw/led.c ****  * @return inverted parameter
  80:source\bsw/led.c ****  */
  81:source\bsw/led.c **** static inline LED_ONOFF_t LED__toggleValue(LED_ONOFF_t ledOnOff);
  82:source\bsw/led.c **** 
  83:source\bsw/led.c **** 
  84:source\bsw/led.c **** /*****************************************************************************/
  85:source\bsw/led.c **** /* Function implementation - global ('extern') and local ('static')          */
  86:source\bsw/led.c **** /*****************************************************************************/
  87:source\bsw/led.c **** 
ARM GAS  C:\Users\VIKRAM~1\AppData\Local\Temp\ccqDHbyC.s 			page 3


  88:source\bsw/led.c **** /**
  89:source\bsw/led.c ****  * Initialises the LED's and turns them off
  90:source\bsw/led.c ****  * @return RC_SUCCESS if function was executed as exepected, other error code in case of error
  91:source\bsw/led.c ****  */
  92:source\bsw/led.c **** RC_t LED_Init()
  93:source\bsw/led.c **** {
  94:source\bsw/led.c ****     RC_t result = RC_SUCCESS;
  95:source\bsw/led.c ****     
  96:source\bsw/led.c ****     for (LED_id_t i = LED_RED; i < LED_ALL; i++)
  97:source\bsw/led.c ****     {
  98:source\bsw/led.c ****         LED__state[i] = OFF;
  99:source\bsw/led.c ****         
 100:source\bsw/led.c ****         RC_t clearResult;
 101:source\bsw/led.c ****         clearResult = LED_Set(i, LED_OFF);
 102:source\bsw/led.c ****         
 103:source\bsw/led.c ****         if (clearResult != RC_SUCCESS)
 104:source\bsw/led.c ****         {
 105:source\bsw/led.c ****             //memorize error
 106:source\bsw/led.c ****             result = clearResult;
 107:source\bsw/led.c ****         }
 108:source\bsw/led.c ****     }
 109:source\bsw/led.c ****     
 110:source\bsw/led.c ****     //Init RGB
 111:source\bsw/led.c ****     Engine_PWM_Start();
 112:source\bsw/led.c ****     
 113:source\bsw/led.c ****     return result;
 114:source\bsw/led.c **** }
 115:source\bsw/led.c **** 
 116:source\bsw/led.c **** /**
 117:source\bsw/led.c ****  * Sets the required LED
 118:source\bsw/led.c ****  * @param LED_t ledId - Identifier for the LED, ALL will change all LED's
 119:source\bsw/led.c ****  * @param LED_ONOFF_t ledOnOff - Trun the led on or off
 120:source\bsw/led.c ****  * @return RC_SUCCESS if function was executed as exepected, other error code in case of error
 121:source\bsw/led.c ****  */
 122:source\bsw/led.c **** RC_t LED_Set(LED_id_t ledId, LED_ONOFF_t ledOnOff)
 123:source\bsw/led.c **** {
  28              		.loc 1 123 0
  29              		.cfi_startproc
  30              		@ args = 0, pretend = 0, frame = 0
  31              		@ frame_needed = 0, uses_anonymous_args = 0
  32              	.LVL0:
 124:source\bsw/led.c ****     //set individual LED
 125:source\bsw/led.c ****     switch (ledId)
  33              		.loc 1 125 0
  34 0000 48B9     		cbnz	r0, .L5
 123:source\bsw/led.c ****     //set individual LED
  35              		.loc 1 123 0
  36 0002 38B5     		push	{r3, r4, r5, lr}
  37              		.cfi_def_cfa_offset 16
  38              		.cfi_offset 3, -16
  39              		.cfi_offset 4, -12
  40              		.cfi_offset 5, -8
  41              		.cfi_offset 14, -4
  42 0004 0546     		mov	r5, r0
  43 0006 0C46     		mov	r4, r1
 126:source\bsw/led.c ****     {
 127:source\bsw/led.c ****         case LED_RED : 
ARM GAS  C:\Users\VIKRAM~1\AppData\Local\Temp\ccqDHbyC.s 			page 4


 128:source\bsw/led.c ****             Brake_LED_Write(ledOnOff); 
  44              		.loc 1 128 0
  45 0008 0846     		mov	r0, r1
  46              	.LVL1:
  47 000a FFF7FEFF 		bl	Brake_LED_Write
  48              	.LVL2:
 129:source\bsw/led.c ****             LED__state[ledId] = ledOnOff;
  49              		.loc 1 129 0
  50 000e 034B     		ldr	r3, .L8
  51 0010 5C55     		strb	r4, [r3, r5]
 130:source\bsw/led.c ****             break;
 131:source\bsw/led.c ****         default: return RC_ERROR_BAD_PARAM;
 132:source\bsw/led.c ****     }
 133:source\bsw/led.c ****     
 134:source\bsw/led.c ****     return RC_SUCCESS;
  52              		.loc 1 134 0
  53 0012 0020     		movs	r0, #0
  54 0014 38BD     		pop	{r3, r4, r5, pc}
  55              	.LVL3:
  56              	.L5:
  57              		.cfi_def_cfa_offset 0
  58              		.cfi_restore 3
  59              		.cfi_restore 4
  60              		.cfi_restore 5
  61              		.cfi_restore 14
 131:source\bsw/led.c ****     }
  62              		.loc 1 131 0
  63 0016 6FF01300 		mvn	r0, #19
  64              	.LVL4:
  65 001a 7047     		bx	lr
  66              	.L9:
  67              		.align	2
  68              	.L8:
  69 001c 00000000 		.word	.LANCHOR0
  70              		.cfi_endproc
  71              	.LFE111:
  72              		.size	LED_Set, .-LED_Set
  73              		.section	.text.LED_Init,"ax",%progbits
  74              		.align	2
  75              		.global	LED_Init
  76              		.thumb
  77              		.thumb_func
  78              		.type	LED_Init, %function
  79              	LED_Init:
  80              	.LFB110:
  93:source\bsw/led.c ****     RC_t result = RC_SUCCESS;
  81              		.loc 1 93 0
  82              		.cfi_startproc
  83              		@ args = 0, pretend = 0, frame = 0
  84              		@ frame_needed = 0, uses_anonymous_args = 0
  85 0000 38B5     		push	{r3, r4, r5, lr}
  86              		.cfi_def_cfa_offset 16
  87              		.cfi_offset 3, -16
  88              		.cfi_offset 4, -12
  89              		.cfi_offset 5, -8
  90              		.cfi_offset 14, -4
  91              	.LVL5:
ARM GAS  C:\Users\VIKRAM~1\AppData\Local\Temp\ccqDHbyC.s 			page 5


  92              	.LBB4:
  96:source\bsw/led.c ****     {
  93              		.loc 1 96 0
  94 0002 0024     		movs	r4, #0
  95              	.LBE4:
  94:source\bsw/led.c ****     
  96              		.loc 1 94 0
  97 0004 2546     		mov	r5, r4
  98              	.LBB6:
  96:source\bsw/led.c ****     {
  99              		.loc 1 96 0
 100 0006 09E0     		b	.L11
 101              	.LVL6:
 102              	.L13:
 103              	.LBB5:
  98:source\bsw/led.c ****         
 104              		.loc 1 98 0
 105 0008 0021     		movs	r1, #0
 106 000a 074B     		ldr	r3, .L16
 107 000c 1955     		strb	r1, [r3, r4]
 101:source\bsw/led.c ****         
 108              		.loc 1 101 0
 109 000e 2046     		mov	r0, r4
 110 0010 FFF7FEFF 		bl	LED_Set
 111              	.LVL7:
 103:source\bsw/led.c ****         {
 112              		.loc 1 103 0
 113 0014 00B1     		cbz	r0, .L12
 106:source\bsw/led.c ****         }
 114              		.loc 1 106 0
 115 0016 0546     		mov	r5, r0
 116              	.LVL8:
 117              	.L12:
 118              	.LBE5:
  96:source\bsw/led.c ****     {
 119              		.loc 1 96 0 discriminator 2
 120 0018 0134     		adds	r4, r4, #1
 121              	.LVL9:
 122 001a E4B2     		uxtb	r4, r4
 123              	.LVL10:
 124              	.L11:
  96:source\bsw/led.c ****     {
 125              		.loc 1 96 0 is_stmt 0 discriminator 1
 126 001c 022C     		cmp	r4, #2
 127 001e F3D9     		bls	.L13
 128              	.LBE6:
 111:source\bsw/led.c ****     
 129              		.loc 1 111 0 is_stmt 1
 130 0020 FFF7FEFF 		bl	Engine_PWM_Start
 131              	.LVL11:
 114:source\bsw/led.c **** 
 132              		.loc 1 114 0
 133 0024 2846     		mov	r0, r5
 134 0026 38BD     		pop	{r3, r4, r5, pc}
 135              	.LVL12:
 136              	.L17:
 137              		.align	2
ARM GAS  C:\Users\VIKRAM~1\AppData\Local\Temp\ccqDHbyC.s 			page 6


 138              	.L16:
 139 0028 00000000 		.word	.LANCHOR0
 140              		.cfi_endproc
 141              	.LFE110:
 142              		.size	LED_Init, .-LED_Init
 143              		.section	.text.LED_Toggle,"ax",%progbits
 144              		.align	2
 145              		.global	LED_Toggle
 146              		.thumb
 147              		.thumb_func
 148              		.type	LED_Toggle, %function
 149              	LED_Toggle:
 150              	.LFB112:
 135:source\bsw/led.c **** }
 136:source\bsw/led.c **** 
 137:source\bsw/led.c **** 
 138:source\bsw/led.c **** 
 139:source\bsw/led.c **** /**
 140:source\bsw/led.c ****  * Toggle the required LED
 141:source\bsw/led.c ****  * @param LED_t ledId - Identifier for the LED, ALL will change all LED's
 142:source\bsw/led.c ****  * @return RC_SUCCESS if function was executed as exepected, other error code in case of error
 143:source\bsw/led.c ****  */
 144:source\bsw/led.c **** RC_t LED_Toggle(LED_id_t ledId)
 145:source\bsw/led.c **** {
 151              		.loc 1 145 0
 152              		.cfi_startproc
 153              		@ args = 0, pretend = 0, frame = 0
 154              		@ frame_needed = 0, uses_anonymous_args = 0
 155              	.LVL13:
 146:source\bsw/led.c ****     //set individual LED
 147:source\bsw/led.c ****     switch (ledId)
 156              		.loc 1 147 0
 157 0000 0228     		cmp	r0, #2
 158 0002 0ED1     		bne	.L24
 145:source\bsw/led.c ****     //set individual LED
 159              		.loc 1 145 0
 160 0004 08B5     		push	{r3, lr}
 161              		.cfi_def_cfa_offset 8
 162              		.cfi_offset 3, -8
 163              		.cfi_offset 14, -4
 148:source\bsw/led.c ****     {        
 149:source\bsw/led.c ****         case LED_GREEN : 
 150:source\bsw/led.c ****             LED__state[ledId] = LED__toggleValue(LED__state[ledId]); 
 164              		.loc 1 150 0
 165 0006 084B     		ldr	r3, .L27
 166 0008 1B5C     		ldrb	r3, [r3, r0]	@ zero_extendqisi2
 167              	.LVL14:
 168              	.LBB7:
 169              	.LBB8:
 151:source\bsw/led.c ****             Brake_LED_Write(LED__state[ledId]);
 152:source\bsw/led.c ****             break;
 153:source\bsw/led.c ****             
 154:source\bsw/led.c ****         default: return RC_ERROR_BAD_PARAM;
 155:source\bsw/led.c ****     }
 156:source\bsw/led.c ****     
 157:source\bsw/led.c ****     return RC_SUCCESS;
 158:source\bsw/led.c **** }
ARM GAS  C:\Users\VIKRAM~1\AppData\Local\Temp\ccqDHbyC.s 			page 7


 159:source\bsw/led.c **** 
 160:source\bsw/led.c **** 
 161:source\bsw/led.c **** /**
 162:source\bsw/led.c ****  * Inverts the parameter
 163:source\bsw/led.c ****  * @param LED_ONOFF_t ledOnOff - Value to be inverted
 164:source\bsw/led.c ****  * @return inverted parameter
 165:source\bsw/led.c ****  */
 166:source\bsw/led.c **** static inline LED_ONOFF_t LED__toggleValue(LED_ONOFF_t ledOnOff)
 167:source\bsw/led.c **** {
 168:source\bsw/led.c ****     if (ledOnOff == LED_ON) 
 170              		.loc 1 168 0
 171 000a 012B     		cmp	r3, #1
 172 000c 01D1     		bne	.L23
 169:source\bsw/led.c ****     {
 170:source\bsw/led.c ****         return LED_OFF;
 173              		.loc 1 170 0
 174 000e 0022     		movs	r2, #0
 175 0010 00E0     		b	.L21
 176              	.L23:
 171:source\bsw/led.c ****     }
 172:source\bsw/led.c ****     else
 173:source\bsw/led.c ****     {
 174:source\bsw/led.c ****         return LED_ON;
 177              		.loc 1 174 0
 178 0012 0122     		movs	r2, #1
 179              	.L21:
 180              	.LVL15:
 181              	.LBE8:
 182              	.LBE7:
 150:source\bsw/led.c ****             Brake_LED_Write(LED__state[ledId]);
 183              		.loc 1 150 0
 184 0014 0449     		ldr	r1, .L27
 185 0016 0A54     		strb	r2, [r1, r0]
 151:source\bsw/led.c ****             break;
 186              		.loc 1 151 0
 187 0018 1046     		mov	r0, r2
 188              	.LVL16:
 189 001a FFF7FEFF 		bl	Brake_LED_Write
 190              	.LVL17:
 157:source\bsw/led.c **** }
 191              		.loc 1 157 0
 192 001e 0020     		movs	r0, #0
 193 0020 08BD     		pop	{r3, pc}
 194              	.LVL18:
 195              	.L24:
 196              		.cfi_def_cfa_offset 0
 197              		.cfi_restore 3
 198              		.cfi_restore 14
 154:source\bsw/led.c ****     }
 199              		.loc 1 154 0
 200 0022 6FF01300 		mvn	r0, #19
 201              	.LVL19:
 202 0026 7047     		bx	lr
 203              	.L28:
 204              		.align	2
 205              	.L27:
 206 0028 00000000 		.word	.LANCHOR0
ARM GAS  C:\Users\VIKRAM~1\AppData\Local\Temp\ccqDHbyC.s 			page 8


 207              		.cfi_endproc
 208              	.LFE112:
 209              		.size	LED_Toggle, .-LED_Toggle
 210              		.section	.text.LED_RGB_Set,"ax",%progbits
 211              		.align	2
 212              		.global	LED_RGB_Set
 213              		.thumb
 214              		.thumb_func
 215              		.type	LED_RGB_Set, %function
 216              	LED_RGB_Set:
 217              	.LFB114:
 175:source\bsw/led.c ****     }
 176:source\bsw/led.c **** }
 177:source\bsw/led.c **** 
 178:source\bsw/led.c **** /**
 179:source\bsw/led.c ****  * Set the RGB LED
 180:source\bsw/led.c ****  * @param uint16_t red - brightness 
 181:source\bsw/led.c ****  * @param uint16_t green - brightness 
 182:source\bsw/led.c ****  * @param uint16_t blue - brightness 
 183:source\bsw/led.c ****  * @return RC_SUCCESS if function was executed as exepected, other error code in case of error
 184:source\bsw/led.c ****  */
 185:source\bsw/led.c **** RC_t LED_RGB_Set(uint8_t green)
 186:source\bsw/led.c **** {
 218              		.loc 1 186 0
 219              		.cfi_startproc
 220              		@ args = 0, pretend = 0, frame = 0
 221              		@ frame_needed = 0, uses_anonymous_args = 0
 222              	.LVL20:
 223 0000 08B5     		push	{r3, lr}
 224              		.cfi_def_cfa_offset 8
 225              		.cfi_offset 3, -8
 226              		.cfi_offset 14, -4
 187:source\bsw/led.c ****     Engine_PWM_WriteCompare(LED__Pulse_Width[green]);
 227              		.loc 1 187 0
 228 0002 034B     		ldr	r3, .L31
 229 0004 13F81000 		ldrb	r0, [r3, r0, lsl #1]	@ zero_extendqisi2
 230              	.LVL21:
 231 0008 FFF7FEFF 		bl	Engine_PWM_WriteCompare
 232              	.LVL22:
 188:source\bsw/led.c ****     return RC_SUCCESS;
 189:source\bsw/led.c **** }
 233              		.loc 1 189 0
 234 000c 0020     		movs	r0, #0
 235 000e 08BD     		pop	{r3, pc}
 236              	.L32:
 237              		.align	2
 238              	.L31:
 239 0010 00000000 		.word	.LANCHOR1
 240              		.cfi_endproc
 241              	.LFE114:
 242              		.size	LED_RGB_Set, .-LED_RGB_Set
 243              		.section	.rodata
 244              		.align	2
 245              		.set	.LANCHOR1,. + 0
 246              		.type	LED__Pulse_Width, %object
 247              		.size	LED__Pulse_Width, 512
 248              	LED__Pulse_Width:
ARM GAS  C:\Users\VIKRAM~1\AppData\Local\Temp\ccqDHbyC.s 			page 9


 249 0000 0000     		.short	0
 250 0002 0100     		.short	1
 251 0004 0100     		.short	1
 252 0006 0100     		.short	1
 253 0008 0100     		.short	1
 254 000a 0100     		.short	1
 255 000c 0100     		.short	1
 256 000e 0100     		.short	1
 257 0010 0100     		.short	1
 258 0012 0200     		.short	2
 259 0014 0200     		.short	2
 260 0016 0200     		.short	2
 261 0018 0200     		.short	2
 262 001a 0200     		.short	2
 263 001c 0200     		.short	2
 264 001e 0200     		.short	2
 265 0020 0200     		.short	2
 266 0022 0200     		.short	2
 267 0024 0200     		.short	2
 268 0026 0200     		.short	2
 269 0028 0200     		.short	2
 270 002a 0300     		.short	3
 271 002c 0300     		.short	3
 272 002e 0300     		.short	3
 273 0030 0300     		.short	3
 274 0032 0300     		.short	3
 275 0034 0300     		.short	3
 276 0036 0300     		.short	3
 277 0038 0400     		.short	4
 278 003a 0400     		.short	4
 279 003c 0400     		.short	4
 280 003e 0400     		.short	4
 281 0040 0400     		.short	4
 282 0042 0400     		.short	4
 283 0044 0500     		.short	5
 284 0046 0500     		.short	5
 285 0048 0500     		.short	5
 286 004a 0500     		.short	5
 287 004c 0500     		.short	5
 288 004e 0600     		.short	6
 289 0050 0600     		.short	6
 290 0052 0600     		.short	6
 291 0054 0600     		.short	6
 292 0056 0700     		.short	7
 293 0058 0700     		.short	7
 294 005a 0700     		.short	7
 295 005c 0800     		.short	8
 296 005e 0800     		.short	8
 297 0060 0800     		.short	8
 298 0062 0900     		.short	9
 299 0064 0900     		.short	9
 300 0066 0A00     		.short	10
 301 0068 0A00     		.short	10
 302 006a 0A00     		.short	10
 303 006c 0B00     		.short	11
 304 006e 0B00     		.short	11
 305 0070 0C00     		.short	12
ARM GAS  C:\Users\VIKRAM~1\AppData\Local\Temp\ccqDHbyC.s 			page 10


 306 0072 0C00     		.short	12
 307 0074 0D00     		.short	13
 308 0076 0D00     		.short	13
 309 0078 0E00     		.short	14
 310 007a 0F00     		.short	15
 311 007c 0F00     		.short	15
 312 007e 1000     		.short	16
 313 0080 1100     		.short	17
 314 0082 1100     		.short	17
 315 0084 1200     		.short	18
 316 0086 1300     		.short	19
 317 0088 1400     		.short	20
 318 008a 1500     		.short	21
 319 008c 1600     		.short	22
 320 008e 1700     		.short	23
 321 0090 1800     		.short	24
 322 0092 1900     		.short	25
 323 0094 1A00     		.short	26
 324 0096 1B00     		.short	27
 325 0098 1C00     		.short	28
 326 009a 1D00     		.short	29
 327 009c 1F00     		.short	31
 328 009e 2000     		.short	32
 329 00a0 2100     		.short	33
 330 00a2 2300     		.short	35
 331 00a4 2400     		.short	36
 332 00a6 2600     		.short	38
 333 00a8 2800     		.short	40
 334 00aa 2900     		.short	41
 335 00ac 2B00     		.short	43
 336 00ae 2D00     		.short	45
 337 00b0 2F00     		.short	47
 338 00b2 3100     		.short	49
 339 00b4 3400     		.short	52
 340 00b6 3600     		.short	54
 341 00b8 3800     		.short	56
 342 00ba 3B00     		.short	59
 343 00bc 3D00     		.short	61
 344 00be 4000     		.short	64
 345 00c0 4300     		.short	67
 346 00c2 4600     		.short	70
 347 00c4 4900     		.short	73
 348 00c6 4C00     		.short	76
 349 00c8 4F00     		.short	79
 350 00ca 5300     		.short	83
 351 00cc 5700     		.short	87
 352 00ce 5B00     		.short	91
 353 00d0 5F00     		.short	95
 354 00d2 6300     		.short	99
 355 00d4 6700     		.short	103
 356 00d6 6C00     		.short	108
 357 00d8 7000     		.short	112
 358 00da 7500     		.short	117
 359 00dc 7B00     		.short	123
 360 00de 8000     		.short	128
 361 00e0 8600     		.short	134
 362 00e2 8C00     		.short	140
ARM GAS  C:\Users\VIKRAM~1\AppData\Local\Temp\ccqDHbyC.s 			page 11


 363 00e4 9200     		.short	146
 364 00e6 9800     		.short	152
 365 00e8 9F00     		.short	159
 366 00ea A600     		.short	166
 367 00ec AD00     		.short	173
 368 00ee B500     		.short	181
 369 00f0 BD00     		.short	189
 370 00f2 C500     		.short	197
 371 00f4 CE00     		.short	206
 372 00f6 D700     		.short	215
 373 00f8 E100     		.short	225
 374 00fa EB00     		.short	235
 375 00fc F500     		.short	245
 376 00fe 0001     		.short	256
 377 0100 0B01     		.short	267
 378 0102 1701     		.short	279
 379 0104 2401     		.short	292
 380 0106 3001     		.short	304
 381 0108 3E01     		.short	318
 382 010a 4C01     		.short	332
 383 010c 5B01     		.short	347
 384 010e 6A01     		.short	362
 385 0110 7A01     		.short	378
 386 0112 8B01     		.short	395
 387 0114 9C01     		.short	412
 388 0116 AF01     		.short	431
 389 0118 C201     		.short	450
 390 011a D601     		.short	470
 391 011c EA01     		.short	490
 392 011e 0002     		.short	512
 393 0120 1702     		.short	535
 394 0122 2E02     		.short	558
 395 0124 4702     		.short	583
 396 0126 6102     		.short	609
 397 0128 7C02     		.short	636
 398 012a 9802     		.short	664
 399 012c B502     		.short	693
 400 012e D402     		.short	724
 401 0130 F402     		.short	756
 402 0132 1603     		.short	790
 403 0134 3903     		.short	825
 404 0136 5D03     		.short	861
 405 0138 8303     		.short	899
 406 013a AB03     		.short	939
 407 013c D503     		.short	981
 408 013e 0004     		.short	1024
 409 0140 2D04     		.short	1069
 410 0142 5D04     		.short	1117
 411 0144 8E04     		.short	1166
 412 0146 C204     		.short	1218
 413 0148 F804     		.short	1272
 414 014a 3005     		.short	1328
 415 014c 6B05     		.short	1387
 416 014e A805     		.short	1448
 417 0150 E805     		.short	1512
 418 0152 2B06     		.short	1579
 419 0154 7106     		.short	1649
ARM GAS  C:\Users\VIKRAM~1\AppData\Local\Temp\ccqDHbyC.s 			page 12


 420 0156 BA06     		.short	1722
 421 0158 0607     		.short	1798
 422 015a 5607     		.short	1878
 423 015c A907     		.short	1961
 424 015e 0008     		.short	2048
 425 0160 5B08     		.short	2139
 426 0162 B908     		.short	2233
 427 0164 1C09     		.short	2332
 428 0166 8309     		.short	2435
 429 0168 EF09     		.short	2543
 430 016a 600A     		.short	2656
 431 016c D50A     		.short	2773
 432 016e 500B     		.short	2896
 433 0170 D10B     		.short	3025
 434 0172 560C     		.short	3158
 435 0174 E20C     		.short	3298
 436 0176 740D     		.short	3444
 437 0178 0D0E     		.short	3597
 438 017a AC0E     		.short	3756
 439 017c 520F     		.short	3922
 440 017e 0010     		.short	4096
 441 0180 B510     		.short	4277
 442 0182 7311     		.short	4467
 443 0184 3812     		.short	4664
 444 0186 0713     		.short	4871
 445 0188 DF13     		.short	5087
 446 018a C014     		.short	5312
 447 018c AB15     		.short	5547
 448 018e A116     		.short	5793
 449 0190 A117     		.short	6049
 450 0192 AD18     		.short	6317
 451 0194 C419     		.short	6596
 452 0196 E91A     		.short	6889
 453 0198 1A1C     		.short	7194
 454 019a 581D     		.short	7512
 455 019c A51E     		.short	7845
 456 019e 0020     		.short	8192
 457 01a0 6B21     		.short	8555
 458 01a2 E522     		.short	8933
 459 01a4 7124     		.short	9329
 460 01a6 0E26     		.short	9742
 461 01a8 BD27     		.short	10173
 462 01aa 8029     		.short	10624
 463 01ac 562B     		.short	11094
 464 01ae 412D     		.short	11585
 465 01b0 422F     		.short	12098
 466 01b2 5A31     		.short	12634
 467 01b4 8933     		.short	13193
 468 01b6 D135     		.short	13777
 469 01b8 3338     		.short	14387
 470 01ba B03A     		.short	15024
 471 01bc 493D     		.short	15689
 472 01be 0040     		.short	16384
 473 01c0 D542     		.short	17109
 474 01c2 CB45     		.short	17867
 475 01c4 E248     		.short	18658
 476 01c6 1C4C     		.short	19484
ARM GAS  C:\Users\VIKRAM~1\AppData\Local\Temp\ccqDHbyC.s 			page 13


 477 01c8 7A4F     		.short	20346
 478 01ca FF52     		.short	21247
 479 01cc AC56     		.short	22188
 480 01ce 825A     		.short	23170
 481 01d0 845E     		.short	24196
 482 01d2 B362     		.short	25267
 483 01d4 1267     		.short	26386
 484 01d6 A26B     		.short	27554
 485 01d8 6670     		.short	28774
 486 01da 6075     		.short	30048
 487 01dc 927A     		.short	31378
 488 01de 0080     		.short	-32768
 489 01e0 AA85     		.short	-31318
 490 01e2 958B     		.short	-29803
 491 01e4 C391     		.short	-28221
 492 01e6 3798     		.short	-26569
 493 01e8 F59E     		.short	-24843
 494 01ea FEA5     		.short	-23042
 495 01ec 58AD     		.short	-21160
 496 01ee 04B5     		.short	-19196
 497 01f0 08BD     		.short	-17144
 498 01f2 66C5     		.short	-15002
 499 01f4 24CE     		.short	-12764
 500 01f6 44D7     		.short	-10428
 501 01f8 CCE0     		.short	-7988
 502 01fa C0EA     		.short	-5440
 503 01fc 25F5     		.short	-2779
 504 01fe FFFF     		.short	-1
 505              		.bss
 506              		.align	2
 507              		.set	.LANCHOR0,. + 0
 508              		.type	LED__state, %object
 509              		.size	LED__state, 3
 510              	LED__state:
 511 0000 000000   		.space	3
 512              		.text
 513              	.Letext0:
 514              		.file 2 "c:\\program files (x86)\\cypress\\psoc creator\\4.4\\psoc creator\\import\\gnu\\arm\\5.4.
 515              		.file 3 "c:\\program files (x86)\\cypress\\psoc creator\\4.4\\psoc creator\\import\\gnu\\arm\\5.4.
 516              		.file 4 "Generated_Source\\PSoC5/cytypes.h"
 517              		.file 5 "Generated_Source\\PSoC5/ErikaOS_1_common_ee_types.inc"
 518              		.file 6 "Generated_Source\\PSoC5/ErikaOS_1_cortex_mx_ee_cpu.inc"
 519              		.file 7 "source\\bsw\\global.h"
 520              		.file 8 "source\\bsw\\led.h"
 521              		.file 9 "Generated_Source\\PSoC5/ErikaOS_1_ee_oo_intfunc.inc"
 522              		.file 10 "Generated_Source\\PSoC5/ErikaOS_1_cortex_mx_ee_context.inc"
 523              		.file 11 "Generated_Source\\PSoC5/ErikaOS_1_common_ee_primitives.inc"
 524              		.file 12 "Generated_Source\\PSoC5/core_cm3.h"
 525              		.file 13 "Generated_Source\\PSoC5/Brake_LED.h"
 526              		.file 14 "Generated_Source\\PSoC5/Engine_PWM.h"
 527              		.section	.debug_info,"",%progbits
 528              	.Ldebug_info0:
 529 0000 1B040000 		.4byte	0x41b
 530 0004 0400     		.2byte	0x4
 531 0006 00000000 		.4byte	.Ldebug_abbrev0
 532 000a 04       		.byte	0x4
 533 000b 01       		.uleb128 0x1
ARM GAS  C:\Users\VIKRAM~1\AppData\Local\Temp\ccqDHbyC.s 			page 14


 534 000c 3E030000 		.4byte	.LASF80
 535 0010 0C       		.byte	0xc
 536 0011 C7010000 		.4byte	.LASF81
 537 0015 18040000 		.4byte	.LASF82
 538 0019 18000000 		.4byte	.Ldebug_ranges0+0x18
 539 001d 00000000 		.4byte	0
 540 0021 00000000 		.4byte	.Ldebug_line0
 541 0025 02       		.uleb128 0x2
 542 0026 01       		.byte	0x1
 543 0027 06       		.byte	0x6
 544 0028 8C020000 		.4byte	.LASF0
 545 002c 03       		.uleb128 0x3
 546 002d 72050000 		.4byte	.LASF4
 547 0031 02       		.byte	0x2
 548 0032 1D       		.byte	0x1d
 549 0033 37000000 		.4byte	0x37
 550 0037 02       		.uleb128 0x2
 551 0038 01       		.byte	0x1
 552 0039 08       		.byte	0x8
 553 003a 5F020000 		.4byte	.LASF1
 554 003e 02       		.uleb128 0x2
 555 003f 02       		.byte	0x2
 556 0040 05       		.byte	0x5
 557 0041 89000000 		.4byte	.LASF2
 558 0045 02       		.uleb128 0x2
 559 0046 02       		.byte	0x2
 560 0047 07       		.byte	0x7
 561 0048 2B030000 		.4byte	.LASF3
 562 004c 03       		.uleb128 0x3
 563 004d 09050000 		.4byte	.LASF5
 564 0051 02       		.byte	0x2
 565 0052 3F       		.byte	0x3f
 566 0053 57000000 		.4byte	0x57
 567 0057 02       		.uleb128 0x2
 568 0058 04       		.byte	0x4
 569 0059 05       		.byte	0x5
 570 005a FC010000 		.4byte	.LASF6
 571 005e 02       		.uleb128 0x2
 572 005f 04       		.byte	0x4
 573 0060 07       		.byte	0x7
 574 0061 BB040000 		.4byte	.LASF7
 575 0065 02       		.uleb128 0x2
 576 0066 08       		.byte	0x8
 577 0067 05       		.byte	0x5
 578 0068 98010000 		.4byte	.LASF8
 579 006c 02       		.uleb128 0x2
 580 006d 08       		.byte	0x8
 581 006e 07       		.byte	0x7
 582 006f 98020000 		.4byte	.LASF9
 583 0073 04       		.uleb128 0x4
 584 0074 04       		.byte	0x4
 585 0075 05       		.byte	0x5
 586 0076 696E7400 		.ascii	"int\000"
 587 007a 02       		.uleb128 0x2
 588 007b 04       		.byte	0x4
 589 007c 07       		.byte	0x7
 590 007d BF020000 		.4byte	.LASF10
ARM GAS  C:\Users\VIKRAM~1\AppData\Local\Temp\ccqDHbyC.s 			page 15


 591 0081 03       		.uleb128 0x3
 592 0082 1D010000 		.4byte	.LASF11
 593 0086 03       		.byte	0x3
 594 0087 18       		.byte	0x18
 595 0088 2C000000 		.4byte	0x2c
 596 008c 03       		.uleb128 0x3
 597 008d E6030000 		.4byte	.LASF12
 598 0091 03       		.byte	0x3
 599 0092 2C       		.byte	0x2c
 600 0093 4C000000 		.4byte	0x4c
 601 0097 05       		.uleb128 0x5
 602 0098 0B010000 		.4byte	.LASF13
 603 009c 04       		.byte	0x4
 604 009d EA01     		.2byte	0x1ea
 605 009f 45000000 		.4byte	0x45
 606 00a3 02       		.uleb128 0x2
 607 00a4 04       		.byte	0x4
 608 00a5 04       		.byte	0x4
 609 00a6 79010000 		.4byte	.LASF14
 610 00aa 02       		.uleb128 0x2
 611 00ab 08       		.byte	0x8
 612 00ac 04       		.byte	0x4
 613 00ad 25050000 		.4byte	.LASF15
 614 00b1 02       		.uleb128 0x2
 615 00b2 01       		.byte	0x1
 616 00b3 08       		.byte	0x8
 617 00b4 CC030000 		.4byte	.LASF16
 618 00b8 02       		.uleb128 0x2
 619 00b9 08       		.byte	0x8
 620 00ba 04       		.byte	0x4
 621 00bb 53020000 		.4byte	.LASF17
 622 00bf 03       		.uleb128 0x3
 623 00c0 19030000 		.4byte	.LASF18
 624 00c4 05       		.byte	0x5
 625 00c5 53       		.byte	0x53
 626 00c6 73000000 		.4byte	0x73
 627 00ca 03       		.uleb128 0x3
 628 00cb EE000000 		.4byte	.LASF19
 629 00cf 05       		.byte	0x5
 630 00d0 54       		.byte	0x54
 631 00d1 7A000000 		.4byte	0x7a
 632 00d5 03       		.uleb128 0x3
 633 00d6 F9040000 		.4byte	.LASF20
 634 00da 06       		.byte	0x6
 635 00db 4D       		.byte	0x4d
 636 00dc CA000000 		.4byte	0xca
 637 00e0 03       		.uleb128 0x3
 638 00e1 D5000000 		.4byte	.LASF21
 639 00e5 06       		.byte	0x6
 640 00e6 4F       		.byte	0x4f
 641 00e7 CA000000 		.4byte	0xca
 642 00eb 03       		.uleb128 0x3
 643 00ec 04010000 		.4byte	.LASF22
 644 00f0 06       		.byte	0x6
 645 00f1 78       		.byte	0x78
 646 00f2 BF000000 		.4byte	0xbf
 647 00f6 02       		.uleb128 0x2
ARM GAS  C:\Users\VIKRAM~1\AppData\Local\Temp\ccqDHbyC.s 			page 16


 648 00f7 04       		.byte	0x4
 649 00f8 07       		.byte	0x7
 650 00f9 B9000000 		.4byte	.LASF23
 651 00fd 06       		.uleb128 0x6
 652 00fe 01       		.byte	0x1
 653 00ff 25000000 		.4byte	0x25
 654 0103 07       		.byte	0x7
 655 0104 CF       		.byte	0xcf
 656 0105 A6010000 		.4byte	0x1a6
 657 0109 07       		.uleb128 0x7
 658 010a 30000000 		.4byte	.LASF24
 659 010e 00       		.byte	0
 660 010f 08       		.uleb128 0x8
 661 0110 39050000 		.4byte	.LASF25
 662 0114 7F       		.sleb128 -1
 663 0115 08       		.uleb128 0x8
 664 0116 F5020000 		.4byte	.LASF26
 665 011a 7E       		.sleb128 -2
 666 011b 08       		.uleb128 0x8
 667 011c C7000000 		.4byte	.LASF27
 668 0120 7D       		.sleb128 -3
 669 0121 08       		.uleb128 0x8
 670 0122 4A050000 		.4byte	.LASF28
 671 0126 7C       		.sleb128 -4
 672 0127 08       		.uleb128 0x8
 673 0128 6A010000 		.4byte	.LASF29
 674 012c 7B       		.sleb128 -5
 675 012d 08       		.uleb128 0x8
 676 012e 93000000 		.4byte	.LASF30
 677 0132 7A       		.sleb128 -6
 678 0133 08       		.uleb128 0x8
 679 0134 05020000 		.4byte	.LASF31
 680 0138 79       		.sleb128 -7
 681 0139 08       		.uleb128 0x8
 682 013a D1030000 		.4byte	.LASF32
 683 013e 78       		.sleb128 -8
 684 013f 08       		.uleb128 0x8
 685 0140 03030000 		.4byte	.LASF33
 686 0144 77       		.sleb128 -9
 687 0145 08       		.uleb128 0x8
 688 0146 17020000 		.4byte	.LASF34
 689 014a 76       		.sleb128 -10
 690 014b 08       		.uleb128 0x8
 691 014c 7C050000 		.4byte	.LASF35
 692 0150 75       		.sleb128 -11
 693 0151 08       		.uleb128 0x8
 694 0152 CC020000 		.4byte	.LASF36
 695 0156 74       		.sleb128 -12
 696 0157 08       		.uleb128 0x8
 697 0158 E7040000 		.4byte	.LASF37
 698 015c 73       		.sleb128 -13
 699 015d 08       		.uleb128 0x8
 700 015e 1D000000 		.4byte	.LASF38
 701 0162 72       		.sleb128 -14
 702 0163 08       		.uleb128 0x8
 703 0164 75000000 		.4byte	.LASF39
 704 0168 71       		.sleb128 -15
ARM GAS  C:\Users\VIKRAM~1\AppData\Local\Temp\ccqDHbyC.s 			page 17


 705 0169 08       		.uleb128 0x8
 706 016a DD000000 		.4byte	.LASF40
 707 016e 70       		.sleb128 -16
 708 016f 08       		.uleb128 0x8
 709 0170 EE030000 		.4byte	.LASF41
 710 0174 6F       		.sleb128 -17
 711 0175 08       		.uleb128 0x8
 712 0176 A4000000 		.4byte	.LASF42
 713 017a 6E       		.sleb128 -18
 714 017b 08       		.uleb128 0x8
 715 017c D8010000 		.4byte	.LASF43
 716 0180 6D       		.sleb128 -19
 717 0181 08       		.uleb128 0x8
 718 0182 6D020000 		.4byte	.LASF44
 719 0186 6C       		.sleb128 -20
 720 0187 08       		.uleb128 0x8
 721 0188 41020000 		.4byte	.LASF45
 722 018c 6B       		.sleb128 -21
 723 018d 08       		.uleb128 0x8
 724 018e 13050000 		.4byte	.LASF46
 725 0192 6A       		.sleb128 -22
 726 0193 08       		.uleb128 0x8
 727 0194 25010000 		.4byte	.LASF47
 728 0198 69       		.sleb128 -23
 729 0199 08       		.uleb128 0x8
 730 019a EB010000 		.4byte	.LASF48
 731 019e 68       		.sleb128 -24
 732 019f 08       		.uleb128 0x8
 733 01a0 7F010000 		.4byte	.LASF49
 734 01a4 67       		.sleb128 -25
 735 01a5 00       		.byte	0
 736 01a6 03       		.uleb128 0x3
 737 01a7 C2000000 		.4byte	.LASF50
 738 01ab 07       		.byte	0x7
 739 01ac EA       		.byte	0xea
 740 01ad FD000000 		.4byte	0xfd
 741 01b1 09       		.uleb128 0x9
 742 01b2 A6010000 		.4byte	.LASF56
 743 01b6 01       		.byte	0x1
 744 01b7 37000000 		.4byte	0x37
 745 01bb 08       		.byte	0x8
 746 01bc 5A       		.byte	0x5a
 747 01bd DA010000 		.4byte	0x1da
 748 01c1 07       		.uleb128 0x7
 749 01c2 42050000 		.4byte	.LASF51
 750 01c6 00       		.byte	0
 751 01c7 07       		.uleb128 0x7
 752 01c8 EA020000 		.4byte	.LASF52
 753 01cc 01       		.byte	0x1
 754 01cd 07       		.uleb128 0x7
 755 01ce 0E040000 		.4byte	.LASF53
 756 01d2 02       		.byte	0x2
 757 01d3 07       		.uleb128 0x7
 758 01d4 01050000 		.4byte	.LASF54
 759 01d8 03       		.byte	0x3
 760 01d9 00       		.byte	0
 761 01da 03       		.uleb128 0x3
ARM GAS  C:\Users\VIKRAM~1\AppData\Local\Temp\ccqDHbyC.s 			page 18


 762 01db B6020000 		.4byte	.LASF55
 763 01df 08       		.byte	0x8
 764 01e0 60       		.byte	0x60
 765 01e1 B1010000 		.4byte	0x1b1
 766 01e5 09       		.uleb128 0x9
 767 01e6 12010000 		.4byte	.LASF57
 768 01ea 01       		.byte	0x1
 769 01eb 37000000 		.4byte	0x37
 770 01ef 08       		.byte	0x8
 771 01f0 62       		.byte	0x62
 772 01f1 02020000 		.4byte	0x202
 773 01f5 07       		.uleb128 0x7
 774 01f6 E2020000 		.4byte	.LASF58
 775 01fa 00       		.byte	0
 776 01fb 07       		.uleb128 0x7
 777 01fc AF020000 		.4byte	.LASF59
 778 0200 01       		.byte	0x1
 779 0201 00       		.byte	0
 780 0202 03       		.uleb128 0x3
 781 0203 80020000 		.4byte	.LASF60
 782 0207 08       		.byte	0x8
 783 0208 66       		.byte	0x66
 784 0209 E5010000 		.4byte	0x1e5
 785 020d 0A       		.uleb128 0xa
 786 020e 3B000000 		.4byte	.LASF83
 787 0212 01       		.byte	0x1
 788 0213 A6       		.byte	0xa6
 789 0214 02020000 		.4byte	0x202
 790 0218 03       		.byte	0x3
 791 0219 29020000 		.4byte	0x229
 792 021d 0B       		.uleb128 0xb
 793 021e 22030000 		.4byte	.LASF62
 794 0222 01       		.byte	0x1
 795 0223 A6       		.byte	0xa6
 796 0224 02020000 		.4byte	0x202
 797 0228 00       		.byte	0
 798 0229 0C       		.uleb128 0xc
 799 022a DA020000 		.4byte	.LASF65
 800 022e 01       		.byte	0x1
 801 022f 7A       		.byte	0x7a
 802 0230 A6010000 		.4byte	0x1a6
 803 0234 00000000 		.4byte	.LFB111
 804 0238 20000000 		.4byte	.LFE111-.LFB111
 805 023c 01       		.uleb128 0x1
 806 023d 9C       		.byte	0x9c
 807 023e 71020000 		.4byte	0x271
 808 0242 0D       		.uleb128 0xd
 809 0243 25020000 		.4byte	.LASF61
 810 0247 01       		.byte	0x1
 811 0248 7A       		.byte	0x7a
 812 0249 DA010000 		.4byte	0x1da
 813 024d 00000000 		.4byte	.LLST0
 814 0251 0D       		.uleb128 0xd
 815 0252 22030000 		.4byte	.LASF62
 816 0256 01       		.byte	0x1
 817 0257 7A       		.byte	0x7a
 818 0258 02020000 		.4byte	0x202
ARM GAS  C:\Users\VIKRAM~1\AppData\Local\Temp\ccqDHbyC.s 			page 19


 819 025c 3A000000 		.4byte	.LLST1
 820 0260 0E       		.uleb128 0xe
 821 0261 0E000000 		.4byte	.LVL2
 822 0265 FD030000 		.4byte	0x3fd
 823 0269 0F       		.uleb128 0xf
 824 026a 01       		.uleb128 0x1
 825 026b 50       		.byte	0x50
 826 026c 02       		.uleb128 0x2
 827 026d 74       		.byte	0x74
 828 026e 00       		.sleb128 0
 829 026f 00       		.byte	0
 830 0270 00       		.byte	0
 831 0271 10       		.uleb128 0x10
 832 0272 CD040000 		.4byte	.LASF84
 833 0276 01       		.byte	0x1
 834 0277 5C       		.byte	0x5c
 835 0278 A6010000 		.4byte	0x1a6
 836 027c 00000000 		.4byte	.LFB110
 837 0280 2C000000 		.4byte	.LFE110-.LFB110
 838 0284 01       		.uleb128 0x1
 839 0285 9C       		.byte	0x9c
 840 0286 E8020000 		.4byte	0x2e8
 841 028a 11       		.uleb128 0x11
 842 028b 0B000000 		.4byte	.LASF63
 843 028f 01       		.byte	0x1
 844 0290 5E       		.byte	0x5e
 845 0291 A6010000 		.4byte	0x1a6
 846 0295 66000000 		.4byte	.LLST2
 847 0299 12       		.uleb128 0x12
 848 029a 00000000 		.4byte	.Ldebug_ranges0+0
 849 029e DE020000 		.4byte	0x2de
 850 02a2 13       		.uleb128 0x13
 851 02a3 6900     		.ascii	"i\000"
 852 02a5 01       		.byte	0x1
 853 02a6 60       		.byte	0x60
 854 02a7 DA010000 		.4byte	0x1da
 855 02ab 85000000 		.4byte	.LLST3
 856 02af 14       		.uleb128 0x14
 857 02b0 08000000 		.4byte	.LBB5
 858 02b4 10000000 		.4byte	.LBE5-.LBB5
 859 02b8 11       		.uleb128 0x11
 860 02b9 F8000000 		.4byte	.LASF64
 861 02bd 01       		.byte	0x1
 862 02be 64       		.byte	0x64
 863 02bf A6010000 		.4byte	0x1a6
 864 02c3 AF000000 		.4byte	.LLST4
 865 02c7 0E       		.uleb128 0xe
 866 02c8 14000000 		.4byte	.LVL7
 867 02cc 29020000 		.4byte	0x229
 868 02d0 0F       		.uleb128 0xf
 869 02d1 01       		.uleb128 0x1
 870 02d2 50       		.byte	0x50
 871 02d3 02       		.uleb128 0x2
 872 02d4 74       		.byte	0x74
 873 02d5 00       		.sleb128 0
 874 02d6 0F       		.uleb128 0xf
 875 02d7 01       		.uleb128 0x1
ARM GAS  C:\Users\VIKRAM~1\AppData\Local\Temp\ccqDHbyC.s 			page 20


 876 02d8 51       		.byte	0x51
 877 02d9 01       		.uleb128 0x1
 878 02da 30       		.byte	0x30
 879 02db 00       		.byte	0
 880 02dc 00       		.byte	0
 881 02dd 00       		.byte	0
 882 02de 15       		.uleb128 0x15
 883 02df 24000000 		.4byte	.LVL11
 884 02e3 08040000 		.4byte	0x408
 885 02e7 00       		.byte	0
 886 02e8 0C       		.uleb128 0xc
 887 02e9 00000000 		.4byte	.LASF66
 888 02ed 01       		.byte	0x1
 889 02ee 90       		.byte	0x90
 890 02ef A6010000 		.4byte	0x1a6
 891 02f3 00000000 		.4byte	.LFB112
 892 02f7 2C000000 		.4byte	.LFE112-.LFB112
 893 02fb 01       		.uleb128 0x1
 894 02fc 9C       		.byte	0x9c
 895 02fd 37030000 		.4byte	0x337
 896 0301 0D       		.uleb128 0xd
 897 0302 25020000 		.4byte	.LASF61
 898 0306 01       		.byte	0x1
 899 0307 90       		.byte	0x90
 900 0308 DA010000 		.4byte	0x1da
 901 030c C2000000 		.4byte	.LLST5
 902 0310 16       		.uleb128 0x16
 903 0311 0D020000 		.4byte	0x20d
 904 0315 0A000000 		.4byte	.LBB7
 905 0319 0A000000 		.4byte	.LBE7-.LBB7
 906 031d 01       		.byte	0x1
 907 031e 96       		.byte	0x96
 908 031f 2D030000 		.4byte	0x32d
 909 0323 17       		.uleb128 0x17
 910 0324 1D020000 		.4byte	0x21d
 911 0328 FC000000 		.4byte	.LLST6
 912 032c 00       		.byte	0
 913 032d 15       		.uleb128 0x15
 914 032e 1E000000 		.4byte	.LVL17
 915 0332 FD030000 		.4byte	0x3fd
 916 0336 00       		.byte	0
 917 0337 0C       		.uleb128 0xc
 918 0338 02040000 		.4byte	.LASF67
 919 033c 01       		.byte	0x1
 920 033d B9       		.byte	0xb9
 921 033e A6010000 		.4byte	0x1a6
 922 0342 00000000 		.4byte	.LFB114
 923 0346 14000000 		.4byte	.LFE114-.LFB114
 924 034a 01       		.uleb128 0x1
 925 034b 9C       		.byte	0x9c
 926 034c 69030000 		.4byte	0x369
 927 0350 0D       		.uleb128 0xd
 928 0351 3B020000 		.4byte	.LASF68
 929 0355 01       		.byte	0x1
 930 0356 B9       		.byte	0xb9
 931 0357 81000000 		.4byte	0x81
 932 035b 0F010000 		.4byte	.LLST7
ARM GAS  C:\Users\VIKRAM~1\AppData\Local\Temp\ccqDHbyC.s 			page 21


 933 035f 15       		.uleb128 0x15
 934 0360 0C000000 		.4byte	.LVL22
 935 0364 13040000 		.4byte	0x413
 936 0368 00       		.byte	0
 937 0369 18       		.uleb128 0x18
 938 036a 02020000 		.4byte	0x202
 939 036e 79030000 		.4byte	0x379
 940 0372 19       		.uleb128 0x19
 941 0373 F6000000 		.4byte	0xf6
 942 0377 02       		.byte	0x2
 943 0378 00       		.byte	0
 944 0379 1A       		.uleb128 0x1a
 945 037a 12000000 		.4byte	.LASF69
 946 037e 01       		.byte	0x1
 947 037f 2F       		.byte	0x2f
 948 0380 69030000 		.4byte	0x369
 949 0384 05       		.uleb128 0x5
 950 0385 03       		.byte	0x3
 951 0386 00000000 		.4byte	LED__state
 952 038a 18       		.uleb128 0x18
 953 038b 9A030000 		.4byte	0x39a
 954 038f 9A030000 		.4byte	0x39a
 955 0393 19       		.uleb128 0x19
 956 0394 F6000000 		.4byte	0xf6
 957 0398 FF       		.byte	0xff
 958 0399 00       		.byte	0
 959 039a 1B       		.uleb128 0x1b
 960 039b 97000000 		.4byte	0x97
 961 039f 1A       		.uleb128 0x1a
 962 03a0 4C000000 		.4byte	.LASF70
 963 03a4 01       		.byte	0x1
 964 03a5 31       		.byte	0x31
 965 03a6 B0030000 		.4byte	0x3b0
 966 03aa 05       		.uleb128 0x5
 967 03ab 03       		.byte	0x3
 968 03ac 00000000 		.4byte	LED__Pulse_Width
 969 03b0 1B       		.uleb128 0x1b
 970 03b1 8A030000 		.4byte	0x38a
 971 03b5 1C       		.uleb128 0x1c
 972 03b6 5A050000 		.4byte	.LASF71
 973 03ba 09       		.byte	0x9
 974 03bb 40       		.byte	0x40
 975 03bc D5000000 		.4byte	0xd5
 976 03c0 1C       		.uleb128 0x1c
 977 03c1 AE010000 		.4byte	.LASF72
 978 03c5 09       		.byte	0x9
 979 03c6 47       		.byte	0x47
 980 03c7 E0000000 		.4byte	0xe0
 981 03cb 1C       		.uleb128 0x1c
 982 03cc A8040000 		.4byte	.LASF73
 983 03d0 09       		.byte	0x9
 984 03d1 4A       		.byte	0x4a
 985 03d2 D5000000 		.4byte	0xd5
 986 03d6 1C       		.uleb128 0x1c
 987 03d7 51010000 		.4byte	.LASF74
 988 03db 0A       		.byte	0xa
 989 03dc 48       		.byte	0x48
ARM GAS  C:\Users\VIKRAM~1\AppData\Local\Temp\ccqDHbyC.s 			page 22


 990 03dd EB000000 		.4byte	0xeb
 991 03e1 1C       		.uleb128 0x1c
 992 03e2 3C010000 		.4byte	.LASF75
 993 03e6 0B       		.byte	0xb
 994 03e7 44       		.byte	0x44
 995 03e8 D5000000 		.4byte	0xd5
 996 03ec 1D       		.uleb128 0x1d
 997 03ed 2C050000 		.4byte	.LASF76
 998 03f1 0C       		.byte	0xc
 999 03f2 1207     		.2byte	0x712
 1000 03f4 F8030000 		.4byte	0x3f8
 1001 03f8 1E       		.uleb128 0x1e
 1002 03f9 8C000000 		.4byte	0x8c
 1003 03fd 1F       		.uleb128 0x1f
 1004 03fe 2B020000 		.4byte	.LASF77
 1005 0402 2B020000 		.4byte	.LASF77
 1006 0406 0D       		.byte	0xd
 1007 0407 26       		.byte	0x26
 1008 0408 1F       		.uleb128 0x1f
 1009 0409 D6040000 		.4byte	.LASF78
 1010 040d D6040000 		.4byte	.LASF78
 1011 0411 0E       		.byte	0xe
 1012 0412 92       		.byte	0x92
 1013 0413 1F       		.uleb128 0x1f
 1014 0414 5D000000 		.4byte	.LASF79
 1015 0418 5D000000 		.4byte	.LASF79
 1016 041c 0E       		.byte	0xe
 1017 041d C3       		.byte	0xc3
 1018 041e 00       		.byte	0
 1019              		.section	.debug_abbrev,"",%progbits
 1020              	.Ldebug_abbrev0:
 1021 0000 01       		.uleb128 0x1
 1022 0001 11       		.uleb128 0x11
 1023 0002 01       		.byte	0x1
 1024 0003 25       		.uleb128 0x25
 1025 0004 0E       		.uleb128 0xe
 1026 0005 13       		.uleb128 0x13
 1027 0006 0B       		.uleb128 0xb
 1028 0007 03       		.uleb128 0x3
 1029 0008 0E       		.uleb128 0xe
 1030 0009 1B       		.uleb128 0x1b
 1031 000a 0E       		.uleb128 0xe
 1032 000b 55       		.uleb128 0x55
 1033 000c 17       		.uleb128 0x17
 1034 000d 11       		.uleb128 0x11
 1035 000e 01       		.uleb128 0x1
 1036 000f 10       		.uleb128 0x10
 1037 0010 17       		.uleb128 0x17
 1038 0011 00       		.byte	0
 1039 0012 00       		.byte	0
 1040 0013 02       		.uleb128 0x2
 1041 0014 24       		.uleb128 0x24
 1042 0015 00       		.byte	0
 1043 0016 0B       		.uleb128 0xb
 1044 0017 0B       		.uleb128 0xb
 1045 0018 3E       		.uleb128 0x3e
 1046 0019 0B       		.uleb128 0xb
ARM GAS  C:\Users\VIKRAM~1\AppData\Local\Temp\ccqDHbyC.s 			page 23


 1047 001a 03       		.uleb128 0x3
 1048 001b 0E       		.uleb128 0xe
 1049 001c 00       		.byte	0
 1050 001d 00       		.byte	0
 1051 001e 03       		.uleb128 0x3
 1052 001f 16       		.uleb128 0x16
 1053 0020 00       		.byte	0
 1054 0021 03       		.uleb128 0x3
 1055 0022 0E       		.uleb128 0xe
 1056 0023 3A       		.uleb128 0x3a
 1057 0024 0B       		.uleb128 0xb
 1058 0025 3B       		.uleb128 0x3b
 1059 0026 0B       		.uleb128 0xb
 1060 0027 49       		.uleb128 0x49
 1061 0028 13       		.uleb128 0x13
 1062 0029 00       		.byte	0
 1063 002a 00       		.byte	0
 1064 002b 04       		.uleb128 0x4
 1065 002c 24       		.uleb128 0x24
 1066 002d 00       		.byte	0
 1067 002e 0B       		.uleb128 0xb
 1068 002f 0B       		.uleb128 0xb
 1069 0030 3E       		.uleb128 0x3e
 1070 0031 0B       		.uleb128 0xb
 1071 0032 03       		.uleb128 0x3
 1072 0033 08       		.uleb128 0x8
 1073 0034 00       		.byte	0
 1074 0035 00       		.byte	0
 1075 0036 05       		.uleb128 0x5
 1076 0037 16       		.uleb128 0x16
 1077 0038 00       		.byte	0
 1078 0039 03       		.uleb128 0x3
 1079 003a 0E       		.uleb128 0xe
 1080 003b 3A       		.uleb128 0x3a
 1081 003c 0B       		.uleb128 0xb
 1082 003d 3B       		.uleb128 0x3b
 1083 003e 05       		.uleb128 0x5
 1084 003f 49       		.uleb128 0x49
 1085 0040 13       		.uleb128 0x13
 1086 0041 00       		.byte	0
 1087 0042 00       		.byte	0
 1088 0043 06       		.uleb128 0x6
 1089 0044 04       		.uleb128 0x4
 1090 0045 01       		.byte	0x1
 1091 0046 0B       		.uleb128 0xb
 1092 0047 0B       		.uleb128 0xb
 1093 0048 49       		.uleb128 0x49
 1094 0049 13       		.uleb128 0x13
 1095 004a 3A       		.uleb128 0x3a
 1096 004b 0B       		.uleb128 0xb
 1097 004c 3B       		.uleb128 0x3b
 1098 004d 0B       		.uleb128 0xb
 1099 004e 01       		.uleb128 0x1
 1100 004f 13       		.uleb128 0x13
 1101 0050 00       		.byte	0
 1102 0051 00       		.byte	0
 1103 0052 07       		.uleb128 0x7
ARM GAS  C:\Users\VIKRAM~1\AppData\Local\Temp\ccqDHbyC.s 			page 24


 1104 0053 28       		.uleb128 0x28
 1105 0054 00       		.byte	0
 1106 0055 03       		.uleb128 0x3
 1107 0056 0E       		.uleb128 0xe
 1108 0057 1C       		.uleb128 0x1c
 1109 0058 0B       		.uleb128 0xb
 1110 0059 00       		.byte	0
 1111 005a 00       		.byte	0
 1112 005b 08       		.uleb128 0x8
 1113 005c 28       		.uleb128 0x28
 1114 005d 00       		.byte	0
 1115 005e 03       		.uleb128 0x3
 1116 005f 0E       		.uleb128 0xe
 1117 0060 1C       		.uleb128 0x1c
 1118 0061 0D       		.uleb128 0xd
 1119 0062 00       		.byte	0
 1120 0063 00       		.byte	0
 1121 0064 09       		.uleb128 0x9
 1122 0065 04       		.uleb128 0x4
 1123 0066 01       		.byte	0x1
 1124 0067 03       		.uleb128 0x3
 1125 0068 0E       		.uleb128 0xe
 1126 0069 0B       		.uleb128 0xb
 1127 006a 0B       		.uleb128 0xb
 1128 006b 49       		.uleb128 0x49
 1129 006c 13       		.uleb128 0x13
 1130 006d 3A       		.uleb128 0x3a
 1131 006e 0B       		.uleb128 0xb
 1132 006f 3B       		.uleb128 0x3b
 1133 0070 0B       		.uleb128 0xb
 1134 0071 01       		.uleb128 0x1
 1135 0072 13       		.uleb128 0x13
 1136 0073 00       		.byte	0
 1137 0074 00       		.byte	0
 1138 0075 0A       		.uleb128 0xa
 1139 0076 2E       		.uleb128 0x2e
 1140 0077 01       		.byte	0x1
 1141 0078 03       		.uleb128 0x3
 1142 0079 0E       		.uleb128 0xe
 1143 007a 3A       		.uleb128 0x3a
 1144 007b 0B       		.uleb128 0xb
 1145 007c 3B       		.uleb128 0x3b
 1146 007d 0B       		.uleb128 0xb
 1147 007e 27       		.uleb128 0x27
 1148 007f 19       		.uleb128 0x19
 1149 0080 49       		.uleb128 0x49
 1150 0081 13       		.uleb128 0x13
 1151 0082 20       		.uleb128 0x20
 1152 0083 0B       		.uleb128 0xb
 1153 0084 01       		.uleb128 0x1
 1154 0085 13       		.uleb128 0x13
 1155 0086 00       		.byte	0
 1156 0087 00       		.byte	0
 1157 0088 0B       		.uleb128 0xb
 1158 0089 05       		.uleb128 0x5
 1159 008a 00       		.byte	0
 1160 008b 03       		.uleb128 0x3
ARM GAS  C:\Users\VIKRAM~1\AppData\Local\Temp\ccqDHbyC.s 			page 25


 1161 008c 0E       		.uleb128 0xe
 1162 008d 3A       		.uleb128 0x3a
 1163 008e 0B       		.uleb128 0xb
 1164 008f 3B       		.uleb128 0x3b
 1165 0090 0B       		.uleb128 0xb
 1166 0091 49       		.uleb128 0x49
 1167 0092 13       		.uleb128 0x13
 1168 0093 00       		.byte	0
 1169 0094 00       		.byte	0
 1170 0095 0C       		.uleb128 0xc
 1171 0096 2E       		.uleb128 0x2e
 1172 0097 01       		.byte	0x1
 1173 0098 3F       		.uleb128 0x3f
 1174 0099 19       		.uleb128 0x19
 1175 009a 03       		.uleb128 0x3
 1176 009b 0E       		.uleb128 0xe
 1177 009c 3A       		.uleb128 0x3a
 1178 009d 0B       		.uleb128 0xb
 1179 009e 3B       		.uleb128 0x3b
 1180 009f 0B       		.uleb128 0xb
 1181 00a0 27       		.uleb128 0x27
 1182 00a1 19       		.uleb128 0x19
 1183 00a2 49       		.uleb128 0x49
 1184 00a3 13       		.uleb128 0x13
 1185 00a4 11       		.uleb128 0x11
 1186 00a5 01       		.uleb128 0x1
 1187 00a6 12       		.uleb128 0x12
 1188 00a7 06       		.uleb128 0x6
 1189 00a8 40       		.uleb128 0x40
 1190 00a9 18       		.uleb128 0x18
 1191 00aa 9742     		.uleb128 0x2117
 1192 00ac 19       		.uleb128 0x19
 1193 00ad 01       		.uleb128 0x1
 1194 00ae 13       		.uleb128 0x13
 1195 00af 00       		.byte	0
 1196 00b0 00       		.byte	0
 1197 00b1 0D       		.uleb128 0xd
 1198 00b2 05       		.uleb128 0x5
 1199 00b3 00       		.byte	0
 1200 00b4 03       		.uleb128 0x3
 1201 00b5 0E       		.uleb128 0xe
 1202 00b6 3A       		.uleb128 0x3a
 1203 00b7 0B       		.uleb128 0xb
 1204 00b8 3B       		.uleb128 0x3b
 1205 00b9 0B       		.uleb128 0xb
 1206 00ba 49       		.uleb128 0x49
 1207 00bb 13       		.uleb128 0x13
 1208 00bc 02       		.uleb128 0x2
 1209 00bd 17       		.uleb128 0x17
 1210 00be 00       		.byte	0
 1211 00bf 00       		.byte	0
 1212 00c0 0E       		.uleb128 0xe
 1213 00c1 898201   		.uleb128 0x4109
 1214 00c4 01       		.byte	0x1
 1215 00c5 11       		.uleb128 0x11
 1216 00c6 01       		.uleb128 0x1
 1217 00c7 31       		.uleb128 0x31
ARM GAS  C:\Users\VIKRAM~1\AppData\Local\Temp\ccqDHbyC.s 			page 26


 1218 00c8 13       		.uleb128 0x13
 1219 00c9 00       		.byte	0
 1220 00ca 00       		.byte	0
 1221 00cb 0F       		.uleb128 0xf
 1222 00cc 8A8201   		.uleb128 0x410a
 1223 00cf 00       		.byte	0
 1224 00d0 02       		.uleb128 0x2
 1225 00d1 18       		.uleb128 0x18
 1226 00d2 9142     		.uleb128 0x2111
 1227 00d4 18       		.uleb128 0x18
 1228 00d5 00       		.byte	0
 1229 00d6 00       		.byte	0
 1230 00d7 10       		.uleb128 0x10
 1231 00d8 2E       		.uleb128 0x2e
 1232 00d9 01       		.byte	0x1
 1233 00da 3F       		.uleb128 0x3f
 1234 00db 19       		.uleb128 0x19
 1235 00dc 03       		.uleb128 0x3
 1236 00dd 0E       		.uleb128 0xe
 1237 00de 3A       		.uleb128 0x3a
 1238 00df 0B       		.uleb128 0xb
 1239 00e0 3B       		.uleb128 0x3b
 1240 00e1 0B       		.uleb128 0xb
 1241 00e2 49       		.uleb128 0x49
 1242 00e3 13       		.uleb128 0x13
 1243 00e4 11       		.uleb128 0x11
 1244 00e5 01       		.uleb128 0x1
 1245 00e6 12       		.uleb128 0x12
 1246 00e7 06       		.uleb128 0x6
 1247 00e8 40       		.uleb128 0x40
 1248 00e9 18       		.uleb128 0x18
 1249 00ea 9742     		.uleb128 0x2117
 1250 00ec 19       		.uleb128 0x19
 1251 00ed 01       		.uleb128 0x1
 1252 00ee 13       		.uleb128 0x13
 1253 00ef 00       		.byte	0
 1254 00f0 00       		.byte	0
 1255 00f1 11       		.uleb128 0x11
 1256 00f2 34       		.uleb128 0x34
 1257 00f3 00       		.byte	0
 1258 00f4 03       		.uleb128 0x3
 1259 00f5 0E       		.uleb128 0xe
 1260 00f6 3A       		.uleb128 0x3a
 1261 00f7 0B       		.uleb128 0xb
 1262 00f8 3B       		.uleb128 0x3b
 1263 00f9 0B       		.uleb128 0xb
 1264 00fa 49       		.uleb128 0x49
 1265 00fb 13       		.uleb128 0x13
 1266 00fc 02       		.uleb128 0x2
 1267 00fd 17       		.uleb128 0x17
 1268 00fe 00       		.byte	0
 1269 00ff 00       		.byte	0
 1270 0100 12       		.uleb128 0x12
 1271 0101 0B       		.uleb128 0xb
 1272 0102 01       		.byte	0x1
 1273 0103 55       		.uleb128 0x55
 1274 0104 17       		.uleb128 0x17
ARM GAS  C:\Users\VIKRAM~1\AppData\Local\Temp\ccqDHbyC.s 			page 27


 1275 0105 01       		.uleb128 0x1
 1276 0106 13       		.uleb128 0x13
 1277 0107 00       		.byte	0
 1278 0108 00       		.byte	0
 1279 0109 13       		.uleb128 0x13
 1280 010a 34       		.uleb128 0x34
 1281 010b 00       		.byte	0
 1282 010c 03       		.uleb128 0x3
 1283 010d 08       		.uleb128 0x8
 1284 010e 3A       		.uleb128 0x3a
 1285 010f 0B       		.uleb128 0xb
 1286 0110 3B       		.uleb128 0x3b
 1287 0111 0B       		.uleb128 0xb
 1288 0112 49       		.uleb128 0x49
 1289 0113 13       		.uleb128 0x13
 1290 0114 02       		.uleb128 0x2
 1291 0115 17       		.uleb128 0x17
 1292 0116 00       		.byte	0
 1293 0117 00       		.byte	0
 1294 0118 14       		.uleb128 0x14
 1295 0119 0B       		.uleb128 0xb
 1296 011a 01       		.byte	0x1
 1297 011b 11       		.uleb128 0x11
 1298 011c 01       		.uleb128 0x1
 1299 011d 12       		.uleb128 0x12
 1300 011e 06       		.uleb128 0x6
 1301 011f 00       		.byte	0
 1302 0120 00       		.byte	0
 1303 0121 15       		.uleb128 0x15
 1304 0122 898201   		.uleb128 0x4109
 1305 0125 00       		.byte	0
 1306 0126 11       		.uleb128 0x11
 1307 0127 01       		.uleb128 0x1
 1308 0128 31       		.uleb128 0x31
 1309 0129 13       		.uleb128 0x13
 1310 012a 00       		.byte	0
 1311 012b 00       		.byte	0
 1312 012c 16       		.uleb128 0x16
 1313 012d 1D       		.uleb128 0x1d
 1314 012e 01       		.byte	0x1
 1315 012f 31       		.uleb128 0x31
 1316 0130 13       		.uleb128 0x13
 1317 0131 11       		.uleb128 0x11
 1318 0132 01       		.uleb128 0x1
 1319 0133 12       		.uleb128 0x12
 1320 0134 06       		.uleb128 0x6
 1321 0135 58       		.uleb128 0x58
 1322 0136 0B       		.uleb128 0xb
 1323 0137 59       		.uleb128 0x59
 1324 0138 0B       		.uleb128 0xb
 1325 0139 01       		.uleb128 0x1
 1326 013a 13       		.uleb128 0x13
 1327 013b 00       		.byte	0
 1328 013c 00       		.byte	0
 1329 013d 17       		.uleb128 0x17
 1330 013e 05       		.uleb128 0x5
 1331 013f 00       		.byte	0
ARM GAS  C:\Users\VIKRAM~1\AppData\Local\Temp\ccqDHbyC.s 			page 28


 1332 0140 31       		.uleb128 0x31
 1333 0141 13       		.uleb128 0x13
 1334 0142 02       		.uleb128 0x2
 1335 0143 17       		.uleb128 0x17
 1336 0144 00       		.byte	0
 1337 0145 00       		.byte	0
 1338 0146 18       		.uleb128 0x18
 1339 0147 01       		.uleb128 0x1
 1340 0148 01       		.byte	0x1
 1341 0149 49       		.uleb128 0x49
 1342 014a 13       		.uleb128 0x13
 1343 014b 01       		.uleb128 0x1
 1344 014c 13       		.uleb128 0x13
 1345 014d 00       		.byte	0
 1346 014e 00       		.byte	0
 1347 014f 19       		.uleb128 0x19
 1348 0150 21       		.uleb128 0x21
 1349 0151 00       		.byte	0
 1350 0152 49       		.uleb128 0x49
 1351 0153 13       		.uleb128 0x13
 1352 0154 2F       		.uleb128 0x2f
 1353 0155 0B       		.uleb128 0xb
 1354 0156 00       		.byte	0
 1355 0157 00       		.byte	0
 1356 0158 1A       		.uleb128 0x1a
 1357 0159 34       		.uleb128 0x34
 1358 015a 00       		.byte	0
 1359 015b 03       		.uleb128 0x3
 1360 015c 0E       		.uleb128 0xe
 1361 015d 3A       		.uleb128 0x3a
 1362 015e 0B       		.uleb128 0xb
 1363 015f 3B       		.uleb128 0x3b
 1364 0160 0B       		.uleb128 0xb
 1365 0161 49       		.uleb128 0x49
 1366 0162 13       		.uleb128 0x13
 1367 0163 02       		.uleb128 0x2
 1368 0164 18       		.uleb128 0x18
 1369 0165 00       		.byte	0
 1370 0166 00       		.byte	0
 1371 0167 1B       		.uleb128 0x1b
 1372 0168 26       		.uleb128 0x26
 1373 0169 00       		.byte	0
 1374 016a 49       		.uleb128 0x49
 1375 016b 13       		.uleb128 0x13
 1376 016c 00       		.byte	0
 1377 016d 00       		.byte	0
 1378 016e 1C       		.uleb128 0x1c
 1379 016f 34       		.uleb128 0x34
 1380 0170 00       		.byte	0
 1381 0171 03       		.uleb128 0x3
 1382 0172 0E       		.uleb128 0xe
 1383 0173 3A       		.uleb128 0x3a
 1384 0174 0B       		.uleb128 0xb
 1385 0175 3B       		.uleb128 0x3b
 1386 0176 0B       		.uleb128 0xb
 1387 0177 49       		.uleb128 0x49
 1388 0178 13       		.uleb128 0x13
ARM GAS  C:\Users\VIKRAM~1\AppData\Local\Temp\ccqDHbyC.s 			page 29


 1389 0179 3F       		.uleb128 0x3f
 1390 017a 19       		.uleb128 0x19
 1391 017b 3C       		.uleb128 0x3c
 1392 017c 19       		.uleb128 0x19
 1393 017d 00       		.byte	0
 1394 017e 00       		.byte	0
 1395 017f 1D       		.uleb128 0x1d
 1396 0180 34       		.uleb128 0x34
 1397 0181 00       		.byte	0
 1398 0182 03       		.uleb128 0x3
 1399 0183 0E       		.uleb128 0xe
 1400 0184 3A       		.uleb128 0x3a
 1401 0185 0B       		.uleb128 0xb
 1402 0186 3B       		.uleb128 0x3b
 1403 0187 05       		.uleb128 0x5
 1404 0188 49       		.uleb128 0x49
 1405 0189 13       		.uleb128 0x13
 1406 018a 3F       		.uleb128 0x3f
 1407 018b 19       		.uleb128 0x19
 1408 018c 3C       		.uleb128 0x3c
 1409 018d 19       		.uleb128 0x19
 1410 018e 00       		.byte	0
 1411 018f 00       		.byte	0
 1412 0190 1E       		.uleb128 0x1e
 1413 0191 35       		.uleb128 0x35
 1414 0192 00       		.byte	0
 1415 0193 49       		.uleb128 0x49
 1416 0194 13       		.uleb128 0x13
 1417 0195 00       		.byte	0
 1418 0196 00       		.byte	0
 1419 0197 1F       		.uleb128 0x1f
 1420 0198 2E       		.uleb128 0x2e
 1421 0199 00       		.byte	0
 1422 019a 3F       		.uleb128 0x3f
 1423 019b 19       		.uleb128 0x19
 1424 019c 3C       		.uleb128 0x3c
 1425 019d 19       		.uleb128 0x19
 1426 019e 6E       		.uleb128 0x6e
 1427 019f 0E       		.uleb128 0xe
 1428 01a0 03       		.uleb128 0x3
 1429 01a1 0E       		.uleb128 0xe
 1430 01a2 3A       		.uleb128 0x3a
 1431 01a3 0B       		.uleb128 0xb
 1432 01a4 3B       		.uleb128 0x3b
 1433 01a5 0B       		.uleb128 0xb
 1434 01a6 00       		.byte	0
 1435 01a7 00       		.byte	0
 1436 01a8 00       		.byte	0
 1437              		.section	.debug_loc,"",%progbits
 1438              	.Ldebug_loc0:
 1439              	.LLST0:
 1440 0000 00000000 		.4byte	.LVL0
 1441 0004 0A000000 		.4byte	.LVL1
 1442 0008 0100     		.2byte	0x1
 1443 000a 50       		.byte	0x50
 1444 000b 0A000000 		.4byte	.LVL1
 1445 000f 16000000 		.4byte	.LVL3
ARM GAS  C:\Users\VIKRAM~1\AppData\Local\Temp\ccqDHbyC.s 			page 30


 1446 0013 0400     		.2byte	0x4
 1447 0015 F3       		.byte	0xf3
 1448 0016 01       		.uleb128 0x1
 1449 0017 50       		.byte	0x50
 1450 0018 9F       		.byte	0x9f
 1451 0019 16000000 		.4byte	.LVL3
 1452 001d 1A000000 		.4byte	.LVL4
 1453 0021 0100     		.2byte	0x1
 1454 0023 50       		.byte	0x50
 1455 0024 1A000000 		.4byte	.LVL4
 1456 0028 20000000 		.4byte	.LFE111
 1457 002c 0400     		.2byte	0x4
 1458 002e F3       		.byte	0xf3
 1459 002f 01       		.uleb128 0x1
 1460 0030 50       		.byte	0x50
 1461 0031 9F       		.byte	0x9f
 1462 0032 00000000 		.4byte	0
 1463 0036 00000000 		.4byte	0
 1464              	.LLST1:
 1465 003a 00000000 		.4byte	.LVL0
 1466 003e 0D000000 		.4byte	.LVL2-1
 1467 0042 0100     		.2byte	0x1
 1468 0044 51       		.byte	0x51
 1469 0045 0D000000 		.4byte	.LVL2-1
 1470 0049 16000000 		.4byte	.LVL3
 1471 004d 0400     		.2byte	0x4
 1472 004f F3       		.byte	0xf3
 1473 0050 01       		.uleb128 0x1
 1474 0051 51       		.byte	0x51
 1475 0052 9F       		.byte	0x9f
 1476 0053 16000000 		.4byte	.LVL3
 1477 0057 20000000 		.4byte	.LFE111
 1478 005b 0100     		.2byte	0x1
 1479 005d 51       		.byte	0x51
 1480 005e 00000000 		.4byte	0
 1481 0062 00000000 		.4byte	0
 1482              	.LLST2:
 1483 0066 02000000 		.4byte	.LVL5
 1484 006a 08000000 		.4byte	.LVL6
 1485 006e 0200     		.2byte	0x2
 1486 0070 30       		.byte	0x30
 1487 0071 9F       		.byte	0x9f
 1488 0072 08000000 		.4byte	.LVL6
 1489 0076 28000000 		.4byte	.LVL12
 1490 007a 0100     		.2byte	0x1
 1491 007c 55       		.byte	0x55
 1492 007d 00000000 		.4byte	0
 1493 0081 00000000 		.4byte	0
 1494              	.LLST3:
 1495 0085 02000000 		.4byte	.LVL5
 1496 0089 08000000 		.4byte	.LVL6
 1497 008d 0200     		.2byte	0x2
 1498 008f 30       		.byte	0x30
 1499 0090 9F       		.byte	0x9f
 1500 0091 08000000 		.4byte	.LVL6
 1501 0095 1A000000 		.4byte	.LVL9
 1502 0099 0100     		.2byte	0x1
ARM GAS  C:\Users\VIKRAM~1\AppData\Local\Temp\ccqDHbyC.s 			page 31


 1503 009b 54       		.byte	0x54
 1504 009c 1C000000 		.4byte	.LVL10
 1505 00a0 28000000 		.4byte	.LVL12
 1506 00a4 0100     		.2byte	0x1
 1507 00a6 54       		.byte	0x54
 1508 00a7 00000000 		.4byte	0
 1509 00ab 00000000 		.4byte	0
 1510              	.LLST4:
 1511 00af 14000000 		.4byte	.LVL7
 1512 00b3 1C000000 		.4byte	.LVL10
 1513 00b7 0100     		.2byte	0x1
 1514 00b9 50       		.byte	0x50
 1515 00ba 00000000 		.4byte	0
 1516 00be 00000000 		.4byte	0
 1517              	.LLST5:
 1518 00c2 00000000 		.4byte	.LVL13
 1519 00c6 1A000000 		.4byte	.LVL16
 1520 00ca 0100     		.2byte	0x1
 1521 00cc 50       		.byte	0x50
 1522 00cd 1A000000 		.4byte	.LVL16
 1523 00d1 22000000 		.4byte	.LVL18
 1524 00d5 0400     		.2byte	0x4
 1525 00d7 F3       		.byte	0xf3
 1526 00d8 01       		.uleb128 0x1
 1527 00d9 50       		.byte	0x50
 1528 00da 9F       		.byte	0x9f
 1529 00db 22000000 		.4byte	.LVL18
 1530 00df 26000000 		.4byte	.LVL19
 1531 00e3 0100     		.2byte	0x1
 1532 00e5 50       		.byte	0x50
 1533 00e6 26000000 		.4byte	.LVL19
 1534 00ea 2C000000 		.4byte	.LFE112
 1535 00ee 0400     		.2byte	0x4
 1536 00f0 F3       		.byte	0xf3
 1537 00f1 01       		.uleb128 0x1
 1538 00f2 50       		.byte	0x50
 1539 00f3 9F       		.byte	0x9f
 1540 00f4 00000000 		.4byte	0
 1541 00f8 00000000 		.4byte	0
 1542              	.LLST6:
 1543 00fc 0A000000 		.4byte	.LVL14
 1544 0100 14000000 		.4byte	.LVL15
 1545 0104 0100     		.2byte	0x1
 1546 0106 53       		.byte	0x53
 1547 0107 00000000 		.4byte	0
 1548 010b 00000000 		.4byte	0
 1549              	.LLST7:
 1550 010f 00000000 		.4byte	.LVL20
 1551 0113 08000000 		.4byte	.LVL21
 1552 0117 0100     		.2byte	0x1
 1553 0119 50       		.byte	0x50
 1554 011a 08000000 		.4byte	.LVL21
 1555 011e 14000000 		.4byte	.LFE114
 1556 0122 0400     		.2byte	0x4
 1557 0124 F3       		.byte	0xf3
 1558 0125 01       		.uleb128 0x1
 1559 0126 50       		.byte	0x50
ARM GAS  C:\Users\VIKRAM~1\AppData\Local\Temp\ccqDHbyC.s 			page 32


 1560 0127 9F       		.byte	0x9f
 1561 0128 00000000 		.4byte	0
 1562 012c 00000000 		.4byte	0
 1563              		.section	.debug_aranges,"",%progbits
 1564 0000 34000000 		.4byte	0x34
 1565 0004 0200     		.2byte	0x2
 1566 0006 00000000 		.4byte	.Ldebug_info0
 1567 000a 04       		.byte	0x4
 1568 000b 00       		.byte	0
 1569 000c 0000     		.2byte	0
 1570 000e 0000     		.2byte	0
 1571 0010 00000000 		.4byte	.LFB111
 1572 0014 20000000 		.4byte	.LFE111-.LFB111
 1573 0018 00000000 		.4byte	.LFB110
 1574 001c 2C000000 		.4byte	.LFE110-.LFB110
 1575 0020 00000000 		.4byte	.LFB112
 1576 0024 2C000000 		.4byte	.LFE112-.LFB112
 1577 0028 00000000 		.4byte	.LFB114
 1578 002c 14000000 		.4byte	.LFE114-.LFB114
 1579 0030 00000000 		.4byte	0
 1580 0034 00000000 		.4byte	0
 1581              		.section	.debug_ranges,"",%progbits
 1582              	.Ldebug_ranges0:
 1583 0000 02000000 		.4byte	.LBB4
 1584 0004 04000000 		.4byte	.LBE4
 1585 0008 06000000 		.4byte	.LBB6
 1586 000c 20000000 		.4byte	.LBE6
 1587 0010 00000000 		.4byte	0
 1588 0014 00000000 		.4byte	0
 1589 0018 00000000 		.4byte	.LFB111
 1590 001c 20000000 		.4byte	.LFE111
 1591 0020 00000000 		.4byte	.LFB110
 1592 0024 2C000000 		.4byte	.LFE110
 1593 0028 00000000 		.4byte	.LFB112
 1594 002c 2C000000 		.4byte	.LFE112
 1595 0030 00000000 		.4byte	.LFB114
 1596 0034 14000000 		.4byte	.LFE114
 1597 0038 00000000 		.4byte	0
 1598 003c 00000000 		.4byte	0
 1599              		.section	.debug_line,"",%progbits
 1600              	.Ldebug_line0:
 1601 0000 AD020000 		.section	.debug_str,"MS",%progbits,1
 1601      02003802 
 1601      00000201 
 1601      FB0E0D00 
 1601      01010101 
 1602              	.LASF66:
 1603 0000 4C45445F 		.ascii	"LED_Toggle\000"
 1603      546F6767 
 1603      6C6500
 1604              	.LASF63:
 1605 000b 72657375 		.ascii	"result\000"
 1605      6C7400
 1606              	.LASF69:
 1607 0012 4C45445F 		.ascii	"LED__state\000"
 1607      5F737461 
 1607      746500
ARM GAS  C:\Users\VIKRAM~1\AppData\Local\Temp\ccqDHbyC.s 			page 33


 1608              	.LASF38:
 1609 001d 52435F45 		.ascii	"RC_ERROR_READ_ONLY\000"
 1609      52524F52 
 1609      5F524541 
 1609      445F4F4E 
 1609      4C5900
 1610              	.LASF24:
 1611 0030 52435F53 		.ascii	"RC_SUCCESS\000"
 1611      55434345 
 1611      535300
 1612              	.LASF83:
 1613 003b 4C45445F 		.ascii	"LED__toggleValue\000"
 1613      5F746F67 
 1613      676C6556 
 1613      616C7565 
 1613      00
 1614              	.LASF70:
 1615 004c 4C45445F 		.ascii	"LED__Pulse_Width\000"
 1615      5F50756C 
 1615      73655F57 
 1615      69647468 
 1615      00
 1616              	.LASF79:
 1617 005d 456E6769 		.ascii	"Engine_PWM_WriteCompare\000"
 1617      6E655F50 
 1617      574D5F57 
 1617      72697465 
 1617      436F6D70 
 1618              	.LASF39:
 1619 0075 52435F45 		.ascii	"RC_ERROR_WRITE_ONLY\000"
 1619      52524F52 
 1619      5F575249 
 1619      54455F4F 
 1619      4E4C5900 
 1620              	.LASF2:
 1621 0089 73686F72 		.ascii	"short int\000"
 1621      7420696E 
 1621      7400
 1622              	.LASF30:
 1623 0093 52435F45 		.ascii	"RC_ERROR_OVERRUN\000"
 1623      52524F52 
 1623      5F4F5645 
 1623      5252554E 
 1623      00
 1624              	.LASF42:
 1625 00a4 52435F45 		.ascii	"RC_ERROR_WRITE_FAILS\000"
 1625      52524F52 
 1625      5F575249 
 1625      54455F46 
 1625      41494C53 
 1626              	.LASF23:
 1627 00b9 73697A65 		.ascii	"sizetype\000"
 1627      74797065 
 1627      00
 1628              	.LASF50:
 1629 00c2 52435F74 		.ascii	"RC_t\000"
 1629      00
ARM GAS  C:\Users\VIKRAM~1\AppData\Local\Temp\ccqDHbyC.s 			page 34


 1630              	.LASF27:
 1631 00c7 52435F45 		.ascii	"RC_ERROR_ZERO\000"
 1631      52524F52 
 1631      5F5A4552 
 1631      4F00
 1632              	.LASF21:
 1633 00d5 45455F46 		.ascii	"EE_FREG\000"
 1633      52454700 
 1634              	.LASF40:
 1635 00dd 52435F45 		.ascii	"RC_ERROR_INVALID\000"
 1635      52524F52 
 1635      5F494E56 
 1635      414C4944 
 1635      00
 1636              	.LASF19:
 1637 00ee 45455F55 		.ascii	"EE_UINT32\000"
 1637      494E5433 
 1637      3200
 1638              	.LASF64:
 1639 00f8 636C6561 		.ascii	"clearResult\000"
 1639      72526573 
 1639      756C7400 
 1640              	.LASF22:
 1641 0104 45455F54 		.ascii	"EE_TID\000"
 1641      494400
 1642              	.LASF13:
 1643 010b 75696E74 		.ascii	"uint16\000"
 1643      313600
 1644              	.LASF57:
 1645 0112 654C4544 		.ascii	"eLED_ONOFF\000"
 1645      5F4F4E4F 
 1645      464600
 1646              	.LASF11:
 1647 011d 75696E74 		.ascii	"uint8_t\000"
 1647      385F7400 
 1648              	.LASF47:
 1649 0125 52435F45 		.ascii	"RC_ERROR_INVALID_STATE\000"
 1649      52524F52 
 1649      5F494E56 
 1649      414C4944 
 1649      5F535441 
 1650              	.LASF75:
 1651 013c 45455F49 		.ascii	"EE_IRQ_nesting_level\000"
 1651      52515F6E 
 1651      65737469 
 1651      6E675F6C 
 1651      6576656C 
 1652              	.LASF74:
 1653 0151 45455F73 		.ascii	"EE_std_endcycle_next_tid\000"
 1653      74645F65 
 1653      6E646379 
 1653      636C655F 
 1653      6E657874 
 1654              	.LASF29:
 1655 016a 52435F45 		.ascii	"RC_ERROR_RANGE\000"
 1655      52524F52 
 1655      5F52414E 
ARM GAS  C:\Users\VIKRAM~1\AppData\Local\Temp\ccqDHbyC.s 			page 35


 1655      474500
 1656              	.LASF14:
 1657 0179 666C6F61 		.ascii	"float\000"
 1657      7400
 1658              	.LASF49:
 1659 017f 52435F45 		.ascii	"RC_ERROR_NOT_IMPLEMENTED\000"
 1659      52524F52 
 1659      5F4E4F54 
 1659      5F494D50 
 1659      4C454D45 
 1660              	.LASF8:
 1661 0198 6C6F6E67 		.ascii	"long long int\000"
 1661      206C6F6E 
 1661      6720696E 
 1661      7400
 1662              	.LASF56:
 1663 01a6 654C4544 		.ascii	"eLED_id\000"
 1663      5F696400 
 1664              	.LASF72:
 1665 01ae 45455F6F 		.ascii	"EE_oo_IRQ_suspend_status\000"
 1665      6F5F4952 
 1665      515F7375 
 1665      7370656E 
 1665      645F7374 
 1666              	.LASF81:
 1667 01c7 736F7572 		.ascii	"source\\bsw\\led.c\000"
 1667      63655C62 
 1667      73775C6C 
 1667      65642E63 
 1667      00
 1668              	.LASF43:
 1669 01d8 52435F45 		.ascii	"RC_ERROR_NOT_MATCH\000"
 1669      52524F52 
 1669      5F4E4F54 
 1669      5F4D4154 
 1669      434800
 1670              	.LASF48:
 1671 01eb 52435F45 		.ascii	"RC_ERROR_UNKNOWN\000"
 1671      52524F52 
 1671      5F554E4B 
 1671      4E4F574E 
 1671      00
 1672              	.LASF6:
 1673 01fc 6C6F6E67 		.ascii	"long int\000"
 1673      20696E74 
 1673      00
 1674              	.LASF31:
 1675 0205 52435F45 		.ascii	"RC_ERROR_UNDERRUN\000"
 1675      52524F52 
 1675      5F554E44 
 1675      45525255 
 1675      4E00
 1676              	.LASF34:
 1677 0217 52435F45 		.ascii	"RC_ERROR_BUSY\000"
 1677      52524F52 
 1677      5F425553 
 1677      5900
ARM GAS  C:\Users\VIKRAM~1\AppData\Local\Temp\ccqDHbyC.s 			page 36


 1678              	.LASF61:
 1679 0225 6C656449 		.ascii	"ledId\000"
 1679      6400
 1680              	.LASF77:
 1681 022b 4272616B 		.ascii	"Brake_LED_Write\000"
 1681      655F4C45 
 1681      445F5772 
 1681      69746500 
 1682              	.LASF68:
 1683 023b 67726565 		.ascii	"green\000"
 1683      6E00
 1684              	.LASF45:
 1685 0241 52435F45 		.ascii	"RC_ERROR_BAD_DATA\000"
 1685      52524F52 
 1685      5F424144 
 1685      5F444154 
 1685      4100
 1686              	.LASF17:
 1687 0253 6C6F6E67 		.ascii	"long double\000"
 1687      20646F75 
 1687      626C6500 
 1688              	.LASF1:
 1689 025f 756E7369 		.ascii	"unsigned char\000"
 1689      676E6564 
 1689      20636861 
 1689      7200
 1690              	.LASF44:
 1691 026d 52435F45 		.ascii	"RC_ERROR_BAD_PARAM\000"
 1691      52524F52 
 1691      5F424144 
 1691      5F504152 
 1691      414D00
 1692              	.LASF60:
 1693 0280 4C45445F 		.ascii	"LED_ONOFF_t\000"
 1693      4F4E4F46 
 1693      465F7400 
 1694              	.LASF0:
 1695 028c 7369676E 		.ascii	"signed char\000"
 1695      65642063 
 1695      68617200 
 1696              	.LASF9:
 1697 0298 6C6F6E67 		.ascii	"long long unsigned int\000"
 1697      206C6F6E 
 1697      6720756E 
 1697      7369676E 
 1697      65642069 
 1698              	.LASF59:
 1699 02af 4C45445F 		.ascii	"LED_ON\000"
 1699      4F4E00
 1700              	.LASF55:
 1701 02b6 4C45445F 		.ascii	"LED_id_t\000"
 1701      69645F74 
 1701      00
 1702              	.LASF10:
 1703 02bf 756E7369 		.ascii	"unsigned int\000"
 1703      676E6564 
 1703      20696E74 
ARM GAS  C:\Users\VIKRAM~1\AppData\Local\Temp\ccqDHbyC.s 			page 37


 1703      00
 1704              	.LASF36:
 1705 02cc 52435F45 		.ascii	"RC_ERROR_OPEN\000"
 1705      52524F52 
 1705      5F4F5045 
 1705      4E00
 1706              	.LASF65:
 1707 02da 4C45445F 		.ascii	"LED_Set\000"
 1707      53657400 
 1708              	.LASF58:
 1709 02e2 4C45445F 		.ascii	"LED_OFF\000"
 1709      4F464600 
 1710              	.LASF52:
 1711 02ea 4C45445F 		.ascii	"LED_YELLOW\000"
 1711      59454C4C 
 1711      4F5700
 1712              	.LASF26:
 1713 02f5 52435F45 		.ascii	"RC_ERROR_NULL\000"
 1713      52524F52 
 1713      5F4E554C 
 1713      4C00
 1714              	.LASF33:
 1715 0303 52435F45 		.ascii	"RC_ERROR_BUFFER_EMTPY\000"
 1715      52524F52 
 1715      5F425546 
 1715      4645525F 
 1715      454D5450 
 1716              	.LASF18:
 1717 0319 45455F49 		.ascii	"EE_INT32\000"
 1717      4E543332 
 1717      00
 1718              	.LASF62:
 1719 0322 6C65644F 		.ascii	"ledOnOff\000"
 1719      6E4F6666 
 1719      00
 1720              	.LASF3:
 1721 032b 73686F72 		.ascii	"short unsigned int\000"
 1721      7420756E 
 1721      7369676E 
 1721      65642069 
 1721      6E7400
 1722              	.LASF80:
 1723 033e 474E5520 		.ascii	"GNU C11 5.4.1 20160609 (release) [ARM/embedded-5-br"
 1723      43313120 
 1723      352E342E 
 1723      31203230 
 1723      31363036 
 1724 0371 616E6368 		.ascii	"anch revision 237715] -mcpu=cortex-m3 -mthumb -g -O"
 1724      20726576 
 1724      6973696F 
 1724      6E203233 
 1724      37373135 
 1725 03a4 67202D66 		.ascii	"g -ffunction-sections -ffat-lto-objects\000"
 1725      66756E63 
 1725      74696F6E 
 1725      2D736563 
 1725      74696F6E 
ARM GAS  C:\Users\VIKRAM~1\AppData\Local\Temp\ccqDHbyC.s 			page 38


 1726              	.LASF16:
 1727 03cc 63686172 		.ascii	"char\000"
 1727      00
 1728              	.LASF32:
 1729 03d1 52435F45 		.ascii	"RC_ERROR_BUFFER_FULL\000"
 1729      52524F52 
 1729      5F425546 
 1729      4645525F 
 1729      46554C4C 
 1730              	.LASF12:
 1731 03e6 696E7433 		.ascii	"int32_t\000"
 1731      325F7400 
 1732              	.LASF41:
 1733 03ee 52435F45 		.ascii	"RC_ERROR_READ_FAILS\000"
 1733      52524F52 
 1733      5F524541 
 1733      445F4641 
 1733      494C5300 
 1734              	.LASF67:
 1735 0402 4C45445F 		.ascii	"LED_RGB_Set\000"
 1735      5247425F 
 1735      53657400 
 1736              	.LASF53:
 1737 040e 4C45445F 		.ascii	"LED_GREEN\000"
 1737      47524545 
 1737      4E00
 1738              	.LASF82:
 1739 0418 433A5C55 		.ascii	"C:\\Users\\Vikram Vadhirajan\\OneDrive - LearnMSO\\"
 1739      73657273 
 1739      5C56696B 
 1739      72616D20 
 1739      56616468 
 1740 0447 5072616A 		.ascii	"Praju_Docs\\Semester_2\\EAA\\Lab\\PSOC_Creator\\Lab"
 1740      755F446F 
 1740      63735C53 
 1740      656D6573 
 1740      7465725F 
 1741 0475 5C4C6162 		.ascii	"\\Lab1\\Lab1_Assignment_GasPedal\\Lab1_GasPedal.cyd"
 1741      315C4C61 
 1741      62315F41 
 1741      73736967 
 1741      6E6D656E 
 1742 04a5 736E00   		.ascii	"sn\000"
 1743              	.LASF73:
 1744 04a8 45455F41 		.ascii	"EE_ApplicationMode\000"
 1744      70706C69 
 1744      63617469 
 1744      6F6E4D6F 
 1744      646500
 1745              	.LASF7:
 1746 04bb 6C6F6E67 		.ascii	"long unsigned int\000"
 1746      20756E73 
 1746      69676E65 
 1746      6420696E 
 1746      7400
 1747              	.LASF84:
 1748 04cd 4C45445F 		.ascii	"LED_Init\000"
ARM GAS  C:\Users\VIKRAM~1\AppData\Local\Temp\ccqDHbyC.s 			page 39


 1748      496E6974 
 1748      00
 1749              	.LASF78:
 1750 04d6 456E6769 		.ascii	"Engine_PWM_Start\000"
 1750      6E655F50 
 1750      574D5F53 
 1750      74617274 
 1750      00
 1751              	.LASF37:
 1752 04e7 52435F45 		.ascii	"RC_ERROR_CHECKSUM\000"
 1752      52524F52 
 1752      5F434845 
 1752      434B5355 
 1752      4D00
 1753              	.LASF20:
 1754 04f9 45455F55 		.ascii	"EE_UREG\000"
 1754      52454700 
 1755              	.LASF54:
 1756 0501 4C45445F 		.ascii	"LED_ALL\000"
 1756      414C4C00 
 1757              	.LASF5:
 1758 0509 5F5F696E 		.ascii	"__int32_t\000"
 1758      7433325F 
 1758      7400
 1759              	.LASF46:
 1760 0513 52435F45 		.ascii	"RC_ERROR_CANCELED\000"
 1760      52524F52 
 1760      5F43414E 
 1760      43454C45 
 1760      4400
 1761              	.LASF15:
 1762 0525 646F7562 		.ascii	"double\000"
 1762      6C6500
 1763              	.LASF76:
 1764 052c 49544D5F 		.ascii	"ITM_RxBuffer\000"
 1764      52784275 
 1764      66666572 
 1764      00
 1765              	.LASF25:
 1766 0539 52435F45 		.ascii	"RC_ERROR\000"
 1766      52524F52 
 1766      00
 1767              	.LASF51:
 1768 0542 4C45445F 		.ascii	"LED_RED\000"
 1768      52454400 
 1769              	.LASF28:
 1770 054a 52435F45 		.ascii	"RC_ERROR_MEMORY\000"
 1770      52524F52 
 1770      5F4D454D 
 1770      4F525900 
 1771              	.LASF71:
 1772 055a 45455F6F 		.ascii	"EE_oo_IRQ_disable_count\000"
 1772      6F5F4952 
 1772      515F6469 
 1772      7361626C 
 1772      655F636F 
 1773              	.LASF4:
ARM GAS  C:\Users\VIKRAM~1\AppData\Local\Temp\ccqDHbyC.s 			page 40


 1774 0572 5F5F7569 		.ascii	"__uint8_t\000"
 1774      6E74385F 
 1774      7400
 1775              	.LASF35:
 1776 057c 52435F45 		.ascii	"RC_ERROR_TIME_OUT\000"
 1776      52524F52 
 1776      5F54494D 
 1776      455F4F55 
 1776      5400
 1777              		.ident	"GCC: (GNU Tools for ARM Embedded Processors) 5.4.1 20160609 (release) [ARM/embedded-5-bran
