ARM GAS  C:\Users\VIKRAM~1\AppData\Local\Temp\ccEipQGi.s 			page 1


   1              		.syntax unified
   2              		.cpu cortex-m3
   3              		.fpu softvfp
   4              		.eabi_attribute 20, 1
   5              		.eabi_attribute 21, 1
   6              		.eabi_attribute 23, 3
   7              		.eabi_attribute 24, 1
   8              		.eabi_attribute 25, 1
   9              		.eabi_attribute 26, 1
  10              		.eabi_attribute 30, 1
  11              		.eabi_attribute 34, 1
  12              		.eabi_attribute 18, 4
  13              		.thumb
  14              		.syntax unified
  15              		.file	"sc_brakelight_type.c"
  16              		.text
  17              	.Ltext0:
  18              		.cfi_sections	.debug_frame
  19              		.section	.text.SC_BRAKELIGHT_driverOut,"ax",%progbits
  20              		.align	2
  21              		.global	SC_BRAKELIGHT_driverOut
  22              		.thumb
  23              		.thumb_func
  24              		.type	SC_BRAKELIGHT_driverOut, %function
  25              	SC_BRAKELIGHT_driverOut:
  26              	.LFB110:
  27              		.file 1 "source\\rte\\sc_brakelight_type.c"
   1:source\rte/sc_brakelight_type.c **** /*
   2:source\rte/sc_brakelight_type.c ****  * Filename: sc_brakelight_type.c
   3:source\rte/sc_brakelight_type.c ****  *
   4:source\rte/sc_brakelight_type.c ****  * Author: Autogenerated by H-DA RTE Generator, (c) Prof. Fromm
   5:source\rte/sc_brakelight_type.c ****  *
   6:source\rte/sc_brakelight_type.c ****  * description: Signal class containing the brake data
   7:source\rte/sc_brakelight_type.c ****  * name: sc_brakelight
   8:source\rte/sc_brakelight_type.c ****  * shortname: brakelight
   9:source\rte/sc_brakelight_type.c ****  *
  10:source\rte/sc_brakelight_type.c ****  */
  11:source\rte/sc_brakelight_type.c **** 
  12:source\rte/sc_brakelight_type.c **** #include "project.h"
  13:source\rte/sc_brakelight_type.c **** #include "global.h"
  14:source\rte/sc_brakelight_type.c **** #include "rte.h"
  15:source\rte/sc_brakelight_type.c **** #include "rte_types.h"
  16:source\rte/sc_brakelight_type.c **** #include "sc_brakelight_type.h"
  17:source\rte/sc_brakelight_type.c **** 
  18:source\rte/sc_brakelight_type.c **** 
  19:source\rte/sc_brakelight_type.c **** 
  20:source\rte/sc_brakelight_type.c **** /* USER CODE START SC_BRAKELIGHT_INCLUDE */
  21:source\rte/sc_brakelight_type.c **** #include "led.h"
  22:source\rte/sc_brakelight_type.c **** /* USER CODE END SC_BRAKELIGHT_INCLUDE */
  23:source\rte/sc_brakelight_type.c **** 
  24:source\rte/sc_brakelight_type.c **** 
  25:source\rte/sc_brakelight_type.c **** 
  26:source\rte/sc_brakelight_type.c **** 
  27:source\rte/sc_brakelight_type.c **** /* USER CODE START SC_BRAKELIGHT_USERDEFINITIONS */
  28:source\rte/sc_brakelight_type.c **** 
  29:source\rte/sc_brakelight_type.c **** /* USER CODE END SC_BRAKELIGHT_USERDEFINITIONS */
  30:source\rte/sc_brakelight_type.c **** 
ARM GAS  C:\Users\VIKRAM~1\AppData\Local\Temp\ccEipQGi.s 			page 2


  31:source\rte/sc_brakelight_type.c **** 
  32:source\rte/sc_brakelight_type.c **** /*****************************************************************************************
  33:source\rte/sc_brakelight_type.c ****  *************** Port Wrapper Implementation for SC_BRAKELIGHT signal  ****************
  34:source\rte/sc_brakelight_type.c ****  *****************************************************************************************/
  35:source\rte/sc_brakelight_type.c ****  
  36:source\rte/sc_brakelight_type.c ****  
  37:source\rte/sc_brakelight_type.c **** /**
  38:source\rte/sc_brakelight_type.c ****  * Default OUT driver API
  39:source\rte/sc_brakelight_type.c ****  */
  40:source\rte/sc_brakelight_type.c **** inline RC_t SC_BRAKELIGHT_driverOut(const SC_BRAKELIGHT_data_t  *const data)
  41:source\rte/sc_brakelight_type.c **** {
  28              		.loc 1 41 0
  29              		.cfi_startproc
  30              		@ args = 0, pretend = 0, frame = 0
  31              		@ frame_needed = 0, uses_anonymous_args = 0
  32              	.LVL0:
  33 0000 08B5     		push	{r3, lr}
  34              		.cfi_def_cfa_offset 8
  35              		.cfi_offset 3, -8
  36              		.cfi_offset 14, -4
  42:source\rte/sc_brakelight_type.c **** 	/* USER CODE START driverOutSC_BRAKELIGHT */
  43:source\rte/sc_brakelight_type.c **** 	//Scale application data to drive format
  44:source\rte/sc_brakelight_type.c **** 	//Write scaled data to driver
  45:source\rte/sc_brakelight_type.c ****     if(data->brakeLightValue==1)
  37              		.loc 1 45 0
  38 0002 0378     		ldrb	r3, [r0]	@ zero_extendqisi2
  39 0004 012B     		cmp	r3, #1
  40 0006 07D1     		bne	.L2
  46:source\rte/sc_brakelight_type.c ****     {
  47:source\rte/sc_brakelight_type.c ****         LED_Set(LED_RED, 1);
  41              		.loc 1 47 0
  42 0008 0121     		movs	r1, #1
  43 000a 0020     		movs	r0, #0
  44              	.LVL1:
  45 000c FFF7FEFF 		bl	LED_Set
  46              	.LVL2:
  48:source\rte/sc_brakelight_type.c ****         LED_RGB_Set(0);
  47              		.loc 1 48 0
  48 0010 0020     		movs	r0, #0
  49 0012 FFF7FEFF 		bl	LED_RGB_Set
  50              	.LVL3:
  51 0016 03E0     		b	.L3
  52              	.LVL4:
  53              	.L2:
  49:source\rte/sc_brakelight_type.c ****     }
  50:source\rte/sc_brakelight_type.c ****     else
  51:source\rte/sc_brakelight_type.c ****     {
  52:source\rte/sc_brakelight_type.c ****         LED_Set(LED_RED, 0);
  54              		.loc 1 52 0
  55 0018 0021     		movs	r1, #0
  56 001a 0846     		mov	r0, r1
  57              	.LVL5:
  58 001c FFF7FEFF 		bl	LED_Set
  59              	.LVL6:
  60              	.L3:
  53:source\rte/sc_brakelight_type.c ****     }
  54:source\rte/sc_brakelight_type.c **** 	return RC_SUCCESS;
ARM GAS  C:\Users\VIKRAM~1\AppData\Local\Temp\ccEipQGi.s 			page 3


  55:source\rte/sc_brakelight_type.c **** 	/* USER CODE END driverOutSC_BRAKELIGHT */
  56:source\rte/sc_brakelight_type.c **** }
  61              		.loc 1 56 0
  62 0020 0020     		movs	r0, #0
  63 0022 08BD     		pop	{r3, pc}
  64              		.cfi_endproc
  65              	.LFE110:
  66              		.size	SC_BRAKELIGHT_driverOut, .-SC_BRAKELIGHT_driverOut
  67              		.text
  68              	.Letext0:
  69              		.file 2 "c:\\program files (x86)\\cypress\\psoc creator\\4.4\\psoc creator\\import\\gnu\\arm\\5.4.
  70              		.file 3 "c:\\program files (x86)\\cypress\\psoc creator\\4.4\\psoc creator\\import\\gnu\\arm\\5.4.
  71              		.file 4 "Generated_Source\\PSoC5/ErikaOS_1_common_ee_types.inc"
  72              		.file 5 "Generated_Source\\PSoC5/ErikaOS_1_cortex_mx_ee_cpu.inc"
  73              		.file 6 ".\\source\\bsw/global.h"
  74              		.file 7 "source\\rte\\sc_brakelight_type.h"
  75              		.file 8 "Generated_Source\\PSoC5/ErikaOS_1_ee_oo_intfunc.inc"
  76              		.file 9 "Generated_Source\\PSoC5/ErikaOS_1_cortex_mx_ee_context.inc"
  77              		.file 10 "Generated_Source\\PSoC5/ErikaOS_1_common_ee_primitives.inc"
  78              		.file 11 "Generated_Source\\PSoC5/core_cm3.h"
  79              		.file 12 ".\\source\\bsw/led.h"
  80              		.section	.debug_info,"",%progbits
  81              	.Ldebug_info0:
  82 0000 C1020000 		.4byte	0x2c1
  83 0004 0400     		.2byte	0x4
  84 0006 00000000 		.4byte	.Ldebug_abbrev0
  85 000a 04       		.byte	0x4
  86 000b 01       		.uleb128 0x1
  87 000c E5020000 		.4byte	.LASF63
  88 0010 0C       		.byte	0xc
  89 0011 1E000000 		.4byte	.LASF64
  90 0015 B0030000 		.4byte	.LASF65
  91 0019 00000000 		.4byte	.Ldebug_ranges0+0
  92 001d 00000000 		.4byte	0
  93 0021 00000000 		.4byte	.Ldebug_line0
  94 0025 02       		.uleb128 0x2
  95 0026 01       		.byte	0x1
  96 0027 06       		.byte	0x6
  97 0028 3F020000 		.4byte	.LASF0
  98 002c 03       		.uleb128 0x3
  99 002d CD010000 		.4byte	.LASF4
 100 0031 02       		.byte	0x2
 101 0032 1D       		.byte	0x1d
 102 0033 37000000 		.4byte	0x37
 103 0037 02       		.uleb128 0x2
 104 0038 01       		.byte	0x1
 105 0039 08       		.byte	0x8
 106 003a 06020000 		.4byte	.LASF1
 107 003e 02       		.uleb128 0x2
 108 003f 02       		.byte	0x2
 109 0040 05       		.byte	0x5
 110 0041 52000000 		.4byte	.LASF2
 111 0045 02       		.uleb128 0x2
 112 0046 02       		.byte	0x2
 113 0047 07       		.byte	0x7
 114 0048 D2020000 		.4byte	.LASF3
 115 004c 03       		.uleb128 0x3
ARM GAS  C:\Users\VIKRAM~1\AppData\Local\Temp\ccEipQGi.s 			page 4


 116 004d 8E040000 		.4byte	.LASF5
 117 0051 02       		.byte	0x2
 118 0052 3F       		.byte	0x3f
 119 0053 57000000 		.4byte	0x57
 120 0057 02       		.uleb128 0x2
 121 0058 04       		.byte	0x4
 122 0059 05       		.byte	0x5
 123 005a A4010000 		.4byte	.LASF6
 124 005e 02       		.uleb128 0x2
 125 005f 04       		.byte	0x4
 126 0060 07       		.byte	0x7
 127 0061 53040000 		.4byte	.LASF7
 128 0065 02       		.uleb128 0x2
 129 0066 08       		.byte	0x8
 130 0067 05       		.byte	0x5
 131 0068 51010000 		.4byte	.LASF8
 132 006c 02       		.uleb128 0x2
 133 006d 08       		.byte	0x8
 134 006e 07       		.byte	0x7
 135 006f 4B020000 		.4byte	.LASF9
 136 0073 04       		.uleb128 0x4
 137 0074 04       		.byte	0x4
 138 0075 05       		.byte	0x5
 139 0076 696E7400 		.ascii	"int\000"
 140 007a 02       		.uleb128 0x2
 141 007b 04       		.byte	0x4
 142 007c 07       		.byte	0x7
 143 007d 62020000 		.4byte	.LASF10
 144 0081 03       		.uleb128 0x3
 145 0082 D6000000 		.4byte	.LASF11
 146 0086 03       		.byte	0x3
 147 0087 18       		.byte	0x18
 148 0088 2C000000 		.4byte	0x2c
 149 008c 03       		.uleb128 0x3
 150 008d 8D030000 		.4byte	.LASF12
 151 0091 03       		.byte	0x3
 152 0092 2C       		.byte	0x2c
 153 0093 4C000000 		.4byte	0x4c
 154 0097 02       		.uleb128 0x2
 155 0098 04       		.byte	0x4
 156 0099 04       		.byte	0x4
 157 009a 32010000 		.4byte	.LASF13
 158 009e 02       		.uleb128 0x2
 159 009f 08       		.byte	0x8
 160 00a0 04       		.byte	0x4
 161 00a1 65040000 		.4byte	.LASF14
 162 00a5 02       		.uleb128 0x2
 163 00a6 01       		.byte	0x1
 164 00a7 08       		.byte	0x8
 165 00a8 73030000 		.4byte	.LASF15
 166 00ac 02       		.uleb128 0x2
 167 00ad 08       		.byte	0x8
 168 00ae 04       		.byte	0x4
 169 00af FA010000 		.4byte	.LASF16
 170 00b3 03       		.uleb128 0x3
 171 00b4 B4020000 		.4byte	.LASF17
 172 00b8 04       		.byte	0x4
ARM GAS  C:\Users\VIKRAM~1\AppData\Local\Temp\ccEipQGi.s 			page 5


 173 00b9 53       		.byte	0x53
 174 00ba 73000000 		.4byte	0x73
 175 00be 03       		.uleb128 0x3
 176 00bf B5000000 		.4byte	.LASF18
 177 00c3 04       		.byte	0x4
 178 00c4 54       		.byte	0x54
 179 00c5 7A000000 		.4byte	0x7a
 180 00c9 03       		.uleb128 0x3
 181 00ca 7E040000 		.4byte	.LASF19
 182 00ce 05       		.byte	0x5
 183 00cf 4D       		.byte	0x4d
 184 00d0 BE000000 		.4byte	0xbe
 185 00d4 03       		.uleb128 0x3
 186 00d5 99000000 		.4byte	.LASF20
 187 00d9 05       		.byte	0x5
 188 00da 4F       		.byte	0x4f
 189 00db BE000000 		.4byte	0xbe
 190 00df 03       		.uleb128 0x3
 191 00e0 BF000000 		.4byte	.LASF21
 192 00e4 05       		.byte	0x5
 193 00e5 78       		.byte	0x78
 194 00e6 B3000000 		.4byte	0xb3
 195 00ea 02       		.uleb128 0x2
 196 00eb 04       		.byte	0x4
 197 00ec 07       		.byte	0x7
 198 00ed 82000000 		.4byte	.LASF22
 199 00f1 05       		.uleb128 0x5
 200 00f2 01       		.byte	0x1
 201 00f3 25000000 		.4byte	0x25
 202 00f7 06       		.byte	0x6
 203 00f8 CF       		.byte	0xcf
 204 00f9 9A010000 		.4byte	0x19a
 205 00fd 06       		.uleb128 0x6
 206 00fe 13000000 		.4byte	.LASF23
 207 0102 00       		.byte	0
 208 0103 07       		.uleb128 0x7
 209 0104 B7040000 		.4byte	.LASF24
 210 0108 7F       		.sleb128 -1
 211 0109 07       		.uleb128 0x7
 212 010a 90020000 		.4byte	.LASF25
 213 010e 7E       		.sleb128 -2
 214 010f 07       		.uleb128 0x7
 215 0110 8B000000 		.4byte	.LASF26
 216 0114 7D       		.sleb128 -3
 217 0115 07       		.uleb128 0x7
 218 0116 C8040000 		.4byte	.LASF27
 219 011a 7C       		.sleb128 -4
 220 011b 07       		.uleb128 0x7
 221 011c 23010000 		.4byte	.LASF28
 222 0120 7B       		.sleb128 -5
 223 0121 07       		.uleb128 0x7
 224 0122 5C000000 		.4byte	.LASF29
 225 0126 7A       		.sleb128 -6
 226 0127 07       		.uleb128 0x7
 227 0128 AD010000 		.4byte	.LASF30
 228 012c 79       		.sleb128 -7
 229 012d 07       		.uleb128 0x7
ARM GAS  C:\Users\VIKRAM~1\AppData\Local\Temp\ccEipQGi.s 			page 6


 230 012e 78030000 		.4byte	.LASF31
 231 0132 78       		.sleb128 -8
 232 0133 07       		.uleb128 0x7
 233 0134 9E020000 		.4byte	.LASF32
 234 0138 77       		.sleb128 -9
 235 0139 07       		.uleb128 0x7
 236 013a BF010000 		.4byte	.LASF33
 237 013e 76       		.sleb128 -10
 238 013f 07       		.uleb128 0x7
 239 0140 F5040000 		.4byte	.LASF34
 240 0144 75       		.sleb128 -11
 241 0145 07       		.uleb128 0x7
 242 0146 6F020000 		.4byte	.LASF35
 243 014a 74       		.sleb128 -12
 244 014b 07       		.uleb128 0x7
 245 014c 6C040000 		.4byte	.LASF36
 246 0150 73       		.sleb128 -13
 247 0151 07       		.uleb128 0x7
 248 0152 00000000 		.4byte	.LASF37
 249 0156 72       		.sleb128 -14
 250 0157 07       		.uleb128 0x7
 251 0158 3E000000 		.4byte	.LASF38
 252 015c 71       		.sleb128 -15
 253 015d 07       		.uleb128 0x7
 254 015e D7010000 		.4byte	.LASF39
 255 0162 70       		.sleb128 -16
 256 0163 07       		.uleb128 0x7
 257 0164 A1000000 		.4byte	.LASF40
 258 0168 6F       		.sleb128 -17
 259 0169 07       		.uleb128 0x7
 260 016a 6D000000 		.4byte	.LASF41
 261 016e 6E       		.sleb128 -18
 262 016f 07       		.uleb128 0x7
 263 0170 80010000 		.4byte	.LASF42
 264 0174 6D       		.sleb128 -19
 265 0175 07       		.uleb128 0x7
 266 0176 2C020000 		.4byte	.LASF43
 267 017a 6C       		.sleb128 -20
 268 017b 07       		.uleb128 0x7
 269 017c E8010000 		.4byte	.LASF44
 270 0180 6B       		.sleb128 -21
 271 0181 07       		.uleb128 0x7
 272 0182 98040000 		.4byte	.LASF45
 273 0186 6A       		.sleb128 -22
 274 0187 07       		.uleb128 0x7
 275 0188 DE000000 		.4byte	.LASF46
 276 018c 69       		.sleb128 -23
 277 018d 07       		.uleb128 0x7
 278 018e 93010000 		.4byte	.LASF47
 279 0192 68       		.sleb128 -24
 280 0193 07       		.uleb128 0x7
 281 0194 38010000 		.4byte	.LASF48
 282 0198 67       		.sleb128 -25
 283 0199 00       		.byte	0
 284 019a 03       		.uleb128 0x3
 285 019b F0040000 		.4byte	.LASF49
 286 019f 06       		.byte	0x6
ARM GAS  C:\Users\VIKRAM~1\AppData\Local\Temp\ccEipQGi.s 			page 7


 287 01a0 EA       		.byte	0xea
 288 01a1 F1000000 		.4byte	0xf1
 289 01a5 08       		.uleb128 0x8
 290 01a6 01       		.byte	0x1
 291 01a7 07       		.byte	0x7
 292 01a8 21       		.byte	0x21
 293 01a9 BA010000 		.4byte	0x1ba
 294 01ad 09       		.uleb128 0x9
 295 01ae C6000000 		.4byte	.LASF66
 296 01b2 07       		.byte	0x7
 297 01b3 23       		.byte	0x23
 298 01b4 81000000 		.4byte	0x81
 299 01b8 00       		.byte	0
 300 01b9 00       		.byte	0
 301 01ba 03       		.uleb128 0x3
 302 01bb BD020000 		.4byte	.LASF50
 303 01bf 07       		.byte	0x7
 304 01c0 26       		.byte	0x26
 305 01c1 A5010000 		.4byte	0x1a5
 306 01c5 0A       		.uleb128 0xa
 307 01c6 5F010000 		.4byte	.LASF67
 308 01ca 01       		.byte	0x1
 309 01cb 37000000 		.4byte	0x37
 310 01cf 0C       		.byte	0xc
 311 01d0 5A       		.byte	0x5a
 312 01d1 EE010000 		.4byte	0x1ee
 313 01d5 06       		.uleb128 0x6
 314 01d6 C0040000 		.4byte	.LASF51
 315 01da 00       		.byte	0
 316 01db 06       		.uleb128 0x6
 317 01dc 85020000 		.4byte	.LASF52
 318 01e0 01       		.byte	0x1
 319 01e1 06       		.uleb128 0x6
 320 01e2 A1030000 		.4byte	.LASF53
 321 01e6 02       		.byte	0x2
 322 01e7 06       		.uleb128 0x6
 323 01e8 86040000 		.4byte	.LASF54
 324 01ec 03       		.byte	0x3
 325 01ed 00       		.byte	0
 326 01ee 0B       		.uleb128 0xb
 327 01ef 14020000 		.4byte	.LASF68
 328 01f3 01       		.byte	0x1
 329 01f4 28       		.byte	0x28
 330 01f5 9A010000 		.4byte	0x19a
 331 01f9 00000000 		.4byte	.LFB110
 332 01fd 24000000 		.4byte	.LFE110-.LFB110
 333 0201 01       		.uleb128 0x1
 334 0202 9C       		.byte	0x9c
 335 0203 56020000 		.4byte	0x256
 336 0207 0C       		.uleb128 0xc
 337 0208 AB030000 		.4byte	.LASF69
 338 020c 01       		.byte	0x1
 339 020d 28       		.byte	0x28
 340 020e 61020000 		.4byte	0x261
 341 0212 00000000 		.4byte	.LLST0
 342 0216 0D       		.uleb128 0xd
 343 0217 10000000 		.4byte	.LVL2
ARM GAS  C:\Users\VIKRAM~1\AppData\Local\Temp\ccEipQGi.s 			page 8


 344 021b AE020000 		.4byte	0x2ae
 345 021f 2E020000 		.4byte	0x22e
 346 0223 0E       		.uleb128 0xe
 347 0224 01       		.uleb128 0x1
 348 0225 50       		.byte	0x50
 349 0226 01       		.uleb128 0x1
 350 0227 30       		.byte	0x30
 351 0228 0E       		.uleb128 0xe
 352 0229 01       		.uleb128 0x1
 353 022a 51       		.byte	0x51
 354 022b 01       		.uleb128 0x1
 355 022c 31       		.byte	0x31
 356 022d 00       		.byte	0
 357 022e 0D       		.uleb128 0xd
 358 022f 16000000 		.4byte	.LVL3
 359 0233 B9020000 		.4byte	0x2b9
 360 0237 41020000 		.4byte	0x241
 361 023b 0E       		.uleb128 0xe
 362 023c 01       		.uleb128 0x1
 363 023d 50       		.byte	0x50
 364 023e 01       		.uleb128 0x1
 365 023f 30       		.byte	0x30
 366 0240 00       		.byte	0
 367 0241 0F       		.uleb128 0xf
 368 0242 20000000 		.4byte	.LVL6
 369 0246 AE020000 		.4byte	0x2ae
 370 024a 0E       		.uleb128 0xe
 371 024b 01       		.uleb128 0x1
 372 024c 50       		.byte	0x50
 373 024d 01       		.uleb128 0x1
 374 024e 30       		.byte	0x30
 375 024f 0E       		.uleb128 0xe
 376 0250 01       		.uleb128 0x1
 377 0251 51       		.byte	0x51
 378 0252 01       		.uleb128 0x1
 379 0253 30       		.byte	0x30
 380 0254 00       		.byte	0
 381 0255 00       		.byte	0
 382 0256 10       		.uleb128 0x10
 383 0257 04       		.byte	0x4
 384 0258 5C020000 		.4byte	0x25c
 385 025c 11       		.uleb128 0x11
 386 025d BA010000 		.4byte	0x1ba
 387 0261 11       		.uleb128 0x11
 388 0262 56020000 		.4byte	0x256
 389 0266 12       		.uleb128 0x12
 390 0267 D8040000 		.4byte	.LASF55
 391 026b 08       		.byte	0x8
 392 026c 40       		.byte	0x40
 393 026d C9000000 		.4byte	0xc9
 394 0271 12       		.uleb128 0x12
 395 0272 67010000 		.4byte	.LASF56
 396 0276 08       		.byte	0x8
 397 0277 47       		.byte	0x47
 398 0278 D4000000 		.4byte	0xd4
 399 027c 12       		.uleb128 0x12
 400 027d 40040000 		.4byte	.LASF57
ARM GAS  C:\Users\VIKRAM~1\AppData\Local\Temp\ccEipQGi.s 			page 9


 401 0281 08       		.byte	0x8
 402 0282 4A       		.byte	0x4a
 403 0283 C9000000 		.4byte	0xc9
 404 0287 12       		.uleb128 0x12
 405 0288 0A010000 		.4byte	.LASF58
 406 028c 09       		.byte	0x9
 407 028d 48       		.byte	0x48
 408 028e DF000000 		.4byte	0xdf
 409 0292 12       		.uleb128 0x12
 410 0293 F5000000 		.4byte	.LASF59
 411 0297 0A       		.byte	0xa
 412 0298 44       		.byte	0x44
 413 0299 C9000000 		.4byte	0xc9
 414 029d 13       		.uleb128 0x13
 415 029e AA040000 		.4byte	.LASF60
 416 02a2 0B       		.byte	0xb
 417 02a3 1207     		.2byte	0x712
 418 02a5 A9020000 		.4byte	0x2a9
 419 02a9 14       		.uleb128 0x14
 420 02aa 8C000000 		.4byte	0x8c
 421 02ae 15       		.uleb128 0x15
 422 02af 7D020000 		.4byte	.LASF61
 423 02b3 7D020000 		.4byte	.LASF61
 424 02b7 0C       		.byte	0xc
 425 02b8 95       		.byte	0x95
 426 02b9 15       		.uleb128 0x15
 427 02ba 95030000 		.4byte	.LASF62
 428 02be 95030000 		.4byte	.LASF62
 429 02c2 0C       		.byte	0xc
 430 02c3 A3       		.byte	0xa3
 431 02c4 00       		.byte	0
 432              		.section	.debug_abbrev,"",%progbits
 433              	.Ldebug_abbrev0:
 434 0000 01       		.uleb128 0x1
 435 0001 11       		.uleb128 0x11
 436 0002 01       		.byte	0x1
 437 0003 25       		.uleb128 0x25
 438 0004 0E       		.uleb128 0xe
 439 0005 13       		.uleb128 0x13
 440 0006 0B       		.uleb128 0xb
 441 0007 03       		.uleb128 0x3
 442 0008 0E       		.uleb128 0xe
 443 0009 1B       		.uleb128 0x1b
 444 000a 0E       		.uleb128 0xe
 445 000b 55       		.uleb128 0x55
 446 000c 17       		.uleb128 0x17
 447 000d 11       		.uleb128 0x11
 448 000e 01       		.uleb128 0x1
 449 000f 10       		.uleb128 0x10
 450 0010 17       		.uleb128 0x17
 451 0011 00       		.byte	0
 452 0012 00       		.byte	0
 453 0013 02       		.uleb128 0x2
 454 0014 24       		.uleb128 0x24
 455 0015 00       		.byte	0
 456 0016 0B       		.uleb128 0xb
 457 0017 0B       		.uleb128 0xb
ARM GAS  C:\Users\VIKRAM~1\AppData\Local\Temp\ccEipQGi.s 			page 10


 458 0018 3E       		.uleb128 0x3e
 459 0019 0B       		.uleb128 0xb
 460 001a 03       		.uleb128 0x3
 461 001b 0E       		.uleb128 0xe
 462 001c 00       		.byte	0
 463 001d 00       		.byte	0
 464 001e 03       		.uleb128 0x3
 465 001f 16       		.uleb128 0x16
 466 0020 00       		.byte	0
 467 0021 03       		.uleb128 0x3
 468 0022 0E       		.uleb128 0xe
 469 0023 3A       		.uleb128 0x3a
 470 0024 0B       		.uleb128 0xb
 471 0025 3B       		.uleb128 0x3b
 472 0026 0B       		.uleb128 0xb
 473 0027 49       		.uleb128 0x49
 474 0028 13       		.uleb128 0x13
 475 0029 00       		.byte	0
 476 002a 00       		.byte	0
 477 002b 04       		.uleb128 0x4
 478 002c 24       		.uleb128 0x24
 479 002d 00       		.byte	0
 480 002e 0B       		.uleb128 0xb
 481 002f 0B       		.uleb128 0xb
 482 0030 3E       		.uleb128 0x3e
 483 0031 0B       		.uleb128 0xb
 484 0032 03       		.uleb128 0x3
 485 0033 08       		.uleb128 0x8
 486 0034 00       		.byte	0
 487 0035 00       		.byte	0
 488 0036 05       		.uleb128 0x5
 489 0037 04       		.uleb128 0x4
 490 0038 01       		.byte	0x1
 491 0039 0B       		.uleb128 0xb
 492 003a 0B       		.uleb128 0xb
 493 003b 49       		.uleb128 0x49
 494 003c 13       		.uleb128 0x13
 495 003d 3A       		.uleb128 0x3a
 496 003e 0B       		.uleb128 0xb
 497 003f 3B       		.uleb128 0x3b
 498 0040 0B       		.uleb128 0xb
 499 0041 01       		.uleb128 0x1
 500 0042 13       		.uleb128 0x13
 501 0043 00       		.byte	0
 502 0044 00       		.byte	0
 503 0045 06       		.uleb128 0x6
 504 0046 28       		.uleb128 0x28
 505 0047 00       		.byte	0
 506 0048 03       		.uleb128 0x3
 507 0049 0E       		.uleb128 0xe
 508 004a 1C       		.uleb128 0x1c
 509 004b 0B       		.uleb128 0xb
 510 004c 00       		.byte	0
 511 004d 00       		.byte	0
 512 004e 07       		.uleb128 0x7
 513 004f 28       		.uleb128 0x28
 514 0050 00       		.byte	0
ARM GAS  C:\Users\VIKRAM~1\AppData\Local\Temp\ccEipQGi.s 			page 11


 515 0051 03       		.uleb128 0x3
 516 0052 0E       		.uleb128 0xe
 517 0053 1C       		.uleb128 0x1c
 518 0054 0D       		.uleb128 0xd
 519 0055 00       		.byte	0
 520 0056 00       		.byte	0
 521 0057 08       		.uleb128 0x8
 522 0058 13       		.uleb128 0x13
 523 0059 01       		.byte	0x1
 524 005a 0B       		.uleb128 0xb
 525 005b 0B       		.uleb128 0xb
 526 005c 3A       		.uleb128 0x3a
 527 005d 0B       		.uleb128 0xb
 528 005e 3B       		.uleb128 0x3b
 529 005f 0B       		.uleb128 0xb
 530 0060 01       		.uleb128 0x1
 531 0061 13       		.uleb128 0x13
 532 0062 00       		.byte	0
 533 0063 00       		.byte	0
 534 0064 09       		.uleb128 0x9
 535 0065 0D       		.uleb128 0xd
 536 0066 00       		.byte	0
 537 0067 03       		.uleb128 0x3
 538 0068 0E       		.uleb128 0xe
 539 0069 3A       		.uleb128 0x3a
 540 006a 0B       		.uleb128 0xb
 541 006b 3B       		.uleb128 0x3b
 542 006c 0B       		.uleb128 0xb
 543 006d 49       		.uleb128 0x49
 544 006e 13       		.uleb128 0x13
 545 006f 38       		.uleb128 0x38
 546 0070 0B       		.uleb128 0xb
 547 0071 00       		.byte	0
 548 0072 00       		.byte	0
 549 0073 0A       		.uleb128 0xa
 550 0074 04       		.uleb128 0x4
 551 0075 01       		.byte	0x1
 552 0076 03       		.uleb128 0x3
 553 0077 0E       		.uleb128 0xe
 554 0078 0B       		.uleb128 0xb
 555 0079 0B       		.uleb128 0xb
 556 007a 49       		.uleb128 0x49
 557 007b 13       		.uleb128 0x13
 558 007c 3A       		.uleb128 0x3a
 559 007d 0B       		.uleb128 0xb
 560 007e 3B       		.uleb128 0x3b
 561 007f 0B       		.uleb128 0xb
 562 0080 01       		.uleb128 0x1
 563 0081 13       		.uleb128 0x13
 564 0082 00       		.byte	0
 565 0083 00       		.byte	0
 566 0084 0B       		.uleb128 0xb
 567 0085 2E       		.uleb128 0x2e
 568 0086 01       		.byte	0x1
 569 0087 3F       		.uleb128 0x3f
 570 0088 19       		.uleb128 0x19
 571 0089 03       		.uleb128 0x3
ARM GAS  C:\Users\VIKRAM~1\AppData\Local\Temp\ccEipQGi.s 			page 12


 572 008a 0E       		.uleb128 0xe
 573 008b 3A       		.uleb128 0x3a
 574 008c 0B       		.uleb128 0xb
 575 008d 3B       		.uleb128 0x3b
 576 008e 0B       		.uleb128 0xb
 577 008f 27       		.uleb128 0x27
 578 0090 19       		.uleb128 0x19
 579 0091 49       		.uleb128 0x49
 580 0092 13       		.uleb128 0x13
 581 0093 11       		.uleb128 0x11
 582 0094 01       		.uleb128 0x1
 583 0095 12       		.uleb128 0x12
 584 0096 06       		.uleb128 0x6
 585 0097 40       		.uleb128 0x40
 586 0098 18       		.uleb128 0x18
 587 0099 9742     		.uleb128 0x2117
 588 009b 19       		.uleb128 0x19
 589 009c 01       		.uleb128 0x1
 590 009d 13       		.uleb128 0x13
 591 009e 00       		.byte	0
 592 009f 00       		.byte	0
 593 00a0 0C       		.uleb128 0xc
 594 00a1 05       		.uleb128 0x5
 595 00a2 00       		.byte	0
 596 00a3 03       		.uleb128 0x3
 597 00a4 0E       		.uleb128 0xe
 598 00a5 3A       		.uleb128 0x3a
 599 00a6 0B       		.uleb128 0xb
 600 00a7 3B       		.uleb128 0x3b
 601 00a8 0B       		.uleb128 0xb
 602 00a9 49       		.uleb128 0x49
 603 00aa 13       		.uleb128 0x13
 604 00ab 02       		.uleb128 0x2
 605 00ac 17       		.uleb128 0x17
 606 00ad 00       		.byte	0
 607 00ae 00       		.byte	0
 608 00af 0D       		.uleb128 0xd
 609 00b0 898201   		.uleb128 0x4109
 610 00b3 01       		.byte	0x1
 611 00b4 11       		.uleb128 0x11
 612 00b5 01       		.uleb128 0x1
 613 00b6 31       		.uleb128 0x31
 614 00b7 13       		.uleb128 0x13
 615 00b8 01       		.uleb128 0x1
 616 00b9 13       		.uleb128 0x13
 617 00ba 00       		.byte	0
 618 00bb 00       		.byte	0
 619 00bc 0E       		.uleb128 0xe
 620 00bd 8A8201   		.uleb128 0x410a
 621 00c0 00       		.byte	0
 622 00c1 02       		.uleb128 0x2
 623 00c2 18       		.uleb128 0x18
 624 00c3 9142     		.uleb128 0x2111
 625 00c5 18       		.uleb128 0x18
 626 00c6 00       		.byte	0
 627 00c7 00       		.byte	0
 628 00c8 0F       		.uleb128 0xf
ARM GAS  C:\Users\VIKRAM~1\AppData\Local\Temp\ccEipQGi.s 			page 13


 629 00c9 898201   		.uleb128 0x4109
 630 00cc 01       		.byte	0x1
 631 00cd 11       		.uleb128 0x11
 632 00ce 01       		.uleb128 0x1
 633 00cf 31       		.uleb128 0x31
 634 00d0 13       		.uleb128 0x13
 635 00d1 00       		.byte	0
 636 00d2 00       		.byte	0
 637 00d3 10       		.uleb128 0x10
 638 00d4 0F       		.uleb128 0xf
 639 00d5 00       		.byte	0
 640 00d6 0B       		.uleb128 0xb
 641 00d7 0B       		.uleb128 0xb
 642 00d8 49       		.uleb128 0x49
 643 00d9 13       		.uleb128 0x13
 644 00da 00       		.byte	0
 645 00db 00       		.byte	0
 646 00dc 11       		.uleb128 0x11
 647 00dd 26       		.uleb128 0x26
 648 00de 00       		.byte	0
 649 00df 49       		.uleb128 0x49
 650 00e0 13       		.uleb128 0x13
 651 00e1 00       		.byte	0
 652 00e2 00       		.byte	0
 653 00e3 12       		.uleb128 0x12
 654 00e4 34       		.uleb128 0x34
 655 00e5 00       		.byte	0
 656 00e6 03       		.uleb128 0x3
 657 00e7 0E       		.uleb128 0xe
 658 00e8 3A       		.uleb128 0x3a
 659 00e9 0B       		.uleb128 0xb
 660 00ea 3B       		.uleb128 0x3b
 661 00eb 0B       		.uleb128 0xb
 662 00ec 49       		.uleb128 0x49
 663 00ed 13       		.uleb128 0x13
 664 00ee 3F       		.uleb128 0x3f
 665 00ef 19       		.uleb128 0x19
 666 00f0 3C       		.uleb128 0x3c
 667 00f1 19       		.uleb128 0x19
 668 00f2 00       		.byte	0
 669 00f3 00       		.byte	0
 670 00f4 13       		.uleb128 0x13
 671 00f5 34       		.uleb128 0x34
 672 00f6 00       		.byte	0
 673 00f7 03       		.uleb128 0x3
 674 00f8 0E       		.uleb128 0xe
 675 00f9 3A       		.uleb128 0x3a
 676 00fa 0B       		.uleb128 0xb
 677 00fb 3B       		.uleb128 0x3b
 678 00fc 05       		.uleb128 0x5
 679 00fd 49       		.uleb128 0x49
 680 00fe 13       		.uleb128 0x13
 681 00ff 3F       		.uleb128 0x3f
 682 0100 19       		.uleb128 0x19
 683 0101 3C       		.uleb128 0x3c
 684 0102 19       		.uleb128 0x19
 685 0103 00       		.byte	0
ARM GAS  C:\Users\VIKRAM~1\AppData\Local\Temp\ccEipQGi.s 			page 14


 686 0104 00       		.byte	0
 687 0105 14       		.uleb128 0x14
 688 0106 35       		.uleb128 0x35
 689 0107 00       		.byte	0
 690 0108 49       		.uleb128 0x49
 691 0109 13       		.uleb128 0x13
 692 010a 00       		.byte	0
 693 010b 00       		.byte	0
 694 010c 15       		.uleb128 0x15
 695 010d 2E       		.uleb128 0x2e
 696 010e 00       		.byte	0
 697 010f 3F       		.uleb128 0x3f
 698 0110 19       		.uleb128 0x19
 699 0111 3C       		.uleb128 0x3c
 700 0112 19       		.uleb128 0x19
 701 0113 6E       		.uleb128 0x6e
 702 0114 0E       		.uleb128 0xe
 703 0115 03       		.uleb128 0x3
 704 0116 0E       		.uleb128 0xe
 705 0117 3A       		.uleb128 0x3a
 706 0118 0B       		.uleb128 0xb
 707 0119 3B       		.uleb128 0x3b
 708 011a 0B       		.uleb128 0xb
 709 011b 00       		.byte	0
 710 011c 00       		.byte	0
 711 011d 00       		.byte	0
 712              		.section	.debug_loc,"",%progbits
 713              	.Ldebug_loc0:
 714              	.LLST0:
 715 0000 00000000 		.4byte	.LVL0
 716 0004 0C000000 		.4byte	.LVL1
 717 0008 0100     		.2byte	0x1
 718 000a 50       		.byte	0x50
 719 000b 0C000000 		.4byte	.LVL1
 720 000f 18000000 		.4byte	.LVL4
 721 0013 0400     		.2byte	0x4
 722 0015 F3       		.byte	0xf3
 723 0016 01       		.uleb128 0x1
 724 0017 50       		.byte	0x50
 725 0018 9F       		.byte	0x9f
 726 0019 18000000 		.4byte	.LVL4
 727 001d 1C000000 		.4byte	.LVL5
 728 0021 0100     		.2byte	0x1
 729 0023 50       		.byte	0x50
 730 0024 1C000000 		.4byte	.LVL5
 731 0028 24000000 		.4byte	.LFE110
 732 002c 0400     		.2byte	0x4
 733 002e F3       		.byte	0xf3
 734 002f 01       		.uleb128 0x1
 735 0030 50       		.byte	0x50
 736 0031 9F       		.byte	0x9f
 737 0032 00000000 		.4byte	0
 738 0036 00000000 		.4byte	0
 739              		.section	.debug_aranges,"",%progbits
 740 0000 1C000000 		.4byte	0x1c
 741 0004 0200     		.2byte	0x2
 742 0006 00000000 		.4byte	.Ldebug_info0
ARM GAS  C:\Users\VIKRAM~1\AppData\Local\Temp\ccEipQGi.s 			page 15


 743 000a 04       		.byte	0x4
 744 000b 00       		.byte	0
 745 000c 0000     		.2byte	0
 746 000e 0000     		.2byte	0
 747 0010 00000000 		.4byte	.LFB110
 748 0014 24000000 		.4byte	.LFE110-.LFB110
 749 0018 00000000 		.4byte	0
 750 001c 00000000 		.4byte	0
 751              		.section	.debug_ranges,"",%progbits
 752              	.Ldebug_ranges0:
 753 0000 00000000 		.4byte	.LFB110
 754 0004 24000000 		.4byte	.LFE110
 755 0008 00000000 		.4byte	0
 756 000c 00000000 		.4byte	0
 757              		.section	.debug_line,"",%progbits
 758              	.Ldebug_line0:
 759 0000 5A020000 		.section	.debug_str,"MS",%progbits,1
 759      02004002 
 759      00000201 
 759      FB0E0D00 
 759      01010101 
 760              	.LASF37:
 761 0000 52435F45 		.ascii	"RC_ERROR_READ_ONLY\000"
 761      52524F52 
 761      5F524541 
 761      445F4F4E 
 761      4C5900
 762              	.LASF23:
 763 0013 52435F53 		.ascii	"RC_SUCCESS\000"
 763      55434345 
 763      535300
 764              	.LASF64:
 765 001e 736F7572 		.ascii	"source\\rte\\sc_brakelight_type.c\000"
 765      63655C72 
 765      74655C73 
 765      635F6272 
 765      616B656C 
 766              	.LASF38:
 767 003e 52435F45 		.ascii	"RC_ERROR_WRITE_ONLY\000"
 767      52524F52 
 767      5F575249 
 767      54455F4F 
 767      4E4C5900 
 768              	.LASF2:
 769 0052 73686F72 		.ascii	"short int\000"
 769      7420696E 
 769      7400
 770              	.LASF29:
 771 005c 52435F45 		.ascii	"RC_ERROR_OVERRUN\000"
 771      52524F52 
 771      5F4F5645 
 771      5252554E 
 771      00
 772              	.LASF41:
 773 006d 52435F45 		.ascii	"RC_ERROR_WRITE_FAILS\000"
 773      52524F52 
 773      5F575249 
ARM GAS  C:\Users\VIKRAM~1\AppData\Local\Temp\ccEipQGi.s 			page 16


 773      54455F46 
 773      41494C53 
 774              	.LASF22:
 775 0082 73697A65 		.ascii	"sizetype\000"
 775      74797065 
 775      00
 776              	.LASF26:
 777 008b 52435F45 		.ascii	"RC_ERROR_ZERO\000"
 777      52524F52 
 777      5F5A4552 
 777      4F00
 778              	.LASF20:
 779 0099 45455F46 		.ascii	"EE_FREG\000"
 779      52454700 
 780              	.LASF40:
 781 00a1 52435F45 		.ascii	"RC_ERROR_READ_FAILS\000"
 781      52524F52 
 781      5F524541 
 781      445F4641 
 781      494C5300 
 782              	.LASF18:
 783 00b5 45455F55 		.ascii	"EE_UINT32\000"
 783      494E5433 
 783      3200
 784              	.LASF21:
 785 00bf 45455F54 		.ascii	"EE_TID\000"
 785      494400
 786              	.LASF66:
 787 00c6 6272616B 		.ascii	"brakeLightValue\000"
 787      654C6967 
 787      68745661 
 787      6C756500 
 788              	.LASF11:
 789 00d6 75696E74 		.ascii	"uint8_t\000"
 789      385F7400 
 790              	.LASF46:
 791 00de 52435F45 		.ascii	"RC_ERROR_INVALID_STATE\000"
 791      52524F52 
 791      5F494E56 
 791      414C4944 
 791      5F535441 
 792              	.LASF59:
 793 00f5 45455F49 		.ascii	"EE_IRQ_nesting_level\000"
 793      52515F6E 
 793      65737469 
 793      6E675F6C 
 793      6576656C 
 794              	.LASF58:
 795 010a 45455F73 		.ascii	"EE_std_endcycle_next_tid\000"
 795      74645F65 
 795      6E646379 
 795      636C655F 
 795      6E657874 
 796              	.LASF28:
 797 0123 52435F45 		.ascii	"RC_ERROR_RANGE\000"
 797      52524F52 
 797      5F52414E 
ARM GAS  C:\Users\VIKRAM~1\AppData\Local\Temp\ccEipQGi.s 			page 17


 797      474500
 798              	.LASF13:
 799 0132 666C6F61 		.ascii	"float\000"
 799      7400
 800              	.LASF48:
 801 0138 52435F45 		.ascii	"RC_ERROR_NOT_IMPLEMENTED\000"
 801      52524F52 
 801      5F4E4F54 
 801      5F494D50 
 801      4C454D45 
 802              	.LASF8:
 803 0151 6C6F6E67 		.ascii	"long long int\000"
 803      206C6F6E 
 803      6720696E 
 803      7400
 804              	.LASF67:
 805 015f 654C4544 		.ascii	"eLED_id\000"
 805      5F696400 
 806              	.LASF56:
 807 0167 45455F6F 		.ascii	"EE_oo_IRQ_suspend_status\000"
 807      6F5F4952 
 807      515F7375 
 807      7370656E 
 807      645F7374 
 808              	.LASF42:
 809 0180 52435F45 		.ascii	"RC_ERROR_NOT_MATCH\000"
 809      52524F52 
 809      5F4E4F54 
 809      5F4D4154 
 809      434800
 810              	.LASF47:
 811 0193 52435F45 		.ascii	"RC_ERROR_UNKNOWN\000"
 811      52524F52 
 811      5F554E4B 
 811      4E4F574E 
 811      00
 812              	.LASF6:
 813 01a4 6C6F6E67 		.ascii	"long int\000"
 813      20696E74 
 813      00
 814              	.LASF30:
 815 01ad 52435F45 		.ascii	"RC_ERROR_UNDERRUN\000"
 815      52524F52 
 815      5F554E44 
 815      45525255 
 815      4E00
 816              	.LASF33:
 817 01bf 52435F45 		.ascii	"RC_ERROR_BUSY\000"
 817      52524F52 
 817      5F425553 
 817      5900
 818              	.LASF4:
 819 01cd 5F5F7569 		.ascii	"__uint8_t\000"
 819      6E74385F 
 819      7400
 820              	.LASF39:
 821 01d7 52435F45 		.ascii	"RC_ERROR_INVALID\000"
ARM GAS  C:\Users\VIKRAM~1\AppData\Local\Temp\ccEipQGi.s 			page 18


 821      52524F52 
 821      5F494E56 
 821      414C4944 
 821      00
 822              	.LASF44:
 823 01e8 52435F45 		.ascii	"RC_ERROR_BAD_DATA\000"
 823      52524F52 
 823      5F424144 
 823      5F444154 
 823      4100
 824              	.LASF16:
 825 01fa 6C6F6E67 		.ascii	"long double\000"
 825      20646F75 
 825      626C6500 
 826              	.LASF1:
 827 0206 756E7369 		.ascii	"unsigned char\000"
 827      676E6564 
 827      20636861 
 827      7200
 828              	.LASF68:
 829 0214 53435F42 		.ascii	"SC_BRAKELIGHT_driverOut\000"
 829      52414B45 
 829      4C494748 
 829      545F6472 
 829      69766572 
 830              	.LASF43:
 831 022c 52435F45 		.ascii	"RC_ERROR_BAD_PARAM\000"
 831      52524F52 
 831      5F424144 
 831      5F504152 
 831      414D00
 832              	.LASF0:
 833 023f 7369676E 		.ascii	"signed char\000"
 833      65642063 
 833      68617200 
 834              	.LASF9:
 835 024b 6C6F6E67 		.ascii	"long long unsigned int\000"
 835      206C6F6E 
 835      6720756E 
 835      7369676E 
 835      65642069 
 836              	.LASF10:
 837 0262 756E7369 		.ascii	"unsigned int\000"
 837      676E6564 
 837      20696E74 
 837      00
 838              	.LASF35:
 839 026f 52435F45 		.ascii	"RC_ERROR_OPEN\000"
 839      52524F52 
 839      5F4F5045 
 839      4E00
 840              	.LASF61:
 841 027d 4C45445F 		.ascii	"LED_Set\000"
 841      53657400 
 842              	.LASF52:
 843 0285 4C45445F 		.ascii	"LED_YELLOW\000"
 843      59454C4C 
ARM GAS  C:\Users\VIKRAM~1\AppData\Local\Temp\ccEipQGi.s 			page 19


 843      4F5700
 844              	.LASF25:
 845 0290 52435F45 		.ascii	"RC_ERROR_NULL\000"
 845      52524F52 
 845      5F4E554C 
 845      4C00
 846              	.LASF32:
 847 029e 52435F45 		.ascii	"RC_ERROR_BUFFER_EMTPY\000"
 847      52524F52 
 847      5F425546 
 847      4645525F 
 847      454D5450 
 848              	.LASF17:
 849 02b4 45455F49 		.ascii	"EE_INT32\000"
 849      4E543332 
 849      00
 850              	.LASF50:
 851 02bd 53435F42 		.ascii	"SC_BRAKELIGHT_data_t\000"
 851      52414B45 
 851      4C494748 
 851      545F6461 
 851      74615F74 
 852              	.LASF3:
 853 02d2 73686F72 		.ascii	"short unsigned int\000"
 853      7420756E 
 853      7369676E 
 853      65642069 
 853      6E7400
 854              	.LASF63:
 855 02e5 474E5520 		.ascii	"GNU C11 5.4.1 20160609 (release) [ARM/embedded-5-br"
 855      43313120 
 855      352E342E 
 855      31203230 
 855      31363036 
 856 0318 616E6368 		.ascii	"anch revision 237715] -mcpu=cortex-m3 -mthumb -g -O"
 856      20726576 
 856      6973696F 
 856      6E203233 
 856      37373135 
 857 034b 67202D66 		.ascii	"g -ffunction-sections -ffat-lto-objects\000"
 857      66756E63 
 857      74696F6E 
 857      2D736563 
 857      74696F6E 
 858              	.LASF15:
 859 0373 63686172 		.ascii	"char\000"
 859      00
 860              	.LASF31:
 861 0378 52435F45 		.ascii	"RC_ERROR_BUFFER_FULL\000"
 861      52524F52 
 861      5F425546 
 861      4645525F 
 861      46554C4C 
 862              	.LASF12:
 863 038d 696E7433 		.ascii	"int32_t\000"
 863      325F7400 
 864              	.LASF62:
ARM GAS  C:\Users\VIKRAM~1\AppData\Local\Temp\ccEipQGi.s 			page 20


 865 0395 4C45445F 		.ascii	"LED_RGB_Set\000"
 865      5247425F 
 865      53657400 
 866              	.LASF53:
 867 03a1 4C45445F 		.ascii	"LED_GREEN\000"
 867      47524545 
 867      4E00
 868              	.LASF69:
 869 03ab 64617461 		.ascii	"data\000"
 869      00
 870              	.LASF65:
 871 03b0 433A5C55 		.ascii	"C:\\Users\\Vikram Vadhirajan\\OneDrive - LearnMSO\\"
 871      73657273 
 871      5C56696B 
 871      72616D20 
 871      56616468 
 872 03df 5072616A 		.ascii	"Praju_Docs\\Semester_2\\EAA\\Lab\\PSOC_Creator\\Lab"
 872      755F446F 
 872      63735C53 
 872      656D6573 
 872      7465725F 
 873 040d 5C4C6162 		.ascii	"\\Lab1\\Lab1_Assignment_GasPedal\\Lab1_GasPedal.cyd"
 873      315C4C61 
 873      62315F41 
 873      73736967 
 873      6E6D656E 
 874 043d 736E00   		.ascii	"sn\000"
 875              	.LASF57:
 876 0440 45455F41 		.ascii	"EE_ApplicationMode\000"
 876      70706C69 
 876      63617469 
 876      6F6E4D6F 
 876      646500
 877              	.LASF7:
 878 0453 6C6F6E67 		.ascii	"long unsigned int\000"
 878      20756E73 
 878      69676E65 
 878      6420696E 
 878      7400
 879              	.LASF14:
 880 0465 646F7562 		.ascii	"double\000"
 880      6C6500
 881              	.LASF36:
 882 046c 52435F45 		.ascii	"RC_ERROR_CHECKSUM\000"
 882      52524F52 
 882      5F434845 
 882      434B5355 
 882      4D00
 883              	.LASF19:
 884 047e 45455F55 		.ascii	"EE_UREG\000"
 884      52454700 
 885              	.LASF54:
 886 0486 4C45445F 		.ascii	"LED_ALL\000"
 886      414C4C00 
 887              	.LASF5:
 888 048e 5F5F696E 		.ascii	"__int32_t\000"
 888      7433325F 
ARM GAS  C:\Users\VIKRAM~1\AppData\Local\Temp\ccEipQGi.s 			page 21


 888      7400
 889              	.LASF45:
 890 0498 52435F45 		.ascii	"RC_ERROR_CANCELED\000"
 890      52524F52 
 890      5F43414E 
 890      43454C45 
 890      4400
 891              	.LASF60:
 892 04aa 49544D5F 		.ascii	"ITM_RxBuffer\000"
 892      52784275 
 892      66666572 
 892      00
 893              	.LASF24:
 894 04b7 52435F45 		.ascii	"RC_ERROR\000"
 894      52524F52 
 894      00
 895              	.LASF51:
 896 04c0 4C45445F 		.ascii	"LED_RED\000"
 896      52454400 
 897              	.LASF27:
 898 04c8 52435F45 		.ascii	"RC_ERROR_MEMORY\000"
 898      52524F52 
 898      5F4D454D 
 898      4F525900 
 899              	.LASF55:
 900 04d8 45455F6F 		.ascii	"EE_oo_IRQ_disable_count\000"
 900      6F5F4952 
 900      515F6469 
 900      7361626C 
 900      655F636F 
 901              	.LASF49:
 902 04f0 52435F74 		.ascii	"RC_t\000"
 902      00
 903              	.LASF34:
 904 04f5 52435F45 		.ascii	"RC_ERROR_TIME_OUT\000"
 904      52524F52 
 904      5F54494D 
 904      455F4F55 
 904      5400
 905              		.ident	"GCC: (GNU Tools for ARM Embedded Processors) 5.4.1 20160609 (release) [ARM/embedded-5-bran
