ARM GAS  C:\Users\VIKRAM~1\AppData\Local\Temp\ccA5ILhu.s 			page 1


   1              		.syntax unified
   2              		.cpu cortex-m3
   3              		.fpu softvfp
   4              		.eabi_attribute 20, 1
   5              		.eabi_attribute 21, 1
   6              		.eabi_attribute 23, 3
   7              		.eabi_attribute 24, 1
   8              		.eabi_attribute 25, 1
   9              		.eabi_attribute 26, 1
  10              		.eabi_attribute 30, 1
  11              		.eabi_attribute 34, 1
  12              		.eabi_attribute 18, 4
  13              		.thumb
  14              		.syntax unified
  15              		.file	"sc_engine_type.c"
  16              		.text
  17              	.Ltext0:
  18              		.cfi_sections	.debug_frame
  19              		.section	.text.SC_ENGINE_driverOut,"ax",%progbits
  20              		.align	2
  21              		.global	SC_ENGINE_driverOut
  22              		.thumb
  23              		.thumb_func
  24              		.type	SC_ENGINE_driverOut, %function
  25              	SC_ENGINE_driverOut:
  26              	.LFB110:
  27              		.file 1 "source\\rte\\sc_engine_type.c"
   1:source\rte/sc_engine_type.c **** /*
   2:source\rte/sc_engine_type.c ****  * Filename: sc_engine_type.c
   3:source\rte/sc_engine_type.c ****  *
   4:source\rte/sc_engine_type.c ****  * Author: Autogenerated by H-DA RTE Generator, (c) Prof. Fromm
   5:source\rte/sc_engine_type.c ****  *
   6:source\rte/sc_engine_type.c ****  * description: Signal class containing the engine data
   7:source\rte/sc_engine_type.c ****  * name: sc_engine
   8:source\rte/sc_engine_type.c ****  * shortname: engine
   9:source\rte/sc_engine_type.c ****  *
  10:source\rte/sc_engine_type.c ****  */
  11:source\rte/sc_engine_type.c **** 
  12:source\rte/sc_engine_type.c **** #include "project.h"
  13:source\rte/sc_engine_type.c **** #include "global.h"
  14:source\rte/sc_engine_type.c **** #include "rte.h"
  15:source\rte/sc_engine_type.c **** #include "rte_types.h"
  16:source\rte/sc_engine_type.c **** #include "sc_engine_type.h"
  17:source\rte/sc_engine_type.c **** 
  18:source\rte/sc_engine_type.c **** 
  19:source\rte/sc_engine_type.c **** 
  20:source\rte/sc_engine_type.c **** /* USER CODE START SC_ENGINE_INCLUDE */
  21:source\rte/sc_engine_type.c **** #include "led.h"
  22:source\rte/sc_engine_type.c **** /* USER CODE END SC_ENGINE_INCLUDE */
  23:source\rte/sc_engine_type.c **** 
  24:source\rte/sc_engine_type.c **** 
  25:source\rte/sc_engine_type.c **** 
  26:source\rte/sc_engine_type.c **** 
  27:source\rte/sc_engine_type.c **** /* USER CODE START SC_ENGINE_USERDEFINITIONS */
  28:source\rte/sc_engine_type.c **** 
  29:source\rte/sc_engine_type.c **** /* USER CODE END SC_ENGINE_USERDEFINITIONS */
  30:source\rte/sc_engine_type.c **** 
ARM GAS  C:\Users\VIKRAM~1\AppData\Local\Temp\ccA5ILhu.s 			page 2


  31:source\rte/sc_engine_type.c **** 
  32:source\rte/sc_engine_type.c **** /*****************************************************************************************
  33:source\rte/sc_engine_type.c ****  *************** Port Wrapper Implementation for SC_ENGINE signal  ****************
  34:source\rte/sc_engine_type.c ****  *****************************************************************************************/
  35:source\rte/sc_engine_type.c ****  
  36:source\rte/sc_engine_type.c ****  
  37:source\rte/sc_engine_type.c **** /**
  38:source\rte/sc_engine_type.c ****  * Default OUT driver API
  39:source\rte/sc_engine_type.c ****  */
  40:source\rte/sc_engine_type.c **** inline RC_t SC_ENGINE_driverOut(const SC_ENGINE_data_t  *const data)
  41:source\rte/sc_engine_type.c **** {
  28              		.loc 1 41 0
  29              		.cfi_startproc
  30              		@ args = 0, pretend = 0, frame = 0
  31              		@ frame_needed = 0, uses_anonymous_args = 0
  32              	.LVL0:
  33 0000 08B5     		push	{r3, lr}
  34              		.cfi_def_cfa_offset 8
  35              		.cfi_offset 3, -8
  36              		.cfi_offset 14, -4
  42:source\rte/sc_engine_type.c **** 	/* USER CODE START driverOutSC_ENGINE */
  43:source\rte/sc_engine_type.c ****     //Scale application data to drive format
  44:source\rte/sc_engine_type.c **** 	//Write scaled data to driver
  45:source\rte/sc_engine_type.c ****     if(data->engineLightValue>0)
  37              		.loc 1 45 0
  38 0002 0078     		ldrb	r0, [r0]	@ zero_extendqisi2
  39              	.LVL1:
  40 0004 10B1     		cbz	r0, .L2
  46:source\rte/sc_engine_type.c ****     {
  47:source\rte/sc_engine_type.c ****         Engine_PWM_WriteCompare(data->engineLightValue);
  41              		.loc 1 47 0
  42 0006 FFF7FEFF 		bl	Engine_PWM_WriteCompare
  43              	.LVL2:
  44 000a 06E0     		b	.L3
  45              	.L2:
  48:source\rte/sc_engine_type.c ****         //LED_RGB_Set(data->engineLightValue); //No smooth transition
  49:source\rte/sc_engine_type.c ****     }
  50:source\rte/sc_engine_type.c ****     else
  51:source\rte/sc_engine_type.c ****     {
  52:source\rte/sc_engine_type.c ****         LED_RGB_Set(0);
  46              		.loc 1 52 0
  47 000c 0020     		movs	r0, #0
  48 000e FFF7FEFF 		bl	LED_RGB_Set
  49              	.LVL3:
  53:source\rte/sc_engine_type.c ****         LED_Set(LED_RED, 0);
  50              		.loc 1 53 0
  51 0012 0021     		movs	r1, #0
  52 0014 0846     		mov	r0, r1
  53 0016 FFF7FEFF 		bl	LED_Set
  54              	.LVL4:
  55              	.L3:
  54:source\rte/sc_engine_type.c ****     }
  55:source\rte/sc_engine_type.c **** 	return RC_SUCCESS;
  56:source\rte/sc_engine_type.c **** 	/* USER CODE END driverOutSC_ENGINE */
  57:source\rte/sc_engine_type.c **** }
  56              		.loc 1 57 0
  57 001a 0020     		movs	r0, #0
ARM GAS  C:\Users\VIKRAM~1\AppData\Local\Temp\ccA5ILhu.s 			page 3


  58 001c 08BD     		pop	{r3, pc}
  59              		.cfi_endproc
  60              	.LFE110:
  61              		.size	SC_ENGINE_driverOut, .-SC_ENGINE_driverOut
  62 001e 00BF     		.text
  63              	.Letext0:
  64              		.file 2 "c:\\program files (x86)\\cypress\\psoc creator\\4.4\\psoc creator\\import\\gnu\\arm\\5.4.
  65              		.file 3 "c:\\program files (x86)\\cypress\\psoc creator\\4.4\\psoc creator\\import\\gnu\\arm\\5.4.
  66              		.file 4 "Generated_Source\\PSoC5/ErikaOS_1_common_ee_types.inc"
  67              		.file 5 "Generated_Source\\PSoC5/ErikaOS_1_cortex_mx_ee_cpu.inc"
  68              		.file 6 ".\\source\\bsw/global.h"
  69              		.file 7 "source\\rte\\sc_engine_type.h"
  70              		.file 8 "Generated_Source\\PSoC5/ErikaOS_1_ee_oo_intfunc.inc"
  71              		.file 9 "Generated_Source\\PSoC5/ErikaOS_1_cortex_mx_ee_context.inc"
  72              		.file 10 "Generated_Source\\PSoC5/ErikaOS_1_common_ee_primitives.inc"
  73              		.file 11 "Generated_Source\\PSoC5/core_cm3.h"
  74              		.file 12 "Generated_Source\\PSoC5/Engine_PWM.h"
  75              		.file 13 ".\\source\\bsw/led.h"
  76              		.section	.debug_info,"",%progbits
  77              	.Ldebug_info0:
  78 0000 BD020000 		.4byte	0x2bd
  79 0004 0400     		.2byte	0x4
  80 0006 00000000 		.4byte	.Ldebug_abbrev0
  81 000a 04       		.byte	0x4
  82 000b 01       		.uleb128 0x1
  83 000c C5020000 		.4byte	.LASF64
  84 0010 0C       		.byte	0xc
  85 0011 45040000 		.4byte	.LASF65
  86 0015 90030000 		.4byte	.LASF66
  87 0019 00000000 		.4byte	.Ldebug_ranges0+0
  88 001d 00000000 		.4byte	0
  89 0021 00000000 		.4byte	.Ldebug_line0
  90 0025 02       		.uleb128 0x2
  91 0026 01       		.byte	0x1
  92 0027 06       		.byte	0x6
  93 0028 34020000 		.4byte	.LASF0
  94 002c 03       		.uleb128 0x3
  95 002d DA010000 		.4byte	.LASF4
  96 0031 02       		.byte	0x2
  97 0032 1D       		.byte	0x1d
  98 0033 37000000 		.4byte	0x37
  99 0037 02       		.uleb128 0x2
 100 0038 01       		.byte	0x1
 101 0039 08       		.byte	0x8
 102 003a 13020000 		.4byte	.LASF1
 103 003e 02       		.uleb128 0x2
 104 003f 02       		.byte	0x2
 105 0040 05       		.byte	0x5
 106 0041 5B000000 		.4byte	.LASF2
 107 0045 02       		.uleb128 0x2
 108 0046 02       		.byte	0x2
 109 0047 07       		.byte	0x7
 110 0048 B2020000 		.4byte	.LASF3
 111 004c 03       		.uleb128 0x3
 112 004d 83040000 		.4byte	.LASF5
 113 0051 02       		.byte	0x2
 114 0052 3F       		.byte	0x3f
ARM GAS  C:\Users\VIKRAM~1\AppData\Local\Temp\ccA5ILhu.s 			page 4


 115 0053 57000000 		.4byte	0x57
 116 0057 02       		.uleb128 0x2
 117 0058 04       		.byte	0x4
 118 0059 05       		.byte	0x5
 119 005a B1010000 		.4byte	.LASF6
 120 005e 02       		.uleb128 0x2
 121 005f 04       		.byte	0x4
 122 0060 07       		.byte	0x7
 123 0061 33040000 		.4byte	.LASF7
 124 0065 02       		.uleb128 0x2
 125 0066 08       		.byte	0x8
 126 0067 05       		.byte	0x5
 127 0068 5E010000 		.4byte	.LASF8
 128 006c 02       		.uleb128 0x2
 129 006d 08       		.byte	0x8
 130 006e 07       		.byte	0x7
 131 006f 40020000 		.4byte	.LASF9
 132 0073 04       		.uleb128 0x4
 133 0074 04       		.byte	0x4
 134 0075 05       		.byte	0x5
 135 0076 696E7400 		.ascii	"int\000"
 136 007a 02       		.uleb128 0x2
 137 007b 04       		.byte	0x4
 138 007c 07       		.byte	0x7
 139 007d 57020000 		.4byte	.LASF10
 140 0081 03       		.uleb128 0x3
 141 0082 E3000000 		.4byte	.LASF11
 142 0086 03       		.byte	0x3
 143 0087 18       		.byte	0x18
 144 0088 2C000000 		.4byte	0x2c
 145 008c 03       		.uleb128 0x3
 146 008d 6D030000 		.4byte	.LASF12
 147 0091 03       		.byte	0x3
 148 0092 2C       		.byte	0x2c
 149 0093 4C000000 		.4byte	0x4c
 150 0097 02       		.uleb128 0x2
 151 0098 04       		.byte	0x4
 152 0099 04       		.byte	0x4
 153 009a 3F010000 		.4byte	.LASF13
 154 009e 02       		.uleb128 0x2
 155 009f 08       		.byte	0x8
 156 00a0 04       		.byte	0x4
 157 00a1 9F040000 		.4byte	.LASF14
 158 00a5 02       		.uleb128 0x2
 159 00a6 01       		.byte	0x1
 160 00a7 08       		.byte	0x8
 161 00a8 53030000 		.4byte	.LASF15
 162 00ac 02       		.uleb128 0x2
 163 00ad 08       		.byte	0x8
 164 00ae 04       		.byte	0x4
 165 00af 07020000 		.4byte	.LASF16
 166 00b3 03       		.uleb128 0x3
 167 00b4 A9020000 		.4byte	.LASF17
 168 00b8 04       		.byte	0x4
 169 00b9 53       		.byte	0x53
 170 00ba 73000000 		.4byte	0x73
 171 00be 03       		.uleb128 0x3
ARM GAS  C:\Users\VIKRAM~1\AppData\Local\Temp\ccA5ILhu.s 			page 5


 172 00bf D2000000 		.4byte	.LASF18
 173 00c3 04       		.byte	0x4
 174 00c4 54       		.byte	0x54
 175 00c5 7A000000 		.4byte	0x7a
 176 00c9 03       		.uleb128 0x3
 177 00ca 73040000 		.4byte	.LASF19
 178 00ce 05       		.byte	0x5
 179 00cf 4D       		.byte	0x4d
 180 00d0 BE000000 		.4byte	0xbe
 181 00d4 03       		.uleb128 0x3
 182 00d5 A2000000 		.4byte	.LASF20
 183 00d9 05       		.byte	0x5
 184 00da 4F       		.byte	0x4f
 185 00db BE000000 		.4byte	0xbe
 186 00df 03       		.uleb128 0x3
 187 00e0 DC000000 		.4byte	.LASF21
 188 00e4 05       		.byte	0x5
 189 00e5 78       		.byte	0x78
 190 00e6 B3000000 		.4byte	0xb3
 191 00ea 02       		.uleb128 0x2
 192 00eb 04       		.byte	0x4
 193 00ec 07       		.byte	0x7
 194 00ed 8B000000 		.4byte	.LASF22
 195 00f1 05       		.uleb128 0x5
 196 00f2 01       		.byte	0x1
 197 00f3 25000000 		.4byte	0x25
 198 00f7 06       		.byte	0x6
 199 00f8 CF       		.byte	0xcf
 200 00f9 9A010000 		.4byte	0x19a
 201 00fd 06       		.uleb128 0x6
 202 00fe 24000000 		.4byte	.LASF23
 203 0102 00       		.byte	0
 204 0103 07       		.uleb128 0x7
 205 0104 C4040000 		.4byte	.LASF24
 206 0108 7F       		.sleb128 -1
 207 0109 07       		.uleb128 0x7
 208 010a 85020000 		.4byte	.LASF25
 209 010e 7E       		.sleb128 -2
 210 010f 07       		.uleb128 0x7
 211 0110 94000000 		.4byte	.LASF26
 212 0114 7D       		.sleb128 -3
 213 0115 07       		.uleb128 0x7
 214 0116 D5040000 		.4byte	.LASF27
 215 011a 7C       		.sleb128 -4
 216 011b 07       		.uleb128 0x7
 217 011c 30010000 		.4byte	.LASF28
 218 0120 7B       		.sleb128 -5
 219 0121 07       		.uleb128 0x7
 220 0122 65000000 		.4byte	.LASF29
 221 0126 7A       		.sleb128 -6
 222 0127 07       		.uleb128 0x7
 223 0128 BA010000 		.4byte	.LASF30
 224 012c 79       		.sleb128 -7
 225 012d 07       		.uleb128 0x7
 226 012e 58030000 		.4byte	.LASF31
 227 0132 78       		.sleb128 -8
 228 0133 07       		.uleb128 0x7
ARM GAS  C:\Users\VIKRAM~1\AppData\Local\Temp\ccA5ILhu.s 			page 6


 229 0134 93020000 		.4byte	.LASF32
 230 0138 77       		.sleb128 -9
 231 0139 07       		.uleb128 0x7
 232 013a CC010000 		.4byte	.LASF33
 233 013e 76       		.sleb128 -10
 234 013f 07       		.uleb128 0x7
 235 0140 02050000 		.4byte	.LASF34
 236 0144 75       		.sleb128 -11
 237 0145 07       		.uleb128 0x7
 238 0146 64020000 		.4byte	.LASF35
 239 014a 74       		.sleb128 -12
 240 014b 07       		.uleb128 0x7
 241 014c 61040000 		.4byte	.LASF36
 242 0150 73       		.sleb128 -13
 243 0151 07       		.uleb128 0x7
 244 0152 11000000 		.4byte	.LASF37
 245 0156 72       		.sleb128 -14
 246 0157 07       		.uleb128 0x7
 247 0158 47000000 		.4byte	.LASF38
 248 015c 71       		.sleb128 -15
 249 015d 07       		.uleb128 0x7
 250 015e E4010000 		.4byte	.LASF39
 251 0162 70       		.sleb128 -16
 252 0163 07       		.uleb128 0x7
 253 0164 AA000000 		.4byte	.LASF40
 254 0168 6F       		.sleb128 -17
 255 0169 07       		.uleb128 0x7
 256 016a 76000000 		.4byte	.LASF41
 257 016e 6E       		.sleb128 -18
 258 016f 07       		.uleb128 0x7
 259 0170 8D010000 		.4byte	.LASF42
 260 0174 6D       		.sleb128 -19
 261 0175 07       		.uleb128 0x7
 262 0176 21020000 		.4byte	.LASF43
 263 017a 6C       		.sleb128 -20
 264 017b 07       		.uleb128 0x7
 265 017c F5010000 		.4byte	.LASF44
 266 0180 6B       		.sleb128 -21
 267 0181 07       		.uleb128 0x7
 268 0182 8D040000 		.4byte	.LASF45
 269 0186 6A       		.sleb128 -22
 270 0187 07       		.uleb128 0x7
 271 0188 EB000000 		.4byte	.LASF46
 272 018c 69       		.sleb128 -23
 273 018d 07       		.uleb128 0x7
 274 018e A0010000 		.4byte	.LASF47
 275 0192 68       		.sleb128 -24
 276 0193 07       		.uleb128 0x7
 277 0194 45010000 		.4byte	.LASF48
 278 0198 67       		.sleb128 -25
 279 0199 00       		.byte	0
 280 019a 03       		.uleb128 0x3
 281 019b FD040000 		.4byte	.LASF49
 282 019f 06       		.byte	0x6
 283 01a0 EA       		.byte	0xea
 284 01a1 F1000000 		.4byte	0xf1
 285 01a5 08       		.uleb128 0x8
ARM GAS  C:\Users\VIKRAM~1\AppData\Local\Temp\ccA5ILhu.s 			page 7


 286 01a6 01       		.byte	0x1
 287 01a7 07       		.byte	0x7
 288 01a8 21       		.byte	0x21
 289 01a9 BA010000 		.4byte	0x1ba
 290 01ad 09       		.uleb128 0x9
 291 01ae 00000000 		.4byte	.LASF67
 292 01b2 07       		.byte	0x7
 293 01b3 23       		.byte	0x23
 294 01b4 81000000 		.4byte	0x81
 295 01b8 00       		.byte	0
 296 01b9 00       		.byte	0
 297 01ba 03       		.uleb128 0x3
 298 01bb A6040000 		.4byte	.LASF50
 299 01bf 07       		.byte	0x7
 300 01c0 26       		.byte	0x26
 301 01c1 A5010000 		.4byte	0x1a5
 302 01c5 0A       		.uleb128 0xa
 303 01c6 6C010000 		.4byte	.LASF68
 304 01ca 01       		.byte	0x1
 305 01cb 37000000 		.4byte	0x37
 306 01cf 0D       		.byte	0xd
 307 01d0 5A       		.byte	0x5a
 308 01d1 EE010000 		.4byte	0x1ee
 309 01d5 06       		.uleb128 0x6
 310 01d6 CD040000 		.4byte	.LASF51
 311 01da 00       		.byte	0
 312 01db 06       		.uleb128 0x6
 313 01dc 7A020000 		.4byte	.LASF52
 314 01e0 01       		.byte	0x1
 315 01e1 06       		.uleb128 0x6
 316 01e2 81030000 		.4byte	.LASF53
 317 01e6 02       		.byte	0x2
 318 01e7 06       		.uleb128 0x6
 319 01e8 7B040000 		.4byte	.LASF54
 320 01ec 03       		.byte	0x3
 321 01ed 00       		.byte	0
 322 01ee 0B       		.uleb128 0xb
 323 01ef BE000000 		.4byte	.LASF69
 324 01f3 01       		.byte	0x1
 325 01f4 28       		.byte	0x28
 326 01f5 9A010000 		.4byte	0x19a
 327 01f9 00000000 		.4byte	.LFB110
 328 01fd 1E000000 		.4byte	.LFE110-.LFB110
 329 0201 01       		.uleb128 0x1
 330 0202 9C       		.byte	0x9c
 331 0203 47020000 		.4byte	0x247
 332 0207 0C       		.uleb128 0xc
 333 0208 8B030000 		.4byte	.LASF70
 334 020c 01       		.byte	0x1
 335 020d 28       		.byte	0x28
 336 020e 52020000 		.4byte	0x252
 337 0212 00000000 		.4byte	.LLST0
 338 0216 0D       		.uleb128 0xd
 339 0217 0A000000 		.4byte	.LVL2
 340 021b 9F020000 		.4byte	0x29f
 341 021f 0E       		.uleb128 0xe
 342 0220 12000000 		.4byte	.LVL3
ARM GAS  C:\Users\VIKRAM~1\AppData\Local\Temp\ccA5ILhu.s 			page 8


 343 0224 AA020000 		.4byte	0x2aa
 344 0228 32020000 		.4byte	0x232
 345 022c 0F       		.uleb128 0xf
 346 022d 01       		.uleb128 0x1
 347 022e 50       		.byte	0x50
 348 022f 01       		.uleb128 0x1
 349 0230 30       		.byte	0x30
 350 0231 00       		.byte	0
 351 0232 10       		.uleb128 0x10
 352 0233 1A000000 		.4byte	.LVL4
 353 0237 B5020000 		.4byte	0x2b5
 354 023b 0F       		.uleb128 0xf
 355 023c 01       		.uleb128 0x1
 356 023d 50       		.byte	0x50
 357 023e 01       		.uleb128 0x1
 358 023f 30       		.byte	0x30
 359 0240 0F       		.uleb128 0xf
 360 0241 01       		.uleb128 0x1
 361 0242 51       		.byte	0x51
 362 0243 01       		.uleb128 0x1
 363 0244 30       		.byte	0x30
 364 0245 00       		.byte	0
 365 0246 00       		.byte	0
 366 0247 11       		.uleb128 0x11
 367 0248 04       		.byte	0x4
 368 0249 4D020000 		.4byte	0x24d
 369 024d 12       		.uleb128 0x12
 370 024e BA010000 		.4byte	0x1ba
 371 0252 12       		.uleb128 0x12
 372 0253 47020000 		.4byte	0x247
 373 0257 13       		.uleb128 0x13
 374 0258 E5040000 		.4byte	.LASF55
 375 025c 08       		.byte	0x8
 376 025d 40       		.byte	0x40
 377 025e C9000000 		.4byte	0xc9
 378 0262 13       		.uleb128 0x13
 379 0263 74010000 		.4byte	.LASF56
 380 0267 08       		.byte	0x8
 381 0268 47       		.byte	0x47
 382 0269 D4000000 		.4byte	0xd4
 383 026d 13       		.uleb128 0x13
 384 026e 20040000 		.4byte	.LASF57
 385 0272 08       		.byte	0x8
 386 0273 4A       		.byte	0x4a
 387 0274 C9000000 		.4byte	0xc9
 388 0278 13       		.uleb128 0x13
 389 0279 17010000 		.4byte	.LASF58
 390 027d 09       		.byte	0x9
 391 027e 48       		.byte	0x48
 392 027f DF000000 		.4byte	0xdf
 393 0283 13       		.uleb128 0x13
 394 0284 02010000 		.4byte	.LASF59
 395 0288 0A       		.byte	0xa
 396 0289 44       		.byte	0x44
 397 028a C9000000 		.4byte	0xc9
 398 028e 14       		.uleb128 0x14
 399 028f B7040000 		.4byte	.LASF60
ARM GAS  C:\Users\VIKRAM~1\AppData\Local\Temp\ccA5ILhu.s 			page 9


 400 0293 0B       		.byte	0xb
 401 0294 1207     		.2byte	0x712
 402 0296 9A020000 		.4byte	0x29a
 403 029a 15       		.uleb128 0x15
 404 029b 8C000000 		.4byte	0x8c
 405 029f 16       		.uleb128 0x16
 406 02a0 2F000000 		.4byte	.LASF61
 407 02a4 2F000000 		.4byte	.LASF61
 408 02a8 0C       		.byte	0xc
 409 02a9 C3       		.byte	0xc3
 410 02aa 16       		.uleb128 0x16
 411 02ab 75030000 		.4byte	.LASF62
 412 02af 75030000 		.4byte	.LASF62
 413 02b3 0D       		.byte	0xd
 414 02b4 A3       		.byte	0xa3
 415 02b5 16       		.uleb128 0x16
 416 02b6 72020000 		.4byte	.LASF63
 417 02ba 72020000 		.4byte	.LASF63
 418 02be 0D       		.byte	0xd
 419 02bf 95       		.byte	0x95
 420 02c0 00       		.byte	0
 421              		.section	.debug_abbrev,"",%progbits
 422              	.Ldebug_abbrev0:
 423 0000 01       		.uleb128 0x1
 424 0001 11       		.uleb128 0x11
 425 0002 01       		.byte	0x1
 426 0003 25       		.uleb128 0x25
 427 0004 0E       		.uleb128 0xe
 428 0005 13       		.uleb128 0x13
 429 0006 0B       		.uleb128 0xb
 430 0007 03       		.uleb128 0x3
 431 0008 0E       		.uleb128 0xe
 432 0009 1B       		.uleb128 0x1b
 433 000a 0E       		.uleb128 0xe
 434 000b 55       		.uleb128 0x55
 435 000c 17       		.uleb128 0x17
 436 000d 11       		.uleb128 0x11
 437 000e 01       		.uleb128 0x1
 438 000f 10       		.uleb128 0x10
 439 0010 17       		.uleb128 0x17
 440 0011 00       		.byte	0
 441 0012 00       		.byte	0
 442 0013 02       		.uleb128 0x2
 443 0014 24       		.uleb128 0x24
 444 0015 00       		.byte	0
 445 0016 0B       		.uleb128 0xb
 446 0017 0B       		.uleb128 0xb
 447 0018 3E       		.uleb128 0x3e
 448 0019 0B       		.uleb128 0xb
 449 001a 03       		.uleb128 0x3
 450 001b 0E       		.uleb128 0xe
 451 001c 00       		.byte	0
 452 001d 00       		.byte	0
 453 001e 03       		.uleb128 0x3
 454 001f 16       		.uleb128 0x16
 455 0020 00       		.byte	0
 456 0021 03       		.uleb128 0x3
ARM GAS  C:\Users\VIKRAM~1\AppData\Local\Temp\ccA5ILhu.s 			page 10


 457 0022 0E       		.uleb128 0xe
 458 0023 3A       		.uleb128 0x3a
 459 0024 0B       		.uleb128 0xb
 460 0025 3B       		.uleb128 0x3b
 461 0026 0B       		.uleb128 0xb
 462 0027 49       		.uleb128 0x49
 463 0028 13       		.uleb128 0x13
 464 0029 00       		.byte	0
 465 002a 00       		.byte	0
 466 002b 04       		.uleb128 0x4
 467 002c 24       		.uleb128 0x24
 468 002d 00       		.byte	0
 469 002e 0B       		.uleb128 0xb
 470 002f 0B       		.uleb128 0xb
 471 0030 3E       		.uleb128 0x3e
 472 0031 0B       		.uleb128 0xb
 473 0032 03       		.uleb128 0x3
 474 0033 08       		.uleb128 0x8
 475 0034 00       		.byte	0
 476 0035 00       		.byte	0
 477 0036 05       		.uleb128 0x5
 478 0037 04       		.uleb128 0x4
 479 0038 01       		.byte	0x1
 480 0039 0B       		.uleb128 0xb
 481 003a 0B       		.uleb128 0xb
 482 003b 49       		.uleb128 0x49
 483 003c 13       		.uleb128 0x13
 484 003d 3A       		.uleb128 0x3a
 485 003e 0B       		.uleb128 0xb
 486 003f 3B       		.uleb128 0x3b
 487 0040 0B       		.uleb128 0xb
 488 0041 01       		.uleb128 0x1
 489 0042 13       		.uleb128 0x13
 490 0043 00       		.byte	0
 491 0044 00       		.byte	0
 492 0045 06       		.uleb128 0x6
 493 0046 28       		.uleb128 0x28
 494 0047 00       		.byte	0
 495 0048 03       		.uleb128 0x3
 496 0049 0E       		.uleb128 0xe
 497 004a 1C       		.uleb128 0x1c
 498 004b 0B       		.uleb128 0xb
 499 004c 00       		.byte	0
 500 004d 00       		.byte	0
 501 004e 07       		.uleb128 0x7
 502 004f 28       		.uleb128 0x28
 503 0050 00       		.byte	0
 504 0051 03       		.uleb128 0x3
 505 0052 0E       		.uleb128 0xe
 506 0053 1C       		.uleb128 0x1c
 507 0054 0D       		.uleb128 0xd
 508 0055 00       		.byte	0
 509 0056 00       		.byte	0
 510 0057 08       		.uleb128 0x8
 511 0058 13       		.uleb128 0x13
 512 0059 01       		.byte	0x1
 513 005a 0B       		.uleb128 0xb
ARM GAS  C:\Users\VIKRAM~1\AppData\Local\Temp\ccA5ILhu.s 			page 11


 514 005b 0B       		.uleb128 0xb
 515 005c 3A       		.uleb128 0x3a
 516 005d 0B       		.uleb128 0xb
 517 005e 3B       		.uleb128 0x3b
 518 005f 0B       		.uleb128 0xb
 519 0060 01       		.uleb128 0x1
 520 0061 13       		.uleb128 0x13
 521 0062 00       		.byte	0
 522 0063 00       		.byte	0
 523 0064 09       		.uleb128 0x9
 524 0065 0D       		.uleb128 0xd
 525 0066 00       		.byte	0
 526 0067 03       		.uleb128 0x3
 527 0068 0E       		.uleb128 0xe
 528 0069 3A       		.uleb128 0x3a
 529 006a 0B       		.uleb128 0xb
 530 006b 3B       		.uleb128 0x3b
 531 006c 0B       		.uleb128 0xb
 532 006d 49       		.uleb128 0x49
 533 006e 13       		.uleb128 0x13
 534 006f 38       		.uleb128 0x38
 535 0070 0B       		.uleb128 0xb
 536 0071 00       		.byte	0
 537 0072 00       		.byte	0
 538 0073 0A       		.uleb128 0xa
 539 0074 04       		.uleb128 0x4
 540 0075 01       		.byte	0x1
 541 0076 03       		.uleb128 0x3
 542 0077 0E       		.uleb128 0xe
 543 0078 0B       		.uleb128 0xb
 544 0079 0B       		.uleb128 0xb
 545 007a 49       		.uleb128 0x49
 546 007b 13       		.uleb128 0x13
 547 007c 3A       		.uleb128 0x3a
 548 007d 0B       		.uleb128 0xb
 549 007e 3B       		.uleb128 0x3b
 550 007f 0B       		.uleb128 0xb
 551 0080 01       		.uleb128 0x1
 552 0081 13       		.uleb128 0x13
 553 0082 00       		.byte	0
 554 0083 00       		.byte	0
 555 0084 0B       		.uleb128 0xb
 556 0085 2E       		.uleb128 0x2e
 557 0086 01       		.byte	0x1
 558 0087 3F       		.uleb128 0x3f
 559 0088 19       		.uleb128 0x19
 560 0089 03       		.uleb128 0x3
 561 008a 0E       		.uleb128 0xe
 562 008b 3A       		.uleb128 0x3a
 563 008c 0B       		.uleb128 0xb
 564 008d 3B       		.uleb128 0x3b
 565 008e 0B       		.uleb128 0xb
 566 008f 27       		.uleb128 0x27
 567 0090 19       		.uleb128 0x19
 568 0091 49       		.uleb128 0x49
 569 0092 13       		.uleb128 0x13
 570 0093 11       		.uleb128 0x11
ARM GAS  C:\Users\VIKRAM~1\AppData\Local\Temp\ccA5ILhu.s 			page 12


 571 0094 01       		.uleb128 0x1
 572 0095 12       		.uleb128 0x12
 573 0096 06       		.uleb128 0x6
 574 0097 40       		.uleb128 0x40
 575 0098 18       		.uleb128 0x18
 576 0099 9742     		.uleb128 0x2117
 577 009b 19       		.uleb128 0x19
 578 009c 01       		.uleb128 0x1
 579 009d 13       		.uleb128 0x13
 580 009e 00       		.byte	0
 581 009f 00       		.byte	0
 582 00a0 0C       		.uleb128 0xc
 583 00a1 05       		.uleb128 0x5
 584 00a2 00       		.byte	0
 585 00a3 03       		.uleb128 0x3
 586 00a4 0E       		.uleb128 0xe
 587 00a5 3A       		.uleb128 0x3a
 588 00a6 0B       		.uleb128 0xb
 589 00a7 3B       		.uleb128 0x3b
 590 00a8 0B       		.uleb128 0xb
 591 00a9 49       		.uleb128 0x49
 592 00aa 13       		.uleb128 0x13
 593 00ab 02       		.uleb128 0x2
 594 00ac 17       		.uleb128 0x17
 595 00ad 00       		.byte	0
 596 00ae 00       		.byte	0
 597 00af 0D       		.uleb128 0xd
 598 00b0 898201   		.uleb128 0x4109
 599 00b3 00       		.byte	0
 600 00b4 11       		.uleb128 0x11
 601 00b5 01       		.uleb128 0x1
 602 00b6 31       		.uleb128 0x31
 603 00b7 13       		.uleb128 0x13
 604 00b8 00       		.byte	0
 605 00b9 00       		.byte	0
 606 00ba 0E       		.uleb128 0xe
 607 00bb 898201   		.uleb128 0x4109
 608 00be 01       		.byte	0x1
 609 00bf 11       		.uleb128 0x11
 610 00c0 01       		.uleb128 0x1
 611 00c1 31       		.uleb128 0x31
 612 00c2 13       		.uleb128 0x13
 613 00c3 01       		.uleb128 0x1
 614 00c4 13       		.uleb128 0x13
 615 00c5 00       		.byte	0
 616 00c6 00       		.byte	0
 617 00c7 0F       		.uleb128 0xf
 618 00c8 8A8201   		.uleb128 0x410a
 619 00cb 00       		.byte	0
 620 00cc 02       		.uleb128 0x2
 621 00cd 18       		.uleb128 0x18
 622 00ce 9142     		.uleb128 0x2111
 623 00d0 18       		.uleb128 0x18
 624 00d1 00       		.byte	0
 625 00d2 00       		.byte	0
 626 00d3 10       		.uleb128 0x10
 627 00d4 898201   		.uleb128 0x4109
ARM GAS  C:\Users\VIKRAM~1\AppData\Local\Temp\ccA5ILhu.s 			page 13


 628 00d7 01       		.byte	0x1
 629 00d8 11       		.uleb128 0x11
 630 00d9 01       		.uleb128 0x1
 631 00da 31       		.uleb128 0x31
 632 00db 13       		.uleb128 0x13
 633 00dc 00       		.byte	0
 634 00dd 00       		.byte	0
 635 00de 11       		.uleb128 0x11
 636 00df 0F       		.uleb128 0xf
 637 00e0 00       		.byte	0
 638 00e1 0B       		.uleb128 0xb
 639 00e2 0B       		.uleb128 0xb
 640 00e3 49       		.uleb128 0x49
 641 00e4 13       		.uleb128 0x13
 642 00e5 00       		.byte	0
 643 00e6 00       		.byte	0
 644 00e7 12       		.uleb128 0x12
 645 00e8 26       		.uleb128 0x26
 646 00e9 00       		.byte	0
 647 00ea 49       		.uleb128 0x49
 648 00eb 13       		.uleb128 0x13
 649 00ec 00       		.byte	0
 650 00ed 00       		.byte	0
 651 00ee 13       		.uleb128 0x13
 652 00ef 34       		.uleb128 0x34
 653 00f0 00       		.byte	0
 654 00f1 03       		.uleb128 0x3
 655 00f2 0E       		.uleb128 0xe
 656 00f3 3A       		.uleb128 0x3a
 657 00f4 0B       		.uleb128 0xb
 658 00f5 3B       		.uleb128 0x3b
 659 00f6 0B       		.uleb128 0xb
 660 00f7 49       		.uleb128 0x49
 661 00f8 13       		.uleb128 0x13
 662 00f9 3F       		.uleb128 0x3f
 663 00fa 19       		.uleb128 0x19
 664 00fb 3C       		.uleb128 0x3c
 665 00fc 19       		.uleb128 0x19
 666 00fd 00       		.byte	0
 667 00fe 00       		.byte	0
 668 00ff 14       		.uleb128 0x14
 669 0100 34       		.uleb128 0x34
 670 0101 00       		.byte	0
 671 0102 03       		.uleb128 0x3
 672 0103 0E       		.uleb128 0xe
 673 0104 3A       		.uleb128 0x3a
 674 0105 0B       		.uleb128 0xb
 675 0106 3B       		.uleb128 0x3b
 676 0107 05       		.uleb128 0x5
 677 0108 49       		.uleb128 0x49
 678 0109 13       		.uleb128 0x13
 679 010a 3F       		.uleb128 0x3f
 680 010b 19       		.uleb128 0x19
 681 010c 3C       		.uleb128 0x3c
 682 010d 19       		.uleb128 0x19
 683 010e 00       		.byte	0
 684 010f 00       		.byte	0
ARM GAS  C:\Users\VIKRAM~1\AppData\Local\Temp\ccA5ILhu.s 			page 14


 685 0110 15       		.uleb128 0x15
 686 0111 35       		.uleb128 0x35
 687 0112 00       		.byte	0
 688 0113 49       		.uleb128 0x49
 689 0114 13       		.uleb128 0x13
 690 0115 00       		.byte	0
 691 0116 00       		.byte	0
 692 0117 16       		.uleb128 0x16
 693 0118 2E       		.uleb128 0x2e
 694 0119 00       		.byte	0
 695 011a 3F       		.uleb128 0x3f
 696 011b 19       		.uleb128 0x19
 697 011c 3C       		.uleb128 0x3c
 698 011d 19       		.uleb128 0x19
 699 011e 6E       		.uleb128 0x6e
 700 011f 0E       		.uleb128 0xe
 701 0120 03       		.uleb128 0x3
 702 0121 0E       		.uleb128 0xe
 703 0122 3A       		.uleb128 0x3a
 704 0123 0B       		.uleb128 0xb
 705 0124 3B       		.uleb128 0x3b
 706 0125 0B       		.uleb128 0xb
 707 0126 00       		.byte	0
 708 0127 00       		.byte	0
 709 0128 00       		.byte	0
 710              		.section	.debug_loc,"",%progbits
 711              	.Ldebug_loc0:
 712              	.LLST0:
 713 0000 00000000 		.4byte	.LVL0
 714 0004 04000000 		.4byte	.LVL1
 715 0008 0100     		.2byte	0x1
 716 000a 50       		.byte	0x50
 717 000b 04000000 		.4byte	.LVL1
 718 000f 1E000000 		.4byte	.LFE110
 719 0013 0400     		.2byte	0x4
 720 0015 F3       		.byte	0xf3
 721 0016 01       		.uleb128 0x1
 722 0017 50       		.byte	0x50
 723 0018 9F       		.byte	0x9f
 724 0019 00000000 		.4byte	0
 725 001d 00000000 		.4byte	0
 726              		.section	.debug_aranges,"",%progbits
 727 0000 1C000000 		.4byte	0x1c
 728 0004 0200     		.2byte	0x2
 729 0006 00000000 		.4byte	.Ldebug_info0
 730 000a 04       		.byte	0x4
 731 000b 00       		.byte	0
 732 000c 0000     		.2byte	0
 733 000e 0000     		.2byte	0
 734 0010 00000000 		.4byte	.LFB110
 735 0014 1E000000 		.4byte	.LFE110-.LFB110
 736 0018 00000000 		.4byte	0
 737 001c 00000000 		.4byte	0
 738              		.section	.debug_ranges,"",%progbits
 739              	.Ldebug_ranges0:
 740 0000 00000000 		.4byte	.LFB110
 741 0004 1E000000 		.4byte	.LFE110
ARM GAS  C:\Users\VIKRAM~1\AppData\Local\Temp\ccA5ILhu.s 			page 15


 742 0008 00000000 		.4byte	0
 743 000c 00000000 		.4byte	0
 744              		.section	.debug_line,"",%progbits
 745              	.Ldebug_line0:
 746 0000 62020000 		.section	.debug_str,"MS",%progbits,1
 746      02004802 
 746      00000201 
 746      FB0E0D00 
 746      01010101 
 747              	.LASF67:
 748 0000 656E6769 		.ascii	"engineLightValue\000"
 748      6E654C69 
 748      67687456 
 748      616C7565 
 748      00
 749              	.LASF37:
 750 0011 52435F45 		.ascii	"RC_ERROR_READ_ONLY\000"
 750      52524F52 
 750      5F524541 
 750      445F4F4E 
 750      4C5900
 751              	.LASF23:
 752 0024 52435F53 		.ascii	"RC_SUCCESS\000"
 752      55434345 
 752      535300
 753              	.LASF61:
 754 002f 456E6769 		.ascii	"Engine_PWM_WriteCompare\000"
 754      6E655F50 
 754      574D5F57 
 754      72697465 
 754      436F6D70 
 755              	.LASF38:
 756 0047 52435F45 		.ascii	"RC_ERROR_WRITE_ONLY\000"
 756      52524F52 
 756      5F575249 
 756      54455F4F 
 756      4E4C5900 
 757              	.LASF2:
 758 005b 73686F72 		.ascii	"short int\000"
 758      7420696E 
 758      7400
 759              	.LASF29:
 760 0065 52435F45 		.ascii	"RC_ERROR_OVERRUN\000"
 760      52524F52 
 760      5F4F5645 
 760      5252554E 
 760      00
 761              	.LASF41:
 762 0076 52435F45 		.ascii	"RC_ERROR_WRITE_FAILS\000"
 762      52524F52 
 762      5F575249 
 762      54455F46 
 762      41494C53 
 763              	.LASF22:
 764 008b 73697A65 		.ascii	"sizetype\000"
 764      74797065 
 764      00
ARM GAS  C:\Users\VIKRAM~1\AppData\Local\Temp\ccA5ILhu.s 			page 16


 765              	.LASF26:
 766 0094 52435F45 		.ascii	"RC_ERROR_ZERO\000"
 766      52524F52 
 766      5F5A4552 
 766      4F00
 767              	.LASF20:
 768 00a2 45455F46 		.ascii	"EE_FREG\000"
 768      52454700 
 769              	.LASF40:
 770 00aa 52435F45 		.ascii	"RC_ERROR_READ_FAILS\000"
 770      52524F52 
 770      5F524541 
 770      445F4641 
 770      494C5300 
 771              	.LASF69:
 772 00be 53435F45 		.ascii	"SC_ENGINE_driverOut\000"
 772      4E47494E 
 772      455F6472 
 772      69766572 
 772      4F757400 
 773              	.LASF18:
 774 00d2 45455F55 		.ascii	"EE_UINT32\000"
 774      494E5433 
 774      3200
 775              	.LASF21:
 776 00dc 45455F54 		.ascii	"EE_TID\000"
 776      494400
 777              	.LASF11:
 778 00e3 75696E74 		.ascii	"uint8_t\000"
 778      385F7400 
 779              	.LASF46:
 780 00eb 52435F45 		.ascii	"RC_ERROR_INVALID_STATE\000"
 780      52524F52 
 780      5F494E56 
 780      414C4944 
 780      5F535441 
 781              	.LASF59:
 782 0102 45455F49 		.ascii	"EE_IRQ_nesting_level\000"
 782      52515F6E 
 782      65737469 
 782      6E675F6C 
 782      6576656C 
 783              	.LASF58:
 784 0117 45455F73 		.ascii	"EE_std_endcycle_next_tid\000"
 784      74645F65 
 784      6E646379 
 784      636C655F 
 784      6E657874 
 785              	.LASF28:
 786 0130 52435F45 		.ascii	"RC_ERROR_RANGE\000"
 786      52524F52 
 786      5F52414E 
 786      474500
 787              	.LASF13:
 788 013f 666C6F61 		.ascii	"float\000"
 788      7400
 789              	.LASF48:
ARM GAS  C:\Users\VIKRAM~1\AppData\Local\Temp\ccA5ILhu.s 			page 17


 790 0145 52435F45 		.ascii	"RC_ERROR_NOT_IMPLEMENTED\000"
 790      52524F52 
 790      5F4E4F54 
 790      5F494D50 
 790      4C454D45 
 791              	.LASF8:
 792 015e 6C6F6E67 		.ascii	"long long int\000"
 792      206C6F6E 
 792      6720696E 
 792      7400
 793              	.LASF68:
 794 016c 654C4544 		.ascii	"eLED_id\000"
 794      5F696400 
 795              	.LASF56:
 796 0174 45455F6F 		.ascii	"EE_oo_IRQ_suspend_status\000"
 796      6F5F4952 
 796      515F7375 
 796      7370656E 
 796      645F7374 
 797              	.LASF42:
 798 018d 52435F45 		.ascii	"RC_ERROR_NOT_MATCH\000"
 798      52524F52 
 798      5F4E4F54 
 798      5F4D4154 
 798      434800
 799              	.LASF47:
 800 01a0 52435F45 		.ascii	"RC_ERROR_UNKNOWN\000"
 800      52524F52 
 800      5F554E4B 
 800      4E4F574E 
 800      00
 801              	.LASF6:
 802 01b1 6C6F6E67 		.ascii	"long int\000"
 802      20696E74 
 802      00
 803              	.LASF30:
 804 01ba 52435F45 		.ascii	"RC_ERROR_UNDERRUN\000"
 804      52524F52 
 804      5F554E44 
 804      45525255 
 804      4E00
 805              	.LASF33:
 806 01cc 52435F45 		.ascii	"RC_ERROR_BUSY\000"
 806      52524F52 
 806      5F425553 
 806      5900
 807              	.LASF4:
 808 01da 5F5F7569 		.ascii	"__uint8_t\000"
 808      6E74385F 
 808      7400
 809              	.LASF39:
 810 01e4 52435F45 		.ascii	"RC_ERROR_INVALID\000"
 810      52524F52 
 810      5F494E56 
 810      414C4944 
 810      00
 811              	.LASF44:
ARM GAS  C:\Users\VIKRAM~1\AppData\Local\Temp\ccA5ILhu.s 			page 18


 812 01f5 52435F45 		.ascii	"RC_ERROR_BAD_DATA\000"
 812      52524F52 
 812      5F424144 
 812      5F444154 
 812      4100
 813              	.LASF16:
 814 0207 6C6F6E67 		.ascii	"long double\000"
 814      20646F75 
 814      626C6500 
 815              	.LASF1:
 816 0213 756E7369 		.ascii	"unsigned char\000"
 816      676E6564 
 816      20636861 
 816      7200
 817              	.LASF43:
 818 0221 52435F45 		.ascii	"RC_ERROR_BAD_PARAM\000"
 818      52524F52 
 818      5F424144 
 818      5F504152 
 818      414D00
 819              	.LASF0:
 820 0234 7369676E 		.ascii	"signed char\000"
 820      65642063 
 820      68617200 
 821              	.LASF9:
 822 0240 6C6F6E67 		.ascii	"long long unsigned int\000"
 822      206C6F6E 
 822      6720756E 
 822      7369676E 
 822      65642069 
 823              	.LASF10:
 824 0257 756E7369 		.ascii	"unsigned int\000"
 824      676E6564 
 824      20696E74 
 824      00
 825              	.LASF35:
 826 0264 52435F45 		.ascii	"RC_ERROR_OPEN\000"
 826      52524F52 
 826      5F4F5045 
 826      4E00
 827              	.LASF63:
 828 0272 4C45445F 		.ascii	"LED_Set\000"
 828      53657400 
 829              	.LASF52:
 830 027a 4C45445F 		.ascii	"LED_YELLOW\000"
 830      59454C4C 
 830      4F5700
 831              	.LASF25:
 832 0285 52435F45 		.ascii	"RC_ERROR_NULL\000"
 832      52524F52 
 832      5F4E554C 
 832      4C00
 833              	.LASF32:
 834 0293 52435F45 		.ascii	"RC_ERROR_BUFFER_EMTPY\000"
 834      52524F52 
 834      5F425546 
 834      4645525F 
ARM GAS  C:\Users\VIKRAM~1\AppData\Local\Temp\ccA5ILhu.s 			page 19


 834      454D5450 
 835              	.LASF17:
 836 02a9 45455F49 		.ascii	"EE_INT32\000"
 836      4E543332 
 836      00
 837              	.LASF3:
 838 02b2 73686F72 		.ascii	"short unsigned int\000"
 838      7420756E 
 838      7369676E 
 838      65642069 
 838      6E7400
 839              	.LASF64:
 840 02c5 474E5520 		.ascii	"GNU C11 5.4.1 20160609 (release) [ARM/embedded-5-br"
 840      43313120 
 840      352E342E 
 840      31203230 
 840      31363036 
 841 02f8 616E6368 		.ascii	"anch revision 237715] -mcpu=cortex-m3 -mthumb -g -O"
 841      20726576 
 841      6973696F 
 841      6E203233 
 841      37373135 
 842 032b 67202D66 		.ascii	"g -ffunction-sections -ffat-lto-objects\000"
 842      66756E63 
 842      74696F6E 
 842      2D736563 
 842      74696F6E 
 843              	.LASF15:
 844 0353 63686172 		.ascii	"char\000"
 844      00
 845              	.LASF31:
 846 0358 52435F45 		.ascii	"RC_ERROR_BUFFER_FULL\000"
 846      52524F52 
 846      5F425546 
 846      4645525F 
 846      46554C4C 
 847              	.LASF12:
 848 036d 696E7433 		.ascii	"int32_t\000"
 848      325F7400 
 849              	.LASF62:
 850 0375 4C45445F 		.ascii	"LED_RGB_Set\000"
 850      5247425F 
 850      53657400 
 851              	.LASF53:
 852 0381 4C45445F 		.ascii	"LED_GREEN\000"
 852      47524545 
 852      4E00
 853              	.LASF70:
 854 038b 64617461 		.ascii	"data\000"
 854      00
 855              	.LASF66:
 856 0390 433A5C55 		.ascii	"C:\\Users\\Vikram Vadhirajan\\OneDrive - LearnMSO\\"
 856      73657273 
 856      5C56696B 
 856      72616D20 
 856      56616468 
 857 03bf 5072616A 		.ascii	"Praju_Docs\\Semester_2\\EAA\\Lab\\PSOC_Creator\\Lab"
ARM GAS  C:\Users\VIKRAM~1\AppData\Local\Temp\ccA5ILhu.s 			page 20


 857      755F446F 
 857      63735C53 
 857      656D6573 
 857      7465725F 
 858 03ed 5C4C6162 		.ascii	"\\Lab1\\Lab1_Assignment_GasPedal\\Lab1_GasPedal.cyd"
 858      315C4C61 
 858      62315F41 
 858      73736967 
 858      6E6D656E 
 859 041d 736E00   		.ascii	"sn\000"
 860              	.LASF57:
 861 0420 45455F41 		.ascii	"EE_ApplicationMode\000"
 861      70706C69 
 861      63617469 
 861      6F6E4D6F 
 861      646500
 862              	.LASF7:
 863 0433 6C6F6E67 		.ascii	"long unsigned int\000"
 863      20756E73 
 863      69676E65 
 863      6420696E 
 863      7400
 864              	.LASF65:
 865 0445 736F7572 		.ascii	"source\\rte\\sc_engine_type.c\000"
 865      63655C72 
 865      74655C73 
 865      635F656E 
 865      67696E65 
 866              	.LASF36:
 867 0461 52435F45 		.ascii	"RC_ERROR_CHECKSUM\000"
 867      52524F52 
 867      5F434845 
 867      434B5355 
 867      4D00
 868              	.LASF19:
 869 0473 45455F55 		.ascii	"EE_UREG\000"
 869      52454700 
 870              	.LASF54:
 871 047b 4C45445F 		.ascii	"LED_ALL\000"
 871      414C4C00 
 872              	.LASF5:
 873 0483 5F5F696E 		.ascii	"__int32_t\000"
 873      7433325F 
 873      7400
 874              	.LASF45:
 875 048d 52435F45 		.ascii	"RC_ERROR_CANCELED\000"
 875      52524F52 
 875      5F43414E 
 875      43454C45 
 875      4400
 876              	.LASF14:
 877 049f 646F7562 		.ascii	"double\000"
 877      6C6500
 878              	.LASF50:
 879 04a6 53435F45 		.ascii	"SC_ENGINE_data_t\000"
 879      4E47494E 
 879      455F6461 
ARM GAS  C:\Users\VIKRAM~1\AppData\Local\Temp\ccA5ILhu.s 			page 21


 879      74615F74 
 879      00
 880              	.LASF60:
 881 04b7 49544D5F 		.ascii	"ITM_RxBuffer\000"
 881      52784275 
 881      66666572 
 881      00
 882              	.LASF24:
 883 04c4 52435F45 		.ascii	"RC_ERROR\000"
 883      52524F52 
 883      00
 884              	.LASF51:
 885 04cd 4C45445F 		.ascii	"LED_RED\000"
 885      52454400 
 886              	.LASF27:
 887 04d5 52435F45 		.ascii	"RC_ERROR_MEMORY\000"
 887      52524F52 
 887      5F4D454D 
 887      4F525900 
 888              	.LASF55:
 889 04e5 45455F6F 		.ascii	"EE_oo_IRQ_disable_count\000"
 889      6F5F4952 
 889      515F6469 
 889      7361626C 
 889      655F636F 
 890              	.LASF49:
 891 04fd 52435F74 		.ascii	"RC_t\000"
 891      00
 892              	.LASF34:
 893 0502 52435F45 		.ascii	"RC_ERROR_TIME_OUT\000"
 893      52524F52 
 893      5F54494D 
 893      455F4F55 
 893      5400
 894              		.ident	"GCC: (GNU Tools for ARM Embedded Processors) 5.4.1 20160609 (release) [ARM/embedded-5-bran
