ARM GAS  C:\Users\VIKRAM~1\AppData\Local\Temp\ccNjPi5v.s 			page 1


   1              		.syntax unified
   2              		.cpu cortex-m3
   3              		.fpu softvfp
   4              		.eabi_attribute 20, 1
   5              		.eabi_attribute 21, 1
   6              		.eabi_attribute 23, 3
   7              		.eabi_attribute 24, 1
   8              		.eabi_attribute 25, 1
   9              		.eabi_attribute 26, 1
  10              		.eabi_attribute 30, 1
  11              		.eabi_attribute 34, 1
  12              		.eabi_attribute 18, 4
  13              		.thumb
  14              		.syntax unified
  15              		.file	"sc_joystick.c"
  16              		.text
  17              	.Ltext0:
  18              		.cfi_sections	.debug_frame
  19              	.Letext0:
  20              		.section	.debug_line,"",%progbits
  21              	.Ldebug_line0:
  22              		.section	.debug_str,"MS",%progbits,1
  23              	.LASF0:
  24 0000 474E5520 		.ascii	"GNU C11 5.4.1 20160609 (release) [ARM/embedded-5-br"
  24      43313120 
  24      352E342E 
  24      31203230 
  24      31363036 
  25 0033 616E6368 		.ascii	"anch revision 237715] -mcpu=cortex-m3 -mthumb -g -O"
  25      20726576 
  25      6973696F 
  25      6E203233 
  25      37373135 
  26 0066 67202D66 		.ascii	"g -ffunction-sections -ffat-lto-objects\000"
  26      66756E63 
  26      74696F6E 
  26      2D736563 
  26      74696F6E 
  27              	.LASF1:
  28 008e 433A5C55 		.ascii	"C:\\Users\\Vikram Vadhirajan\\OneDrive - LearnMSO\\"
  28      73657273 
  28      5C56696B 
  28      72616D20 
  28      56616468 
  29 00bd 5072616A 		.ascii	"Praju_Docs\\Semester_2\\EAA\\Lab\\PSOC_Creator\\Lab"
  29      755F446F 
  29      63735C53 
  29      656D6573 
  29      7465725F 
  30 00eb 5C4C6162 		.ascii	"\\Lab1\\Lab1_Assignment_GasPedal\\Lab1_GasPedal.cyd"
  30      315C4C61 
  30      62315F41 
  30      73736967 
  30      6E6D656E 
  31 011b 736E00   		.ascii	"sn\000"
  32              	.LASF2:
  33 011e 736F7572 		.ascii	"source\\rte\\sc_joystick.c\000"
ARM GAS  C:\Users\VIKRAM~1\AppData\Local\Temp\ccNjPi5v.s 			page 2


  33      63655C72 
  33      74655C73 
  33      635F6A6F 
  33      79737469 
  34              		.ident	"GCC: (GNU Tools for ARM Embedded Processors) 5.4.1 20160609 (release) [ARM/embedded-5-bran
